Copyright 1986-2022 Xilinx, Inc. All Rights Reserved. Copyright 2022-2023 Advanced Micro Devices, Inc. All Rights Reserved.
---------------------------------------------------------------------------------------------------------------------------------------------
| Tool Version : Vivado v.2023.1 (win64) Build 3865809 Sun May  7 15:05:29 MDT 2023
| Date         : Sun Jul 20 18:32:19 2025
| Host         : DESKTOP-J5MV1M4 running 64-bit major release  (build 9200)
| Command      : report_control_sets -verbose -file zynq_ejemplo_wrapper_control_sets_placed.rpt
| Design       : zynq_ejemplo_wrapper
| Device       : xc7z010
---------------------------------------------------------------------------------------------------------------------------------------------

Control Set Information

Table of Contents
-----------------
1. Summary
2. Histogram
3. Flip-Flop Distribution
4. Detailed Control Set Information

1. Summary
----------

+----------------------------------------------------------+-------+
|                          Status                          | Count |
+----------------------------------------------------------+-------+
| Total control sets                                       |   102 |
|    Minimum number of control sets                        |   102 |
|    Addition due to synthesis replication                 |     0 |
|    Addition due to physical synthesis replication        |     0 |
| Unused register locations in slices containing registers |   306 |
+----------------------------------------------------------+-------+
* Control sets can be merged at opt_design using control_set_merge or merge_equivalent_drivers
** Run report_qor_suggestions for automated merging and remapping suggestions


2. Histogram
------------

+--------------------+-------+
|       Fanout       | Count |
+--------------------+-------+
| Total control sets |   102 |
| >= 0 to < 4        |     2 |
| >= 4 to < 6        |    34 |
| >= 6 to < 8        |     3 |
| >= 8 to < 10       |     3 |
| >= 10 to < 12      |     2 |
| >= 12 to < 14      |    15 |
| >= 14 to < 16      |    19 |
| >= 16              |    24 |
+--------------------+-------+
* Control sets can be remapped at either synth_design or opt_design


3. Flip-Flop Distribution
-------------------------

+--------------+-----------------------+------------------------+-----------------+--------------+
| Clock Enable | Synchronous Set/Reset | Asynchronous Set/Reset | Total Registers | Total Slices |
+--------------+-----------------------+------------------------+-----------------+--------------+
| No           | No                    | No                     |             161 |           59 |
| No           | No                    | Yes                    |               0 |            0 |
| No           | Yes                   | No                     |             123 |           53 |
| Yes          | No                    | No                     |             622 |          150 |
| Yes          | No                    | Yes                    |               0 |            0 |
| Yes          | Yes                   | No                     |             604 |          151 |
+--------------+-----------------------+------------------------+-----------------+--------------+


4. Detailed Control Set Information
-----------------------------------

+-----------------------------------------------------+------------------------------------------------------------------------------------------------------------------------------------------------------------------------------------------------------------------+-------------------------------------------------------------------------------------------------------------------------------------------------------------+------------------+----------------+--------------+
|                     Clock Signal                    |                                                                                                   Enable Signal                                                                                                  |                                                                       Set/Reset Signal                                                                      | Slice Load Count | Bel Load Count | Bels / Slice |
+-----------------------------------------------------+------------------------------------------------------------------------------------------------------------------------------------------------------------------------------------------------------------------+-------------------------------------------------------------------------------------------------------------------------------------------------------------+------------------+----------------+--------------+
|  zynq_ejemplo_i/processing_system7_0/inst/FCLK_CLK0 | zynq_ejemplo_i/axi_interconnect_0/m00_couplers/auto_pc/inst/gen_axilite.gen_b2s_conv.axilite_b2s/WR.b_channel_0/bid_fifo_0/bresp_push                                                                            |                                                                                                                                                             |                1 |              2 |         2.00 |
|  zynq_ejemplo_i/processing_system7_0/inst/FCLK_CLK0 | zynq_ejemplo_i/axi_interconnect_0/xbar/inst/gen_samd.crossbar_samd/gen_slave_slots[0].gen_si_write.wdata_router_w/wrouter_aw_fifo/gen_srls[0].gen_rep[1].srl_nx1/push                                            |                                                                                                                                                             |                1 |              2 |         2.00 |
|  zynq_ejemplo_i/processing_system7_0/inst/FCLK_CLK0 | zynq_ejemplo_i/axi_gpio_0/U0/AXI_LITE_IPIF_I/I_SLAVE_ATTACHMENT/bus2ip_addr_i[8]_i_1_n_0                                                                                                                         | zynq_ejemplo_i/axi_gpio_0/U0/AXI_LITE_IPIF_I/I_SLAVE_ATTACHMENT/SR[0]                                                                                       |                1 |              4 |         4.00 |
|  zynq_ejemplo_i/processing_system7_0/inst/FCLK_CLK0 | zynq_ejemplo_i/axi_interconnect_0/xbar/inst/gen_samd.crossbar_samd/gen_slave_slots[0].gen_si_write.si_transactor_aw/gen_multi_thread.arbiter_resp_inst/gen_multi_thread.gen_thread_loop[3].active_cnt_reg[27][0] | zynq_ejemplo_i/axi_interconnect_0/xbar/inst/gen_samd.crossbar_samd/gen_slave_slots[0].gen_si_read.si_transactor_ar/gen_multi_thread.arbiter_resp_inst/SR[0] |                1 |              4 |         4.00 |
|  zynq_ejemplo_i/processing_system7_0/inst/FCLK_CLK0 | zynq_ejemplo_i/axi_interconnect_0/xbar/inst/gen_samd.crossbar_samd/gen_master_slots[1].reg_slice_mi/r.r_pipe/gen_master_slots[1].r_issuing_cnt_reg[8][0]                                                         | zynq_ejemplo_i/axi_interconnect_0/xbar/inst/gen_samd.crossbar_samd/gen_slave_slots[0].gen_si_read.si_transactor_ar/gen_multi_thread.arbiter_resp_inst/SR[0] |                2 |              4 |         2.00 |
|  zynq_ejemplo_i/processing_system7_0/inst/FCLK_CLK0 |                                                                                                                                                                                                                  | zynq_ejemplo_i/axi_gpio_0/U0/AXI_LITE_IPIF_I/I_SLAVE_ATTACHMENT/clear                                                                                       |                1 |              4 |         4.00 |
|  zynq_ejemplo_i/processing_system7_0/inst/FCLK_CLK0 | zynq_ejemplo_i/axi_interconnect_0/xbar/inst/gen_samd.crossbar_samd/gen_slave_slots[0].gen_si_read.si_transactor_ar/gen_multi_thread.arbiter_resp_inst/gen_multi_thread.gen_thread_loop[6].active_cnt_reg[51][0]  | zynq_ejemplo_i/axi_interconnect_0/xbar/inst/gen_samd.crossbar_samd/gen_slave_slots[0].gen_si_read.si_transactor_ar/gen_multi_thread.arbiter_resp_inst/SR[0] |                1 |              4 |         4.00 |
|  zynq_ejemplo_i/processing_system7_0/inst/FCLK_CLK0 | zynq_ejemplo_i/axi_interconnect_0/xbar/inst/gen_samd.crossbar_samd/gen_slave_slots[0].gen_si_read.si_transactor_ar/gen_multi_thread.arbiter_resp_inst/E[0]                                                       | zynq_ejemplo_i/axi_interconnect_0/xbar/inst/gen_samd.crossbar_samd/gen_slave_slots[0].gen_si_read.si_transactor_ar/gen_multi_thread.arbiter_resp_inst/SR[0] |                1 |              4 |         4.00 |
|  zynq_ejemplo_i/processing_system7_0/inst/FCLK_CLK0 | zynq_ejemplo_i/axi_interconnect_0/xbar/inst/gen_samd.crossbar_samd/gen_slave_slots[0].gen_si_read.si_transactor_ar/gen_multi_thread.arbiter_resp_inst/gen_multi_thread.gen_thread_loop[4].active_cnt_reg[35][0]  | zynq_ejemplo_i/axi_interconnect_0/xbar/inst/gen_samd.crossbar_samd/gen_slave_slots[0].gen_si_read.si_transactor_ar/gen_multi_thread.arbiter_resp_inst/SR[0] |                1 |              4 |         4.00 |
|  zynq_ejemplo_i/processing_system7_0/inst/FCLK_CLK0 | zynq_ejemplo_i/axi_interconnect_0/xbar/inst/gen_samd.crossbar_samd/gen_slave_slots[0].gen_si_write.si_transactor_aw/gen_multi_thread.arbiter_resp_inst/s_axi_bready[0][0]                                        | zynq_ejemplo_i/axi_interconnect_0/xbar/inst/gen_samd.crossbar_samd/gen_slave_slots[0].gen_si_read.si_transactor_ar/gen_multi_thread.arbiter_resp_inst/SR[0] |                1 |              4 |         4.00 |
|  zynq_ejemplo_i/processing_system7_0/inst/FCLK_CLK0 |                                                                                                                                                                                                                  | zynq_ejemplo_i/proc_sys_reset_0/U0/EXT_LPF/lpf_int                                                                                                          |                2 |              4 |         2.00 |
|  zynq_ejemplo_i/processing_system7_0/inst/FCLK_CLK0 |                                                                                                                                                                                                                  | zynq_ejemplo_i/axi_interconnect_0/m00_couplers/auto_pc/inst/gen_axilite.gen_b2s_conv.axilite_b2s/SI_REG/aw.aw_pipe/aresetn_d_reg[0]_0                       |                2 |              4 |         2.00 |
|  zynq_ejemplo_i/processing_system7_0/inst/FCLK_CLK0 |                                                                                                                                                                                                                  | zynq_ejemplo_i/axi_interconnect_0/m00_couplers/auto_pc/inst/gen_axilite.gen_b2s_conv.axilite_b2s/SI_REG/ar.ar_pipe/aresetn_d_reg[1]_inv_0                   |                2 |              4 |         2.00 |
|  zynq_ejemplo_i/processing_system7_0/inst/FCLK_CLK0 | zynq_ejemplo_i/axi_interconnect_0/xbar/inst/gen_samd.crossbar_samd/gen_slave_slots[0].gen_si_read.si_transactor_ar/gen_multi_thread.arbiter_resp_inst/gen_multi_thread.gen_thread_loop[2].active_cnt_reg[19][0]  | zynq_ejemplo_i/axi_interconnect_0/xbar/inst/gen_samd.crossbar_samd/gen_slave_slots[0].gen_si_read.si_transactor_ar/gen_multi_thread.arbiter_resp_inst/SR[0] |                1 |              4 |         4.00 |
|  zynq_ejemplo_i/processing_system7_0/inst/FCLK_CLK0 | zynq_ejemplo_i/axi_interconnect_0/xbar/inst/gen_samd.crossbar_samd/gen_slave_slots[0].gen_si_write.si_transactor_aw/gen_multi_thread.arbiter_resp_inst/gen_multi_thread.gen_thread_loop[6].active_cnt_reg[51][0] | zynq_ejemplo_i/axi_interconnect_0/xbar/inst/gen_samd.crossbar_samd/gen_slave_slots[0].gen_si_read.si_transactor_ar/gen_multi_thread.arbiter_resp_inst/SR[0] |                1 |              4 |         4.00 |
|  zynq_ejemplo_i/processing_system7_0/inst/FCLK_CLK0 | zynq_ejemplo_i/axi_gpio_0/U0/AXI_LITE_IPIF_I/I_SLAVE_ATTACHMENT/start2                                                                                                                                           | zynq_ejemplo_i/axi_gpio_0/U0/AXI_LITE_IPIF_I/I_SLAVE_ATTACHMENT/I_DECODER/cs_ce_clr                                                                         |                1 |              4 |         4.00 |
|  zynq_ejemplo_i/processing_system7_0/inst/FCLK_CLK0 | zynq_ejemplo_i/axi_bram_ctrl_0/U0/gext_inst.abcv4_0_ext_inst/GEN_AXI4.I_FULL_AXI/I_RD_CHNL/FSM_sequential_GEN_NO_RD_CMD_OPT.rd_data_sm_cs[3]_i_1_n_0                                                             | zynq_ejemplo_i/axi_bram_ctrl_0/U0/gext_inst.abcv4_0_ext_inst/GEN_AXI4.I_FULL_AXI/I_RD_CHNL/GEN_NO_RD_CMD_OPT.I_WRAP_BRST/SR[0]                              |                4 |              4 |         1.00 |
|  zynq_ejemplo_i/processing_system7_0/inst/FCLK_CLK0 | zynq_ejemplo_i/axi_interconnect_0/xbar/inst/gen_samd.crossbar_samd/gen_slave_slots[0].gen_si_read.si_transactor_ar/gen_multi_thread.arbiter_resp_inst/gen_multi_thread.gen_thread_loop[7].active_cnt_reg[56][0]  | zynq_ejemplo_i/axi_interconnect_0/xbar/inst/gen_samd.crossbar_samd/gen_slave_slots[0].gen_si_read.si_transactor_ar/gen_multi_thread.arbiter_resp_inst/SR[0] |                1 |              4 |         4.00 |
|  zynq_ejemplo_i/processing_system7_0/inst/FCLK_CLK0 | zynq_ejemplo_i/axi_interconnect_0/xbar/inst/gen_samd.crossbar_samd/gen_slave_slots[0].gen_si_read.si_transactor_ar/gen_multi_thread.arbiter_resp_inst/gen_multi_thread.gen_thread_loop[0].active_cnt_reg[3][0]   | zynq_ejemplo_i/axi_interconnect_0/xbar/inst/gen_samd.crossbar_samd/gen_slave_slots[0].gen_si_read.si_transactor_ar/gen_multi_thread.arbiter_resp_inst/SR[0] |                1 |              4 |         4.00 |
|  zynq_ejemplo_i/processing_system7_0/inst/FCLK_CLK0 | zynq_ejemplo_i/axi_interconnect_0/xbar/inst/gen_samd.crossbar_samd/gen_slave_slots[0].gen_si_write.si_transactor_aw/gen_multi_thread.arbiter_resp_inst/gen_multi_thread.gen_thread_loop[2].active_cnt_reg[19][0] | zynq_ejemplo_i/axi_interconnect_0/xbar/inst/gen_samd.crossbar_samd/gen_slave_slots[0].gen_si_read.si_transactor_ar/gen_multi_thread.arbiter_resp_inst/SR[0] |                1 |              4 |         4.00 |
|  zynq_ejemplo_i/processing_system7_0/inst/FCLK_CLK0 | zynq_ejemplo_i/axi_interconnect_0/xbar/inst/gen_samd.crossbar_samd/gen_slave_slots[0].gen_si_write.si_transactor_aw/gen_multi_thread.arbiter_resp_inst/gen_multi_thread.gen_thread_loop[1].active_cnt_reg[8][0]  | zynq_ejemplo_i/axi_interconnect_0/xbar/inst/gen_samd.crossbar_samd/gen_slave_slots[0].gen_si_read.si_transactor_ar/gen_multi_thread.arbiter_resp_inst/SR[0] |                1 |              4 |         4.00 |
|  zynq_ejemplo_i/processing_system7_0/inst/FCLK_CLK0 | zynq_ejemplo_i/axi_interconnect_0/xbar/inst/gen_samd.crossbar_samd/gen_slave_slots[0].gen_si_write.si_transactor_aw/gen_multi_thread.arbiter_resp_inst/gen_multi_thread.gen_thread_loop[7].active_cnt_reg[56][0] | zynq_ejemplo_i/axi_interconnect_0/xbar/inst/gen_samd.crossbar_samd/gen_slave_slots[0].gen_si_read.si_transactor_ar/gen_multi_thread.arbiter_resp_inst/SR[0] |                1 |              4 |         4.00 |
|  zynq_ejemplo_i/processing_system7_0/inst/FCLK_CLK0 | zynq_ejemplo_i/axi_bram_ctrl_0/U0/gext_inst.abcv4_0_ext_inst/GEN_AXI4.I_FULL_AXI/I_WR_CHNL/wrdata_reg_ld                                                                                                         | zynq_ejemplo_i/axi_bram_ctrl_0/U0/gext_inst.abcv4_0_ext_inst/GEN_AXI4.I_FULL_AXI/I_WR_CHNL/GEN_WR_NO_ECC.bram_we_int[3]_i_1_n_0                             |                1 |              4 |         4.00 |
|  zynq_ejemplo_i/processing_system7_0/inst/FCLK_CLK0 | zynq_ejemplo_i/axi_bram_ctrl_0/U0/gext_inst.abcv4_0_ext_inst/GEN_AXI4.I_FULL_AXI/I_WR_CHNL/BID_FIFO/bid_fifo_not_empty                                                                                           | zynq_ejemplo_i/axi_bram_ctrl_0/U0/gext_inst.abcv4_0_ext_inst/GEN_AXI4.I_FULL_AXI/I_RD_CHNL/GEN_NO_RD_CMD_OPT.I_WRAP_BRST/SR[0]                              |                1 |              4 |         4.00 |
|  zynq_ejemplo_i/processing_system7_0/inst/FCLK_CLK0 | zynq_ejemplo_i/axi_interconnect_0/xbar/inst/gen_samd.crossbar_samd/addr_arbiter_aw/E[0]                                                                                                                          | zynq_ejemplo_i/axi_interconnect_0/xbar/inst/gen_samd.crossbar_samd/gen_slave_slots[0].gen_si_read.si_transactor_ar/gen_multi_thread.arbiter_resp_inst/SR[0] |                2 |              4 |         2.00 |
|  zynq_ejemplo_i/processing_system7_0/inst/FCLK_CLK0 | zynq_ejemplo_i/axi_interconnect_0/xbar/inst/gen_samd.crossbar_samd/gen_slave_slots[0].gen_si_write.wdata_router_w/wrouter_aw_fifo/m_valid_i                                                                      | zynq_ejemplo_i/axi_interconnect_0/xbar/inst/gen_samd.crossbar_samd/gen_slave_slots[0].gen_si_write.wdata_router_w/wrouter_aw_fifo/areset_d1                 |                2 |              4 |         2.00 |
|  zynq_ejemplo_i/processing_system7_0/inst/FCLK_CLK0 | zynq_ejemplo_i/axi_interconnect_0/xbar/inst/gen_samd.crossbar_samd/gen_slave_slots[0].gen_si_write.si_transactor_aw/gen_multi_thread.arbiter_resp_inst/gen_multi_thread.accept_cnt_reg[2][0]                     | zynq_ejemplo_i/axi_interconnect_0/xbar/inst/gen_samd.crossbar_samd/gen_slave_slots[0].gen_si_read.si_transactor_ar/gen_multi_thread.arbiter_resp_inst/SR[0] |                2 |              4 |         2.00 |
|  zynq_ejemplo_i/processing_system7_0/inst/FCLK_CLK0 | zynq_ejemplo_i/axi_interconnect_0/xbar/inst/gen_samd.crossbar_samd/gen_slave_slots[0].gen_si_write.si_transactor_aw/gen_multi_thread.arbiter_resp_inst/gen_master_slots[1].w_issuing_cnt_reg[11][0]              | zynq_ejemplo_i/axi_interconnect_0/xbar/inst/gen_samd.crossbar_samd/gen_slave_slots[0].gen_si_read.si_transactor_ar/gen_multi_thread.arbiter_resp_inst/SR[0] |                2 |              4 |         2.00 |
|  zynq_ejemplo_i/processing_system7_0/inst/FCLK_CLK0 | zynq_ejemplo_i/axi_interconnect_0/xbar/inst/gen_samd.crossbar_samd/gen_slave_slots[0].gen_si_write.si_transactor_aw/gen_multi_thread.arbiter_resp_inst/gen_multi_thread.gen_thread_loop[5].active_cnt_reg[43][0] | zynq_ejemplo_i/axi_interconnect_0/xbar/inst/gen_samd.crossbar_samd/gen_slave_slots[0].gen_si_read.si_transactor_ar/gen_multi_thread.arbiter_resp_inst/SR[0] |                1 |              4 |         4.00 |
|  zynq_ejemplo_i/processing_system7_0/inst/FCLK_CLK0 | zynq_ejemplo_i/axi_interconnect_0/xbar/inst/gen_samd.crossbar_samd/gen_master_slots[0].reg_slice_mi/r.r_pipe/E[0]                                                                                                | zynq_ejemplo_i/axi_interconnect_0/xbar/inst/gen_samd.crossbar_samd/gen_slave_slots[0].gen_si_read.si_transactor_ar/gen_multi_thread.arbiter_resp_inst/SR[0] |                2 |              4 |         2.00 |
|  zynq_ejemplo_i/processing_system7_0/inst/FCLK_CLK0 | zynq_ejemplo_i/axi_interconnect_0/xbar/inst/gen_samd.crossbar_samd/gen_slave_slots[0].gen_si_read.si_transactor_ar/gen_multi_thread.arbiter_resp_inst/gen_multi_thread.gen_thread_loop[3].active_cnt_reg[27][0]  | zynq_ejemplo_i/axi_interconnect_0/xbar/inst/gen_samd.crossbar_samd/gen_slave_slots[0].gen_si_read.si_transactor_ar/gen_multi_thread.arbiter_resp_inst/SR[0] |                1 |              4 |         4.00 |
|  zynq_ejemplo_i/processing_system7_0/inst/FCLK_CLK0 | zynq_ejemplo_i/axi_interconnect_0/xbar/inst/gen_samd.crossbar_samd/gen_slave_slots[0].gen_si_write.si_transactor_aw/gen_multi_thread.arbiter_resp_inst/gen_multi_thread.gen_thread_loop[4].active_cnt_reg[35][0] | zynq_ejemplo_i/axi_interconnect_0/xbar/inst/gen_samd.crossbar_samd/gen_slave_slots[0].gen_si_read.si_transactor_ar/gen_multi_thread.arbiter_resp_inst/SR[0] |                2 |              4 |         2.00 |
|  zynq_ejemplo_i/processing_system7_0/inst/FCLK_CLK0 | zynq_ejemplo_i/axi_interconnect_0/xbar/inst/gen_samd.crossbar_samd/gen_slave_slots[0].gen_si_read.si_transactor_ar/gen_multi_thread.arbiter_resp_inst/gen_no_arbiter.s_ready_i_reg[0]_0[0]                       | zynq_ejemplo_i/axi_interconnect_0/xbar/inst/gen_samd.crossbar_samd/gen_slave_slots[0].gen_si_read.si_transactor_ar/gen_multi_thread.arbiter_resp_inst/SR[0] |                2 |              4 |         2.00 |
|  zynq_ejemplo_i/processing_system7_0/inst/FCLK_CLK0 | zynq_ejemplo_i/axi_interconnect_0/xbar/inst/gen_samd.crossbar_samd/gen_slave_slots[0].gen_si_read.si_transactor_ar/gen_multi_thread.arbiter_resp_inst/gen_multi_thread.gen_thread_loop[5].active_cnt_reg[43][0]  | zynq_ejemplo_i/axi_interconnect_0/xbar/inst/gen_samd.crossbar_samd/gen_slave_slots[0].gen_si_read.si_transactor_ar/gen_multi_thread.arbiter_resp_inst/SR[0] |                1 |              4 |         4.00 |
|  zynq_ejemplo_i/processing_system7_0/inst/FCLK_CLK0 | zynq_ejemplo_i/axi_interconnect_0/m00_couplers/auto_pc/inst/gen_axilite.gen_b2s_conv.axilite_b2s/RD.r_channel_0/transaction_fifo_0/E[0]                                                                          | zynq_ejemplo_i/axi_interconnect_0/m00_couplers/auto_pc/inst/gen_axilite.gen_b2s_conv.axilite_b2s/areset_d1                                                  |                2 |              5 |         2.50 |
|  zynq_ejemplo_i/processing_system7_0/inst/FCLK_CLK0 | zynq_ejemplo_i/axi_interconnect_0/m00_couplers/auto_pc/inst/gen_axilite.gen_b2s_conv.axilite_b2s/RD.r_channel_0/transaction_fifo_0/cnt_read[4]_i_1__0_n_0                                                        | zynq_ejemplo_i/axi_interconnect_0/m00_couplers/auto_pc/inst/gen_axilite.gen_b2s_conv.axilite_b2s/areset_d1                                                  |                1 |              5 |         5.00 |
|  zynq_ejemplo_i/processing_system7_0/inst/FCLK_CLK0 | zynq_ejemplo_i/proc_sys_reset_0/U0/SEQ/seq_cnt_en                                                                                                                                                                | zynq_ejemplo_i/proc_sys_reset_0/U0/SEQ/SEQ_COUNTER/clear                                                                                                    |                1 |              6 |         6.00 |
|  zynq_ejemplo_i/processing_system7_0/inst/FCLK_CLK0 |                                                                                                                                                                                                                  | zynq_ejemplo_i/axi_interconnect_0/xbar/inst/gen_samd.crossbar_samd/gen_master_slots[1].reg_slice_mi/b.b_pipe/p_1_in                                         |                3 |              6 |         2.00 |
|  zynq_ejemplo_i/processing_system7_0/inst/FCLK_CLK0 |                                                                                                                                                                                                                  | zynq_ejemplo_i/axi_interconnect_0/xbar/inst/gen_samd.crossbar_samd/gen_master_slots[1].reg_slice_mi/b.b_pipe/p_0_in                                         |                2 |              6 |         3.00 |
|  zynq_ejemplo_i/processing_system7_0/inst/FCLK_CLK0 | zynq_ejemplo_i/axi_interconnect_0/m00_couplers/auto_pc/inst/gen_axilite.gen_b2s_conv.axilite_b2s/WR.b_channel_0/mhandshake_r                                                                                     | zynq_ejemplo_i/axi_interconnect_0/m00_couplers/auto_pc/inst/gen_axilite.gen_b2s_conv.axilite_b2s/WR.b_channel_0/bid_fifo_0/SR[0]                            |                3 |              8 |         2.67 |
|  zynq_ejemplo_i/processing_system7_0/inst/FCLK_CLK0 | zynq_ejemplo_i/axi_bram_ctrl_0/U0/gext_inst.abcv4_0_ext_inst/GEN_AXI4.I_FULL_AXI/I_RD_CHNL/GEN_NO_RD_CMD_OPT.brst_cnt[7]_i_1_n_0                                                                                 | zynq_ejemplo_i/axi_bram_ctrl_0/U0/gext_inst.abcv4_0_ext_inst/GEN_AXI4.I_FULL_AXI/I_RD_CHNL/GEN_NO_RD_CMD_OPT.I_WRAP_BRST/SR[0]                              |                3 |              8 |         2.67 |
|  zynq_ejemplo_i/processing_system7_0/inst/FCLK_CLK0 | zynq_ejemplo_i/axi_interconnect_0/xbar/inst/gen_samd.crossbar_samd/gen_decerr_slave.decerr_slave_inst/gen_axi.read_cnt[7]_i_1_n_0                                                                                | zynq_ejemplo_i/axi_interconnect_0/xbar/inst/gen_samd.crossbar_samd/gen_slave_slots[0].gen_si_read.si_transactor_ar/gen_multi_thread.arbiter_resp_inst/SR[0] |                3 |              8 |         2.67 |
|  zynq_ejemplo_i/processing_system7_0/inst/FCLK_CLK0 |                                                                                                                                                                                                                  | zynq_ejemplo_i/axi_interconnect_0/m00_couplers/auto_pc/inst/gen_axilite.gen_b2s_conv.axilite_b2s/areset_d1                                                  |                4 |             10 |         2.50 |
|  zynq_ejemplo_i/processing_system7_0/inst/FCLK_CLK0 | zynq_ejemplo_i/axi_bram_ctrl_0/U0/gext_inst.abcv4_0_ext_inst/GEN_AXI4.I_FULL_AXI/I_RD_CHNL/GEN_NO_RD_CMD_OPT.I_WRAP_BRST/E[0]                                                                                    | zynq_ejemplo_i/axi_bram_ctrl_0/U0/gext_inst.abcv4_0_ext_inst/GEN_AXI4.I_FULL_AXI/I_WR_CHNL/I_WRAP_BRST/curr_fixed_burst_reg_reg                             |                4 |             10 |         2.50 |
|  zynq_ejemplo_i/processing_system7_0/inst/FCLK_CLK0 | zynq_ejemplo_i/axi_interconnect_0/m00_couplers/auto_pc/inst/gen_axilite.gen_b2s_conv.axilite_b2s/WR.aw_channel_0/aw_cmd_fsm_0/E[0]                                                                               |                                                                                                                                                             |                6 |             12 |         2.00 |
|  zynq_ejemplo_i/processing_system7_0/inst/FCLK_CLK0 | zynq_ejemplo_i/axi_bram_ctrl_0/U0/gext_inst.abcv4_0_ext_inst/GEN_AXI4.I_FULL_AXI/I_RD_CHNL/GEN_NO_RD_CMD_OPT.GEN_RID_SNG.axi_rid_int[11]_i_2_n_0                                                                 | zynq_ejemplo_i/axi_bram_ctrl_0/U0/gext_inst.abcv4_0_ext_inst/GEN_AXI4.I_FULL_AXI/I_RD_CHNL/GEN_NO_RD_CMD_OPT.GEN_RID_SNG.axi_rid_int[11]_i_1_n_0            |                3 |             12 |         4.00 |
|  zynq_ejemplo_i/processing_system7_0/inst/FCLK_CLK0 | zynq_ejemplo_i/axi_bram_ctrl_0/U0/gext_inst.abcv4_0_ext_inst/GEN_AXI4.I_FULL_AXI/I_WR_CHNL/BID_FIFO/E[0]                                                                                                         | zynq_ejemplo_i/axi_bram_ctrl_0/U0/gext_inst.abcv4_0_ext_inst/GEN_AXI4.I_FULL_AXI/I_RD_CHNL/GEN_NO_RD_CMD_OPT.I_WRAP_BRST/SR[0]                              |                2 |             12 |         6.00 |
|  zynq_ejemplo_i/processing_system7_0/inst/FCLK_CLK0 | zynq_ejemplo_i/axi_bram_ctrl_0/U0/gext_inst.abcv4_0_ext_inst/GEN_AXI4.I_FULL_AXI/I_WR_CHNL/BID_FIFO/CI                                                                                                           |                                                                                                                                                             |                2 |             12 |         6.00 |
|  zynq_ejemplo_i/processing_system7_0/inst/FCLK_CLK0 | zynq_ejemplo_i/axi_interconnect_0/xbar/inst/gen_samd.crossbar_samd/gen_master_slots[1].reg_slice_mi/b.b_pipe/m_valid_i_reg_inv_0                                                                                 |                                                                                                                                                             |                2 |             12 |         6.00 |
|  zynq_ejemplo_i/processing_system7_0/inst/FCLK_CLK0 | zynq_ejemplo_i/axi_interconnect_0/xbar/inst/gen_samd.crossbar_samd/gen_decerr_slave.decerr_slave_inst/s_axi_rvalid_i                                                                                             | zynq_ejemplo_i/axi_interconnect_0/xbar/inst/gen_samd.crossbar_samd/gen_slave_slots[0].gen_si_read.si_transactor_ar/gen_multi_thread.arbiter_resp_inst/SR[0] |                2 |             12 |         6.00 |
|  zynq_ejemplo_i/processing_system7_0/inst/FCLK_CLK0 | zynq_ejemplo_i/axi_interconnect_0/xbar/inst/gen_samd.crossbar_samd/gen_decerr_slave.decerr_slave_inst/gen_axi.s_axi_bid_i[11]_i_1_n_0                                                                            | zynq_ejemplo_i/axi_interconnect_0/xbar/inst/gen_samd.crossbar_samd/gen_slave_slots[0].gen_si_read.si_transactor_ar/gen_multi_thread.arbiter_resp_inst/SR[0] |                2 |             12 |         6.00 |
|  zynq_ejemplo_i/processing_system7_0/inst/FCLK_CLK0 | zynq_ejemplo_i/axi_interconnect_0/m00_couplers/auto_pc/inst/gen_axilite.gen_b2s_conv.axilite_b2s/WR.aw_channel_0/cmd_translator_0/incr_cmd_0/axaddr_incr[11]_i_1_n_0                                             |                                                                                                                                                             |                2 |             12 |         6.00 |
|  zynq_ejemplo_i/processing_system7_0/inst/FCLK_CLK0 | zynq_ejemplo_i/axi_interconnect_0/xbar/inst/gen_samd.crossbar_samd/gen_master_slots[2].reg_slice_mi/b.b_pipe/E[0]                                                                                                |                                                                                                                                                             |                2 |             12 |         6.00 |
|  zynq_ejemplo_i/processing_system7_0/inst/FCLK_CLK0 | zynq_ejemplo_i/axi_interconnect_0/m00_couplers/auto_pc/inst/gen_axilite.gen_b2s_conv.axilite_b2s/RD.ar_channel_0/ar_cmd_fsm_0/E[0]                                                                               |                                                                                                                                                             |                2 |             12 |         6.00 |
|  zynq_ejemplo_i/processing_system7_0/inst/FCLK_CLK0 | zynq_ejemplo_i/axi_interconnect_0/m00_couplers/auto_pc/inst/gen_axilite.gen_b2s_conv.axilite_b2s/RD.ar_channel_0/ar_cmd_fsm_0/FSM_sequential_state_reg[1]_3[0]                                                   |                                                                                                                                                             |                3 |             12 |         4.00 |
|  zynq_ejemplo_i/processing_system7_0/inst/FCLK_CLK0 | zynq_ejemplo_i/axi_interconnect_0/xbar/inst/gen_samd.crossbar_samd/gen_master_slots[2].reg_slice_mi/r.r_pipe/s_ready_i_reg_0                                                                                     |                                                                                                                                                             |                2 |             13 |         6.50 |
|  zynq_ejemplo_i/processing_system7_0/inst/FCLK_CLK0 | zynq_ejemplo_i/axi_interconnect_0/xbar/inst/gen_samd.crossbar_samd/gen_slave_slots[0].gen_si_read.si_transactor_ar/gen_multi_thread.arbiter_resp_inst/s_axi_rready[0][0]                                         |                                                                                                                                                             |                4 |             13 |         3.25 |
|  zynq_ejemplo_i/processing_system7_0/inst/FCLK_CLK0 | zynq_ejemplo_i/axi_bram_ctrl_0/U0/gext_inst.abcv4_0_ext_inst/GEN_AXI4.I_FULL_AXI/GEN_ARB.I_SNG_PORT/aw_active_re                                                                                                 | zynq_ejemplo_i/axi_bram_ctrl_0/U0/gext_inst.abcv4_0_ext_inst/GEN_AXI4.I_FULL_AXI/I_RD_CHNL/GEN_NO_RD_CMD_OPT.I_WRAP_BRST/SR[0]                              |                4 |             13 |         3.25 |
|  zynq_ejemplo_i/processing_system7_0/inst/FCLK_CLK0 | zynq_ejemplo_i/axi_interconnect_0/m00_couplers/auto_pc/inst/gen_axilite.gen_b2s_conv.axilite_b2s/RD.r_channel_0/r_push_r                                                                                         |                                                                                                                                                             |                4 |             13 |         3.25 |
|  zynq_ejemplo_i/processing_system7_0/inst/FCLK_CLK0 | zynq_ejemplo_i/axi_interconnect_0/xbar/inst/gen_samd.crossbar_samd/gen_slave_slots[0].gen_si_read.si_transactor_ar/gen_multi_thread.cmd_push_5                                                                   | zynq_ejemplo_i/axi_interconnect_0/xbar/inst/gen_samd.crossbar_samd/gen_slave_slots[0].gen_si_read.si_transactor_ar/gen_multi_thread.arbiter_resp_inst/SR[0] |                2 |             14 |         7.00 |
|  zynq_ejemplo_i/processing_system7_0/inst/FCLK_CLK0 | zynq_ejemplo_i/axi_interconnect_0/xbar/inst/gen_samd.crossbar_samd/gen_master_slots[0].reg_slice_mi/b.b_pipe/E[0]                                                                                                |                                                                                                                                                             |                3 |             14 |         4.67 |
|  zynq_ejemplo_i/processing_system7_0/inst/FCLK_CLK0 | zynq_ejemplo_i/axi_interconnect_0/m00_couplers/auto_pc/inst/gen_axilite.gen_b2s_conv.axilite_b2s/SI_REG/b.b_pipe/s_ready_i_reg_0                                                                                 |                                                                                                                                                             |                2 |             14 |         7.00 |
|  zynq_ejemplo_i/processing_system7_0/inst/FCLK_CLK0 | zynq_ejemplo_i/axi_interconnect_0/xbar/inst/gen_samd.crossbar_samd/gen_slave_slots[0].gen_si_read.si_transactor_ar/gen_multi_thread.cmd_push_0                                                                   | zynq_ejemplo_i/axi_interconnect_0/xbar/inst/gen_samd.crossbar_samd/gen_slave_slots[0].gen_si_read.si_transactor_ar/gen_multi_thread.arbiter_resp_inst/SR[0] |                2 |             14 |         7.00 |
|  zynq_ejemplo_i/processing_system7_0/inst/FCLK_CLK0 | zynq_ejemplo_i/axi_interconnect_0/xbar/inst/gen_samd.crossbar_samd/gen_slave_slots[0].gen_si_read.si_transactor_ar/gen_multi_thread.cmd_push_1                                                                   | zynq_ejemplo_i/axi_interconnect_0/xbar/inst/gen_samd.crossbar_samd/gen_slave_slots[0].gen_si_read.si_transactor_ar/gen_multi_thread.arbiter_resp_inst/SR[0] |                4 |             14 |         3.50 |
|  zynq_ejemplo_i/processing_system7_0/inst/FCLK_CLK0 | zynq_ejemplo_i/axi_interconnect_0/xbar/inst/gen_samd.crossbar_samd/gen_slave_slots[0].gen_si_write.si_transactor_aw/gen_multi_thread.cmd_push_1                                                                  | zynq_ejemplo_i/axi_interconnect_0/xbar/inst/gen_samd.crossbar_samd/gen_slave_slots[0].gen_si_read.si_transactor_ar/gen_multi_thread.arbiter_resp_inst/SR[0] |                2 |             14 |         7.00 |
|  zynq_ejemplo_i/processing_system7_0/inst/FCLK_CLK0 | zynq_ejemplo_i/axi_interconnect_0/xbar/inst/gen_samd.crossbar_samd/gen_slave_slots[0].gen_si_write.si_transactor_aw/gen_multi_thread.cmd_push_6                                                                  | zynq_ejemplo_i/axi_interconnect_0/xbar/inst/gen_samd.crossbar_samd/gen_slave_slots[0].gen_si_read.si_transactor_ar/gen_multi_thread.arbiter_resp_inst/SR[0] |                4 |             14 |         3.50 |
|  zynq_ejemplo_i/processing_system7_0/inst/FCLK_CLK0 | zynq_ejemplo_i/axi_interconnect_0/xbar/inst/gen_samd.crossbar_samd/gen_slave_slots[0].gen_si_write.si_transactor_aw/gen_multi_thread.cmd_push_0                                                                  | zynq_ejemplo_i/axi_interconnect_0/xbar/inst/gen_samd.crossbar_samd/gen_slave_slots[0].gen_si_read.si_transactor_ar/gen_multi_thread.arbiter_resp_inst/SR[0] |                4 |             14 |         3.50 |
|  zynq_ejemplo_i/processing_system7_0/inst/FCLK_CLK0 | zynq_ejemplo_i/axi_interconnect_0/xbar/inst/gen_samd.crossbar_samd/gen_slave_slots[0].gen_si_write.si_transactor_aw/gen_multi_thread.cmd_push_5                                                                  | zynq_ejemplo_i/axi_interconnect_0/xbar/inst/gen_samd.crossbar_samd/gen_slave_slots[0].gen_si_read.si_transactor_ar/gen_multi_thread.arbiter_resp_inst/SR[0] |                3 |             14 |         4.67 |
|  zynq_ejemplo_i/processing_system7_0/inst/FCLK_CLK0 | zynq_ejemplo_i/axi_interconnect_0/xbar/inst/gen_samd.crossbar_samd/gen_slave_slots[0].gen_si_write.si_transactor_aw/gen_multi_thread.cmd_push_3                                                                  | zynq_ejemplo_i/axi_interconnect_0/xbar/inst/gen_samd.crossbar_samd/gen_slave_slots[0].gen_si_read.si_transactor_ar/gen_multi_thread.arbiter_resp_inst/SR[0] |                4 |             14 |         3.50 |
|  zynq_ejemplo_i/processing_system7_0/inst/FCLK_CLK0 | zynq_ejemplo_i/axi_interconnect_0/xbar/inst/gen_samd.crossbar_samd/gen_slave_slots[0].gen_si_write.si_transactor_aw/gen_multi_thread.cmd_push_4                                                                  | zynq_ejemplo_i/axi_interconnect_0/xbar/inst/gen_samd.crossbar_samd/gen_slave_slots[0].gen_si_read.si_transactor_ar/gen_multi_thread.arbiter_resp_inst/SR[0] |                3 |             14 |         4.67 |
|  zynq_ejemplo_i/processing_system7_0/inst/FCLK_CLK0 | zynq_ejemplo_i/axi_interconnect_0/xbar/inst/gen_samd.crossbar_samd/gen_slave_slots[0].gen_si_write.si_transactor_aw/gen_multi_thread.cmd_push_7                                                                  | zynq_ejemplo_i/axi_interconnect_0/xbar/inst/gen_samd.crossbar_samd/gen_slave_slots[0].gen_si_read.si_transactor_ar/gen_multi_thread.arbiter_resp_inst/SR[0] |                3 |             14 |         4.67 |
|  zynq_ejemplo_i/processing_system7_0/inst/FCLK_CLK0 | zynq_ejemplo_i/axi_interconnect_0/xbar/inst/gen_samd.crossbar_samd/gen_slave_slots[0].gen_si_write.si_transactor_aw/gen_multi_thread.cmd_push_2                                                                  | zynq_ejemplo_i/axi_interconnect_0/xbar/inst/gen_samd.crossbar_samd/gen_slave_slots[0].gen_si_read.si_transactor_ar/gen_multi_thread.arbiter_resp_inst/SR[0] |                4 |             14 |         3.50 |
|  zynq_ejemplo_i/processing_system7_0/inst/FCLK_CLK0 | zynq_ejemplo_i/axi_interconnect_0/m00_couplers/auto_pc/inst/gen_axilite.gen_b2s_conv.axilite_b2s/SI_REG/b.b_pipe/p_1_in                                                                                          |                                                                                                                                                             |                2 |             14 |         7.00 |
|  zynq_ejemplo_i/processing_system7_0/inst/FCLK_CLK0 | zynq_ejemplo_i/axi_interconnect_0/xbar/inst/gen_samd.crossbar_samd/gen_slave_slots[0].gen_si_read.si_transactor_ar/gen_multi_thread.cmd_push_7                                                                   | zynq_ejemplo_i/axi_interconnect_0/xbar/inst/gen_samd.crossbar_samd/gen_slave_slots[0].gen_si_read.si_transactor_ar/gen_multi_thread.arbiter_resp_inst/SR[0] |                4 |             14 |         3.50 |
|  zynq_ejemplo_i/processing_system7_0/inst/FCLK_CLK0 | zynq_ejemplo_i/axi_interconnect_0/xbar/inst/gen_samd.crossbar_samd/gen_slave_slots[0].gen_si_read.si_transactor_ar/gen_multi_thread.cmd_push_2                                                                   | zynq_ejemplo_i/axi_interconnect_0/xbar/inst/gen_samd.crossbar_samd/gen_slave_slots[0].gen_si_read.si_transactor_ar/gen_multi_thread.arbiter_resp_inst/SR[0] |                2 |             14 |         7.00 |
|  zynq_ejemplo_i/processing_system7_0/inst/FCLK_CLK0 | zynq_ejemplo_i/axi_interconnect_0/xbar/inst/gen_samd.crossbar_samd/gen_slave_slots[0].gen_si_read.si_transactor_ar/gen_multi_thread.cmd_push_6                                                                   | zynq_ejemplo_i/axi_interconnect_0/xbar/inst/gen_samd.crossbar_samd/gen_slave_slots[0].gen_si_read.si_transactor_ar/gen_multi_thread.arbiter_resp_inst/SR[0] |                2 |             14 |         7.00 |
|  zynq_ejemplo_i/processing_system7_0/inst/FCLK_CLK0 | zynq_ejemplo_i/axi_interconnect_0/xbar/inst/gen_samd.crossbar_samd/gen_slave_slots[0].gen_si_read.si_transactor_ar/gen_multi_thread.cmd_push_3                                                                   | zynq_ejemplo_i/axi_interconnect_0/xbar/inst/gen_samd.crossbar_samd/gen_slave_slots[0].gen_si_read.si_transactor_ar/gen_multi_thread.arbiter_resp_inst/SR[0] |                4 |             14 |         3.50 |
|  zynq_ejemplo_i/processing_system7_0/inst/FCLK_CLK0 | zynq_ejemplo_i/axi_interconnect_0/xbar/inst/gen_samd.crossbar_samd/gen_slave_slots[0].gen_si_read.si_transactor_ar/gen_multi_thread.cmd_push_4                                                                   | zynq_ejemplo_i/axi_interconnect_0/xbar/inst/gen_samd.crossbar_samd/gen_slave_slots[0].gen_si_read.si_transactor_ar/gen_multi_thread.arbiter_resp_inst/SR[0] |                4 |             14 |         3.50 |
|  zynq_ejemplo_i/processing_system7_0/inst/FCLK_CLK0 | zynq_ejemplo_i/axi_interconnect_0/m00_couplers/auto_pc/inst/gen_axilite.gen_b2s_conv.axilite_b2s/WR.aw_channel_0/aw_cmd_fsm_0/b_push                                                                             |                                                                                                                                                             |                3 |             16 |         5.33 |
|  zynq_ejemplo_i/processing_system7_0/inst/FCLK_CLK0 |                                                                                                                                                                                                                  | zynq_ejemplo_i/axi_gpio_0/U0/AXI_LITE_IPIF_I/I_SLAVE_ATTACHMENT/SR[0]                                                                                       |                6 |             24 |         4.00 |
|  zynq_ejemplo_i/processing_system7_0/inst/FCLK_CLK0 | zynq_ejemplo_i/axi_interconnect_0/m00_couplers/auto_pc/inst/gen_axilite.gen_b2s_conv.axilite_b2s/WR.aw_channel_0/aw_cmd_fsm_0/m_axi_awready_0[0]                                                                 |                                                                                                                                                             |               11 |             26 |         2.36 |
|  zynq_ejemplo_i/processing_system7_0/inst/FCLK_CLK0 | zynq_ejemplo_i/axi_interconnect_0/m00_couplers/auto_pc/inst/gen_axilite.gen_b2s_conv.axilite_b2s/RD.ar_channel_0/ar_cmd_fsm_0/m_axi_arready_0[0]                                                                 |                                                                                                                                                             |               10 |             26 |         2.60 |
|  zynq_ejemplo_i/processing_system7_0/inst/FCLK_CLK0 | zynq_ejemplo_i/axi_bram_ctrl_0/U0/gext_inst.abcv4_0_ext_inst/GEN_AXI4.I_FULL_AXI/GEN_ARB.I_SNG_PORT/ar_active_re                                                                                                 | zynq_ejemplo_i/axi_bram_ctrl_0/U0/gext_inst.abcv4_0_ext_inst/GEN_AXI4.I_FULL_AXI/I_RD_CHNL/GEN_NO_RD_CMD_OPT.I_WRAP_BRST/SR[0]                              |                7 |             27 |         3.86 |
|  zynq_ejemplo_i/processing_system7_0/inst/FCLK_CLK0 |                                                                                                                                                                                                                  | zynq_ejemplo_i/axi_interconnect_0/xbar/inst/gen_samd.crossbar_samd/gen_slave_slots[0].gen_si_read.si_transactor_ar/gen_multi_thread.arbiter_resp_inst/SR[0] |               15 |             28 |         1.87 |
|  zynq_ejemplo_i/processing_system7_0/inst/FCLK_CLK0 | zynq_ejemplo_i/axi_bram_ctrl_0/U0/gext_inst.abcv4_0_ext_inst/GEN_AXI4.I_FULL_AXI/I_WR_CHNL/wrdata_reg_ld                                                                                                         |                                                                                                                                                             |                5 |             32 |         6.40 |
|  zynq_ejemplo_i/processing_system7_0/inst/FCLK_CLK0 | zynq_ejemplo_i/axi_bram_ctrl_0/U0/gext_inst.abcv4_0_ext_inst/GEN_AXI4.I_FULL_AXI/I_RD_CHNL/axi_rdata_en                                                                                                          | zynq_ejemplo_i/axi_bram_ctrl_0/U0/gext_inst.abcv4_0_ext_inst/GEN_AXI4.I_FULL_AXI/I_RD_CHNL/GEN_NO_RD_CMD_OPT.GEN_RID_SNG.axi_rid_int[11]_i_1_n_0            |                5 |             32 |         6.40 |
|  zynq_ejemplo_i/processing_system7_0/inst/FCLK_CLK0 | zynq_ejemplo_i/axi_bram_ctrl_0/U0/gext_inst.abcv4_0_ext_inst/GEN_AXI4.I_FULL_AXI/I_RD_CHNL/rd_skid_buf_ld                                                                                                        | zynq_ejemplo_i/axi_bram_ctrl_0/U0/gext_inst.abcv4_0_ext_inst/GEN_AXI4.I_FULL_AXI/I_RD_CHNL/GEN_NO_RD_CMD_OPT.I_WRAP_BRST/SR[0]                              |                5 |             32 |         6.40 |
|  zynq_ejemplo_i/processing_system7_0/inst/FCLK_CLK0 | zynq_ejemplo_i/axi_interconnect_0/m00_couplers/auto_pc/inst/gen_axilite.gen_b2s_conv.axilite_b2s/SI_REG/aw.aw_pipe/s_ready_i_reg_0                                                                               |                                                                                                                                                             |                8 |             32 |         4.00 |
|  zynq_ejemplo_i/processing_system7_0/inst/FCLK_CLK0 | zynq_ejemplo_i/axi_interconnect_0/m00_couplers/auto_pc/inst/gen_axilite.gen_b2s_conv.axilite_b2s/SI_REG/ar.ar_pipe/s_ready_i_reg_0                                                                               |                                                                                                                                                             |                8 |             32 |         4.00 |
|  zynq_ejemplo_i/processing_system7_0/inst/FCLK_CLK0 | zynq_ejemplo_i/axi_interconnect_0/m00_couplers/auto_pc/inst/gen_axilite.gen_b2s_conv.axilite_b2s/RD.r_channel_0/rd_data_fifo_0/wr_en0                                                                            |                                                                                                                                                             |                8 |             32 |         4.00 |
|  zynq_ejemplo_i/processing_system7_0/inst/FCLK_CLK0 | zynq_ejemplo_i/axi_interconnect_0/m00_couplers/auto_pc/inst/gen_axilite.gen_b2s_conv.axilite_b2s/WR.aw_channel_0/aw_cmd_fsm_0/m_valid_i_reg[0]                                                                   |                                                                                                                                                             |                5 |             32 |         6.40 |
|  zynq_ejemplo_i/processing_system7_0/inst/FCLK_CLK0 | zynq_ejemplo_i/axi_interconnect_0/m00_couplers/auto_pc/inst/gen_axilite.gen_b2s_conv.axilite_b2s/RD.ar_channel_0/ar_cmd_fsm_0/FSM_sequential_state_reg[1]_4[0]                                                   |                                                                                                                                                             |                6 |             32 |         5.33 |
|  zynq_ejemplo_i/processing_system7_0/inst/FCLK_CLK0 | zynq_ejemplo_i/axi_interconnect_0/xbar/inst/gen_samd.crossbar_samd/addr_arbiter_aw/p_1_in                                                                                                                        | zynq_ejemplo_i/axi_interconnect_0/xbar/inst/gen_samd.crossbar_samd/gen_slave_slots[0].gen_si_read.si_transactor_ar/gen_multi_thread.arbiter_resp_inst/SR[0] |                8 |             33 |         4.12 |
|  zynq_ejemplo_i/processing_system7_0/inst/FCLK_CLK0 | zynq_ejemplo_i/axi_interconnect_0/xbar/inst/gen_samd.crossbar_samd/addr_arbiter_ar/p_1_in                                                                                                                        | zynq_ejemplo_i/axi_interconnect_0/xbar/inst/gen_samd.crossbar_samd/gen_slave_slots[0].gen_si_read.si_transactor_ar/gen_multi_thread.arbiter_resp_inst/SR[0] |                6 |             33 |         5.50 |
|  zynq_ejemplo_i/processing_system7_0/inst/FCLK_CLK0 |                                                                                                                                                                                                                  | zynq_ejemplo_i/axi_bram_ctrl_0/U0/gext_inst.abcv4_0_ext_inst/GEN_AXI4.I_FULL_AXI/I_RD_CHNL/GEN_NO_RD_CMD_OPT.I_WRAP_BRST/SR[0]                              |               16 |             33 |         2.06 |
|  zynq_ejemplo_i/processing_system7_0/inst/FCLK_CLK0 | zynq_ejemplo_i/axi_interconnect_0/xbar/inst/gen_samd.crossbar_samd/gen_master_slots[0].reg_slice_mi/r.r_pipe/p_1_in_0                                                                                            |                                                                                                                                                             |               15 |             45 |         3.00 |
|  zynq_ejemplo_i/processing_system7_0/inst/FCLK_CLK0 | zynq_ejemplo_i/axi_interconnect_0/xbar/inst/gen_samd.crossbar_samd/gen_master_slots[0].reg_slice_mi/r.r_pipe/s_ready_i_reg_0                                                                                     |                                                                                                                                                             |               10 |             45 |         4.50 |
|  zynq_ejemplo_i/processing_system7_0/inst/FCLK_CLK0 | zynq_ejemplo_i/axi_interconnect_0/m00_couplers/auto_pc/inst/gen_axilite.gen_b2s_conv.axilite_b2s/SI_REG/r.r_pipe/p_1_in                                                                                          |                                                                                                                                                             |                8 |             45 |         5.62 |
|  zynq_ejemplo_i/processing_system7_0/inst/FCLK_CLK0 | zynq_ejemplo_i/axi_interconnect_0/m00_couplers/auto_pc/inst/gen_axilite.gen_b2s_conv.axilite_b2s/SI_REG/r.r_pipe/s_ready_i_reg_0                                                                                 |                                                                                                                                                             |               10 |             45 |         4.50 |
|  zynq_ejemplo_i/processing_system7_0/inst/FCLK_CLK0 | zynq_ejemplo_i/axi_interconnect_0/xbar/inst/gen_samd.crossbar_samd/gen_slave_slots[0].gen_si_read.si_transactor_ar/gen_multi_thread.arbiter_resp_inst/chosen_reg[1]_1[0]                                         |                                                                                                                                                             |               12 |             45 |         3.75 |
|  zynq_ejemplo_i/processing_system7_0/inst/FCLK_CLK0 | zynq_ejemplo_i/axi_interconnect_0/xbar/inst/gen_samd.crossbar_samd/gen_master_slots[1].reg_slice_mi/r.r_pipe/s_ready_i_reg_0                                                                                     |                                                                                                                                                             |               12 |             45 |         3.75 |
|  zynq_ejemplo_i/processing_system7_0/inst/FCLK_CLK0 |                                                                                                                                                                                                                  |                                                                                                                                                             |               60 |            163 |         2.72 |
+-----------------------------------------------------+------------------------------------------------------------------------------------------------------------------------------------------------------------------------------------------------------------------+-------------------------------------------------------------------------------------------------------------------------------------------------------------+------------------+----------------+--------------+


