#-----------------------------------------------------------
# Vivado v2024.2 (64-bit)
# SW Build 5239630 on Fri Nov 08 22:35:27 MST 2024
# IP Build 5239520 on Sun Nov 10 16:12:51 MST 2024
# SharedData Build 5239561 on Fri Nov 08 14:39:27 MST 2024
# Start of session at: Wed May 14 21:20:22 2025
# Process ID         : 13916
# Current directory  : D:/Ing electronica - unal/7_semestre/digital_electronics_2/digital-2-lab/lab2_fsm/fsm_practica2
# Command line       : vivado.exe -gui_launcher_event rodinguilauncherevent13216 D:\Ing electronica - unal\7_semestre\digital_electronics_2\digital-2-lab\lab2_fsm\fsm_practica2\fsm_practica2.xpr
# Log file           : D:/Ing electronica - unal/7_semestre/digital_electronics_2/digital-2-lab/lab2_fsm/fsm_practica2/vivado.log
# Journal file       : D:/Ing electronica - unal/7_semestre/digital_electronics_2/digital-2-lab/lab2_fsm/fsm_practica2\vivado.jou
# Running On         : DESKTOP-J5MV1M4
# Platform           : Windows Server 2016 or Windows 10
# Operating System   : 26100
# Processor Detail   : AMD Ryzen 5 3400G with Radeon Vega Graphics    
# CPU Frequency      : 3693 MHz
# CPU Physical cores : 4
# CPU Logical cores  : 8
# Host memory        : 17107 MB
# Swap memory        : 4831 MB
# Total Virtual      : 21939 MB
# Available Virtual  : 5886 MB
#-----------------------------------------------------------
start_gui
open_project {D:/Ing electronica - unal/7_semestre/digital_electronics_2/digital-2-lab/lab2_fsm/fsm_practica2/fsm_practica2.xpr}
INFO: [ProjectBase 1-489] The host OS only allows 260 characters in a normal path. The project is stored in a path with more than 80 characters. If you experience issues with IP, Block Designs, or files not being found, please consider moving the project to a location with a shorter path. Alternately consider using the OS subst command to map part of the path to a drive letter.
Current project path is 'D:/Ing electronica - unal/7_semestre/digital_electronics_2/digital-2-lab/lab2_fsm/fsm_practica2'
WARNING: [Board 49-91] Board repository path 'Diaz/AppData/Roaming/Xilinx/Vivado/electronica' does not exist, it will not be used to search board files.
WARNING: [Board 49-91] Board repository path 'Diaz/AppData/Roaming/Xilinx/Vivado/-' does not exist, it will not be used to search board files.
WARNING: [Board 49-91] Board repository path 'Diaz/AppData/Roaming/Xilinx/Vivado/unal/7_semestre/digital_electronics_2/digital-2-lab/project_1/electronica' does not exist, it will not be used to search board files.
WARNING: [Board 49-91] Board repository path 'Diaz/AppData/Roaming/Xilinx/Vivado/unal/7_semestre/digital_electronics_2/digital-2-lab/project_1/-' does not exist, it will not be used to search board files.
WARNING: [Board 49-91] Board repository path 'Diaz/AppData/Roaming/Xilinx/Vivado/unal/7_semestre/digital_electronics_2/digital-2-lab/project_1/unal/7_semestre/digital_electronics_2/digital-2-lab/project_1/Diaz/AppData/Roaming/Xilinx/Vivado/Diaz/AppData/Roaming/Xilinx/Vivado/2024.2/xhub/board_store/xilinx_board_store' does not exist, it will not be used to search board files.
INFO: [Project 1-313] Project file moved from 'C:/Users/Usuario/Desktop/UNAL/2025-1/Electrnica Digital II/fsm_practica2' since last save.
WARNING: [filemgmt 56-2] Board Part Repository Path: Could not find the directory 'D:/Ing electronica - unal/AppData/Roaming/Xilinx/Vivado/2024.2/xhub/board_store/xilinx_board_store', nor could it be found using path 'C:/Users/Usuario/AppData/Roaming/Xilinx/Vivado/2024.2/xhub/board_store/xilinx_board_store'.
INFO: [filemgmt 56-3] Default IP Output Path : Could not find the directory 'D:/Ing electronica - unal/7_semestre/digital_electronics_2/digital-2-lab/lab2_fsm/fsm_practica2/fsm_practica2.gen/sources_1'.
Scanning sources...
Finished scanning sources
INFO: [IP_Flow 19-234] Refreshing IP repositories
INFO: [IP_Flow 19-1704] No user IP repositories specified
INFO: [IP_Flow 19-2313] Loaded Vivado IP repository 'D:/programas/Vivado/2024.2/data/ip'.
open_project: Time (s): cpu = 00:00:19 ; elapsed = 00:00:20 . Memory (MB): peak = 1153.586 ; gain = 95.957
update_compile_order -fileset sources_1
close [ open {D:/Ing electronica - unal/7_semestre/digital_electronics_2/digital-2-lab/lab2_fsm/fsm_practica2/fsm_practica2.srcs/sources_1/new/clock_divider.v} w ]
add_files {{D:/Ing electronica - unal/7_semestre/digital_electronics_2/digital-2-lab/lab2_fsm/fsm_practica2/fsm_practica2.srcs/sources_1/new/clock_divider.v}}
update_compile_order -fileset sources_1
close [ open {D:/Ing electronica - unal/7_semestre/digital_electronics_2/digital-2-lab/lab2_fsm/fsm_practica2/fsm_practica2.srcs/sources_1/new/top.v} w ]
add_files {{D:/Ing electronica - unal/7_semestre/digital_electronics_2/digital-2-lab/lab2_fsm/fsm_practica2/fsm_practica2.srcs/sources_1/new/top.v}}
update_compile_order -fileset sources_1
WARNING: [filemgmt 56-199] Attempt to get parsing info during refresh. "On-the-fly" syntax checking information may be incorrect. [D:\Ing electronica - unal\7_semestre\digital_electronics_2\digital-2-lab\lab2_fsm\fsm_practica2\fsm_practica2.srcs\sources_1\new\clock_divider.v:]
WARNING: [filemgmt 56-199] Attempt to get parsing info during refresh. "On-the-fly" syntax checking information may be incorrect. [D:\Ing electronica - unal\7_semestre\digital_electronics_2\digital-2-lab\lab2_fsm\fsm_practica2\fsm_practica2.srcs\sources_1\new\fsm.v:]
WARNING: [filemgmt 56-199] Attempt to get parsing info during refresh. "On-the-fly" syntax checking information may be incorrect. [D:\Ing electronica - unal\7_semestre\digital_electronics_2\digital-2-lab\lab2_fsm\fsm_practica2\fsm_practica2.srcs\sources_1\new\fsm.v:]
WARNING: [filemgmt 56-199] Attempt to get parsing info during refresh. "On-the-fly" syntax checking information may be incorrect. [D:\Ing electronica - unal\7_semestre\digital_electronics_2\digital-2-lab\lab2_fsm\fsm_practica2\fsm_practica2.srcs\sources_1\new\fsm.v:]
WARNING: [filemgmt 56-199] Attempt to get parsing info during refresh. "On-the-fly" syntax checking information may be incorrect. [D:\Ing electronica - unal\7_semestre\digital_electronics_2\digital-2-lab\lab2_fsm\fsm_practica2\fsm_practica2.srcs\sources_1\new\clock_divider.v:]
WARNING: [filemgmt 56-199] Attempt to get parsing info during refresh. "On-the-fly" syntax checking information may be incorrect. [D:\Ing electronica - unal\7_semestre\digital_electronics_2\digital-2-lab\lab2_fsm\fsm_practica2\fsm_practica2.srcs\sources_1\new\fsm.v:]
WARNING: [filemgmt 56-199] Attempt to get parsing info during refresh. "On-the-fly" syntax checking information may be incorrect. [D:\Ing electronica - unal\7_semestre\digital_electronics_2\digital-2-lab\lab2_fsm\fsm_practica2\fsm_practica2.srcs\sources_1\new\fsm.v:]
WARNING: [filemgmt 56-199] Attempt to get parsing info during refresh. "On-the-fly" syntax checking information may be incorrect. [D:\Ing electronica - unal\7_semestre\digital_electronics_2\digital-2-lab\lab2_fsm\fsm_practica2\fsm_practica2.srcs\sources_1\new\fsm.v:]
ERROR: [Common 17-180] Spawn failed: No error
WARNING: [filemgmt 56-199] Attempt to get parsing info during refresh. "On-the-fly" syntax checking information may be incorrect. [D:\Ing electronica - unal\7_semestre\digital_electronics_2\digital-2-lab\lab2_fsm\fsm_practica2\fsm_practica2.srcs\sources_1\new\clock_divider.v:]
WARNING: [filemgmt 56-199] Attempt to get parsing info during refresh. "On-the-fly" syntax checking information may be incorrect. [D:\Ing electronica - unal\7_semestre\digital_electronics_2\digital-2-lab\lab2_fsm\fsm_practica2\fsm_practica2.srcs\sources_1\new\fsm.v:]
WARNING: [filemgmt 56-199] Attempt to get parsing info during refresh. "On-the-fly" syntax checking information may be incorrect. [D:\Ing electronica - unal\7_semestre\digital_electronics_2\digital-2-lab\lab2_fsm\fsm_practica2\fsm_practica2.srcs\sources_1\new\clock_divider.v:]
WARNING: [filemgmt 56-199] Attempt to get parsing info during refresh. "On-the-fly" syntax checking information may be incorrect. [D:\Ing electronica - unal\7_semestre\digital_electronics_2\digital-2-lab\lab2_fsm\fsm_practica2\fsm_practica2.srcs\sources_1\new\clock_divider.v:]
ERROR: [Common 17-180] Spawn failed: No error
WARNING: [filemgmt 56-199] Attempt to get parsing info during refresh. "On-the-fly" syntax checking information may be incorrect. [D:\Ing electronica - unal\7_semestre\digital_electronics_2\digital-2-lab\lab2_fsm\fsm_practica2\fsm_practica2.srcs\sources_1\new\clock_divider.v:]
WARNING: [filemgmt 56-199] Attempt to get parsing info during refresh. "On-the-fly" syntax checking information may be incorrect. [D:\Ing electronica - unal\7_semestre\digital_electronics_2\digital-2-lab\lab2_fsm\fsm_practica2\fsm_practica2.srcs\sources_1\new\fsm.v:]
WARNING: [filemgmt 56-199] Attempt to get parsing info during refresh. "On-the-fly" syntax checking information may be incorrect. [D:\Ing electronica - unal\7_semestre\digital_electronics_2\digital-2-lab\lab2_fsm\fsm_practica2\fsm_practica2.srcs\sources_1\new\fsm.v:]
WARNING: [filemgmt 56-199] Attempt to get parsing info during refresh. "On-the-fly" syntax checking information may be incorrect. [D:\Ing electronica - unal\7_semestre\digital_electronics_2\digital-2-lab\lab2_fsm\fsm_practica2\fsm_practica2.srcs\sources_1\new\fsm.v:]
WARNING: [filemgmt 56-199] Attempt to get parsing info during refresh. "On-the-fly" syntax checking information may be incorrect. [D:\Ing electronica - unal\7_semestre\digital_electronics_2\digital-2-lab\lab2_fsm\fsm_practica2\fsm_practica2.srcs\sources_1\new\clock_divider.v:]
WARNING: [filemgmt 56-199] Attempt to get parsing info during refresh. "On-the-fly" syntax checking information may be incorrect. [D:\Ing electronica - unal\7_semestre\digital_electronics_2\digital-2-lab\lab2_fsm\fsm_practica2\fsm_practica2.srcs\sources_1\new\top.v:]
WARNING: [filemgmt 56-199] Attempt to get parsing info during refresh. "On-the-fly" syntax checking information may be incorrect. [D:\Ing electronica - unal\7_semestre\digital_electronics_2\digital-2-lab\lab2_fsm\fsm_practica2\fsm_practica2.srcs\sources_1\new\fsm.v:]
WARNING: [filemgmt 56-199] Attempt to get parsing info during refresh. "On-the-fly" syntax checking information may be incorrect. [D:\Ing electronica - unal\7_semestre\digital_electronics_2\digital-2-lab\lab2_fsm\fsm_practica2\fsm_practica2.srcs\sources_1\new\clock_divider.v:]
WARNING: [filemgmt 56-199] Attempt to get parsing info during refresh. "On-the-fly" syntax checking information may be incorrect. [D:\Ing electronica - unal\7_semestre\digital_electronics_2\digital-2-lab\lab2_fsm\fsm_practica2\fsm_practica2.srcs\sources_1\new\clock_divider.v:]
ERROR: [Common 17-180] Spawn failed: No error
WARNING: [filemgmt 56-199] Attempt to get parsing info during refresh. "On-the-fly" syntax checking information may be incorrect. [D:\Ing electronica - unal\7_semestre\digital_electronics_2\digital-2-lab\lab2_fsm\fsm_practica2\fsm_practica2.srcs\sources_1\new\clock_divider.v:]
WARNING: [filemgmt 56-199] Attempt to get parsing info during refresh. "On-the-fly" syntax checking information may be incorrect. [D:\Ing electronica - unal\7_semestre\digital_electronics_2\digital-2-lab\lab2_fsm\fsm_practica2\fsm_practica2.srcs\sources_1\new\top.v:]
WARNING: [filemgmt 56-199] Attempt to get parsing info during refresh. "On-the-fly" syntax checking information may be incorrect. [D:\Ing electronica - unal\7_semestre\digital_electronics_2\digital-2-lab\lab2_fsm\fsm_practica2\fsm_practica2.srcs\sources_1\new\fsm.v:]
WARNING: [filemgmt 56-199] Attempt to get parsing info during refresh. "On-the-fly" syntax checking information may be incorrect. [D:\Ing electronica - unal\7_semestre\digital_electronics_2\digital-2-lab\lab2_fsm\fsm_practica2\fsm_practica2.srcs\sources_1\new\fsm.v:]
WARNING: [filemgmt 56-199] Attempt to get parsing info during refresh. "On-the-fly" syntax checking information may be incorrect. [D:\Ing electronica - unal\7_semestre\digital_electronics_2\digital-2-lab\lab2_fsm\fsm_practica2\fsm_practica2.srcs\sources_1\new\fsm.v:]
WARNING: [filemgmt 56-199] Attempt to get parsing info during refresh. "On-the-fly" syntax checking information may be incorrect. [D:\Ing electronica - unal\7_semestre\digital_electronics_2\digital-2-lab\lab2_fsm\fsm_practica2\fsm_practica2.srcs\sources_1\new\clock_divider.v:]
WARNING: [filemgmt 56-199] Attempt to get parsing info during refresh. "On-the-fly" syntax checking information may be incorrect. [D:\Ing electronica - unal\7_semestre\digital_electronics_2\digital-2-lab\lab2_fsm\fsm_practica2\fsm_practica2.srcs\sources_1\new\top.v:]
WARNING: [filemgmt 56-199] Attempt to get parsing info during refresh. "On-the-fly" syntax checking information may be incorrect. [D:\Ing electronica - unal\7_semestre\digital_electronics_2\digital-2-lab\lab2_fsm\fsm_practica2\fsm_practica2.srcs\sources_1\new\fsm.v:]
WARNING: [filemgmt 56-199] Attempt to get parsing info during refresh. "On-the-fly" syntax checking information may be incorrect. [D:\Ing electronica - unal\7_semestre\digital_electronics_2\digital-2-lab\lab2_fsm\fsm_practica2\fsm_practica2.srcs\sources_1\new\clock_divider.v:]
WARNING: [filemgmt 56-199] Attempt to get parsing info during refresh. "On-the-fly" syntax checking information may be incorrect. [D:\Ing electronica - unal\7_semestre\digital_electronics_2\digital-2-lab\lab2_fsm\fsm_practica2\fsm_practica2.srcs\sources_1\new\clock_divider.v:]
WARNING: [filemgmt 56-199] Attempt to get parsing info during refresh. "On-the-fly" syntax checking information may be incorrect. [D:\Ing electronica - unal\7_semestre\digital_electronics_2\digital-2-lab\lab2_fsm\fsm_practica2\fsm_practica2.srcs\sources_1\new\clock_divider.v:]
WARNING: [filemgmt 56-199] Attempt to get parsing info during refresh. "On-the-fly" syntax checking information may be incorrect. [D:\Ing electronica - unal\7_semestre\digital_electronics_2\digital-2-lab\lab2_fsm\fsm_practica2\fsm_practica2.srcs\sources_1\new\top.v:]
WARNING: [filemgmt 56-199] Attempt to get parsing info during refresh. "On-the-fly" syntax checking information may be incorrect. [D:\Ing electronica - unal\7_semestre\digital_electronics_2\digital-2-lab\lab2_fsm\fsm_practica2\fsm_practica2.srcs\sources_1\new\fsm.v:]
WARNING: [filemgmt 56-199] Attempt to get parsing info during refresh. "On-the-fly" syntax checking information may be incorrect. [D:\Ing electronica - unal\7_semestre\digital_electronics_2\digital-2-lab\lab2_fsm\fsm_practica2\fsm_practica2.srcs\sources_1\new\fsm.v:]
WARNING: [filemgmt 56-199] Attempt to get parsing info during refresh. "On-the-fly" syntax checking information may be incorrect. [D:\Ing electronica - unal\7_semestre\digital_electronics_2\digital-2-lab\lab2_fsm\fsm_practica2\fsm_practica2.srcs\sources_1\new\fsm.v:]
WARNING: [filemgmt 56-199] Attempt to get parsing info during refresh. "On-the-fly" syntax checking information may be incorrect. [D:\Ing electronica - unal\7_semestre\digital_electronics_2\digital-2-lab\lab2_fsm\fsm_practica2\fsm_practica2.srcs\sources_1\new\clock_divider.v:]
WARNING: [filemgmt 56-199] Attempt to get parsing info during refresh. "On-the-fly" syntax checking information may be incorrect. [D:\Ing electronica - unal\7_semestre\digital_electronics_2\digital-2-lab\lab2_fsm\fsm_practica2\fsm_practica2.srcs\sources_1\new\top.v:]
WARNING: [filemgmt 56-199] Attempt to get parsing info during refresh. "On-the-fly" syntax checking information may be incorrect. [D:\Ing electronica - unal\7_semestre\digital_electronics_2\digital-2-lab\lab2_fsm\fsm_practica2\fsm_practica2.srcs\sources_1\new\fsm.v:]
WARNING: [filemgmt 56-199] Attempt to get parsing info during refresh. "On-the-fly" syntax checking information may be incorrect. [D:\Ing electronica - unal\7_semestre\digital_electronics_2\digital-2-lab\lab2_fsm\fsm_practica2\fsm_practica2.srcs\sources_1\new\clock_divider.v:]
WARNING: [filemgmt 56-199] Attempt to get parsing info during refresh. "On-the-fly" syntax checking information may be incorrect. [D:\Ing electronica - unal\7_semestre\digital_electronics_2\digital-2-lab\lab2_fsm\fsm_practica2\fsm_practica2.srcs\sources_1\new\clock_divider.v:]
set_property top control [current_fileset]
launch_runs synth_1 -jobs 4
WARNING: [Vivado 12-7122] Auto Incremental Compile:: No reference checkpoint was found in run synth_1. Auto-incremental flow will not be run, the standard flow will be run instead.
[Wed May 14 21:58:07 2025] Launched synth_1...
Run output will be captured here: D:/Ing electronica - unal/7_semestre/digital_electronics_2/digital-2-lab/lab2_fsm/fsm_practica2/fsm_practica2.runs/synth_1/runme.log
launch_runs impl_1 -jobs 4
[Wed May 14 21:59:50 2025] Launched impl_1...
Run output will be captured here: D:/Ing electronica - unal/7_semestre/digital_electronics_2/digital-2-lab/lab2_fsm/fsm_practica2/fsm_practica2.runs/impl_1/runme.log
open_run impl_1
INFO: [Device 21-403] Loading part xc7z010clg400-1
Netlist sorting complete. Time (s): cpu = 00:00:00 ; elapsed = 00:00:00 . Memory (MB): peak = 1438.418 ; gain = 0.000
INFO: [Netlist 29-17] Analyzing 1 Unisim elements for replacement
INFO: [Netlist 29-28] Unisim Transformation completed in 0 CPU seconds
INFO: [Project 1-479] Netlist was created with Vivado 2024.2
INFO: [Project 1-570] Preparing netlist for logic optimization
Read ShapeDB Complete: Time (s): cpu = 00:00:00 ; elapsed = 00:00:00.004 . Memory (MB): peak = 1533.164 ; gain = 0.074
INFO: [Designutils 20-5722] Start Reading Physical Databases.
Reading placement.
Read Netlist Cache: Time (s): cpu = 00:00:00 ; elapsed = 00:00:00.001 . Memory (MB): peak = 1534.176 ; gain = 0.000
Reading placer database...
Read Device Cache: Time (s): cpu = 00:00:00 ; elapsed = 00:00:00.019 . Memory (MB): peak = 1538.188 ; gain = 4.012
Read PlaceDB: Time (s): cpu = 00:00:00 ; elapsed = 00:00:00.002 . Memory (MB): peak = 1538.492 ; gain = 0.211
Read PulsedLatchDB: Time (s): cpu = 00:00:00 ; elapsed = 00:00:00 . Memory (MB): peak = 1538.492 ; gain = 0.000
Reading routing.
Read RouteStorage: Time (s): cpu = 00:00:00 ; elapsed = 00:00:00.021 . Memory (MB): peak = 1541.762 ; gain = 3.270
Read Physdb Files: Time (s): cpu = 00:00:00 ; elapsed = 00:00:00.063 . Memory (MB): peak = 1541.762 ; gain = 7.586
Restored from archive | CPU: 0.000000 secs | Memory: 0.000000 MB |
Finished XDEF File Restore: Time (s): cpu = 00:00:00 ; elapsed = 00:00:00.064 . Memory (MB): peak = 1541.762 ; gain = 7.586
Netlist sorting complete. Time (s): cpu = 00:00:00 ; elapsed = 00:00:00 . Memory (MB): peak = 1939.434 ; gain = 0.000
INFO: [Project 1-111] Unisim Transformation Summary:
No Unisim elements were transformed.

open_run: Time (s): cpu = 00:00:24 ; elapsed = 00:00:19 . Memory (MB): peak = 2243.215 ; gain = 1002.578
WARNING: [Timing 38-313] There are no user specified timing constraints. Timing constraints are needed for proper timing analysis.
WARNING: [filemgmt 56-199] Attempt to get parsing info during refresh. "On-the-fly" syntax checking information may be incorrect. [D:\Ing electronica - unal\7_semestre\digital_electronics_2\digital-2-lab\lab2_fsm\fsm_practica2\fsm_practica2.srcs\sources_1\new\clock_divider.v:]
WARNING: [filemgmt 56-199] Attempt to get parsing info during refresh. "On-the-fly" syntax checking information may be incorrect. [D:\Ing electronica - unal\7_semestre\digital_electronics_2\digital-2-lab\lab2_fsm\fsm_practica2\fsm_practica2.srcs\sources_1\new\top.v:]
WARNING: [filemgmt 56-199] Attempt to get parsing info during refresh. "On-the-fly" syntax checking information may be incorrect. [D:\Ing electronica - unal\7_semestre\digital_electronics_2\digital-2-lab\lab2_fsm\fsm_practica2\fsm_practica2.srcs\sim_1\new\fsm_tb.v:]
WARNING: [filemgmt 56-199] Attempt to get parsing info during refresh. "On-the-fly" syntax checking information may be incorrect. [D:\Ing electronica - unal\7_semestre\digital_electronics_2\digital-2-lab\lab2_fsm\fsm_practica2\fsm_practica2.srcs\sources_1\new\fsm.v:]
WARNING: [filemgmt 56-199] Attempt to get parsing info during refresh. "On-the-fly" syntax checking information may be incorrect. [D:\Ing electronica - unal\7_semestre\digital_electronics_2\digital-2-lab\lab2_fsm\fsm_practica2\fsm_practica2.srcs\sources_1\new\fsm.v:]
WARNING: [filemgmt 56-199] Attempt to get parsing info during refresh. "On-the-fly" syntax checking information may be incorrect. [D:\Ing electronica - unal\7_semestre\digital_electronics_2\digital-2-lab\lab2_fsm\fsm_practica2\fsm_practica2.srcs\sources_1\new\fsm.v:]
WARNING: [filemgmt 56-199] Attempt to get parsing info during refresh. "On-the-fly" syntax checking information may be incorrect. [D:\Ing electronica - unal\7_semestre\digital_electronics_2\digital-2-lab\lab2_fsm\fsm_practica2\fsm_practica2.srcs\sources_1\new\clock_divider.v:]
WARNING: [filemgmt 56-199] Attempt to get parsing info during refresh. "On-the-fly" syntax checking information may be incorrect. [D:\Ing electronica - unal\7_semestre\digital_electronics_2\digital-2-lab\lab2_fsm\fsm_practica2\fsm_practica2.srcs\sources_1\new\top.v:]
WARNING: [filemgmt 56-199] Attempt to get parsing info during refresh. "On-the-fly" syntax checking information may be incorrect. [D:\Ing electronica - unal\7_semestre\digital_electronics_2\digital-2-lab\lab2_fsm\fsm_practica2\fsm_practica2.srcs\sim_1\new\fsm_tb.v:]
WARNING: [filemgmt 56-199] Attempt to get parsing info during refresh. "On-the-fly" syntax checking information may be incorrect. [D:\Ing electronica - unal\7_semestre\digital_electronics_2\digital-2-lab\lab2_fsm\fsm_practica2\fsm_practica2.srcs\sources_1\new\fsm.v:]
WARNING: [filemgmt 56-199] Attempt to get parsing info during refresh. "On-the-fly" syntax checking information may be incorrect. [D:\Ing electronica - unal\7_semestre\digital_electronics_2\digital-2-lab\lab2_fsm\fsm_practica2\fsm_practica2.srcs\sim_1\new\fsm_tb.v:]
WARNING: [filemgmt 56-199] Attempt to get parsing info during refresh. "On-the-fly" syntax checking information may be incorrect. [D:\Ing electronica - unal\7_semestre\digital_electronics_2\digital-2-lab\lab2_fsm\fsm_practica2\fsm_practica2.srcs\sim_1\new\fsm_tb.v:]
ERROR: [Common 17-180] Spawn failed: No error
ERROR: [Common 17-180] Spawn failed: No error
launch_simulation
Command: launch_simulation 
INFO: [Vivado 12-12493] Simulation top is 'control_tb'
WARNING: [Vivado 12-13340] Unable to auto find GCC executables from simulator install path! (path not set)
INFO: [Vivado 12-5682] Launching behavioral simulation in 'D:/Ing electronica - unal/7_semestre/digital_electronics_2/digital-2-lab/lab2_fsm/fsm_practica2/fsm_practica2.sim/sim_1/behav/xsim'
INFO: [SIM-utils-51] Simulation object is 'sim_1'
INFO: [SIM-utils-72] Using boost library from 'D:/programas/Vivado/2024.2/tps/boost_1_72_0'
INFO: [SIM-utils-54] Inspecting design source files for 'control_tb' in fileset 'sim_1'...
INFO: [USF-XSim-97] Finding global include files...
INFO: [USF-XSim-98] Fetching design files from 'sim_1'...
INFO: [USF-XSim-2] XSim::Compile design
INFO: [USF-XSim-61] Executing 'COMPILE and ANALYZE' step in 'D:/Ing electronica - unal/7_semestre/digital_electronics_2/digital-2-lab/lab2_fsm/fsm_practica2/fsm_practica2.sim/sim_1/behav/xsim'
"xvlog --incr --relax -prj control_tb_vlog.prj"
INFO: [VRFC 10-2263] Analyzing Verilog file "D:/Ing electronica - unal/7_semestre/digital_electronics_2/digital-2-lab/lab2_fsm/fsm_practica2/fsm_practica2.srcs/sources_1/new/fsm.v" into library xil_defaultlib
INFO: [VRFC 10-311] analyzing module control
INFO: [VRFC 10-2263] Analyzing Verilog file "D:/Ing electronica - unal/7_semestre/digital_electronics_2/digital-2-lab/lab2_fsm/fsm_practica2/fsm_practica2.srcs/sim_1/new/fsm_tb.v" into library xil_defaultlib
INFO: [VRFC 10-311] analyzing module control_tb
INFO: [VRFC 10-2263] Analyzing Verilog file "D:/Ing electronica - unal/7_semestre/digital_electronics_2/digital-2-lab/lab2_fsm/fsm_practica2/fsm_practica2.sim/sim_1/behav/xsim/glbl.v" into library xil_defaultlib
INFO: [VRFC 10-311] analyzing module glbl
run_program: Time (s): cpu = 00:00:00 ; elapsed = 00:00:08 . Memory (MB): peak = 2349.023 ; gain = 0.000
INFO: [USF-XSim-69] 'compile' step finished in '8' seconds
INFO: [USF-XSim-3] XSim::Elaborate design
INFO: [USF-XSim-61] Executing 'ELABORATE' step in 'D:/Ing electronica - unal/7_semestre/digital_electronics_2/digital-2-lab/lab2_fsm/fsm_practica2/fsm_practica2.sim/sim_1/behav/xsim'
"xelab --incr --debug typical --relax --mt 2 -L xil_defaultlib -L unisims_ver -L unimacro_ver -L secureip --snapshot control_tb_behav xil_defaultlib.control_tb xil_defaultlib.glbl -log elaborate.log"
Vivado Simulator v2024.2.0
Copyright 1986-2022 Xilinx, Inc. All Rights Reserved.
Copyright 2022-2024 Advanced Micro Devices, Inc. All Rights Reserved.
Running: D:/programas/Vivado/2024.2/bin/unwrapped/win64.o/xelab.exe --incr --debug typical --relax --mt 2 -L xil_defaultlib -L unisims_ver -L unimacro_ver -L secureip --snapshot control_tb_behav xil_defaultlib.control_tb xil_defaultlib.glbl -log elaborate.log 
Using 2 slave threads.
Starting static elaboration
Pass Through NonSizing Optimizer
Completed static elaboration
Starting simulation data flow analysis
WARNING: [XSIM 43-4099] "D:/Ing electronica - unal/7_semestre/digital_electronics_2/digital-2-lab/lab2_fsm/fsm_practica2/fsm_practica2.srcs/sources_1/new/fsm.v" Line 1. Module control doesn't have a timescale but at least one module in design has a timescale.
WARNING: [XSIM 43-4099] "D:/Ing electronica - unal/7_semestre/digital_electronics_2/digital-2-lab/lab2_fsm/fsm_practica2/fsm_practica2.srcs/sources_1/new/fsm.v" Line 1. Module control doesn't have a timescale but at least one module in design has a timescale.
Completed simulation data flow analysis
Time Resolution for simulation is 1ps
Compiling module xil_defaultlib.control
Compiling module xil_defaultlib.control_tb
Compiling module xil_defaultlib.glbl
Built simulation snapshot control_tb_behav
run_program: Time (s): cpu = 00:00:01 ; elapsed = 00:00:13 . Memory (MB): peak = 2349.023 ; gain = 0.000
INFO: [USF-XSim-69] 'elaborate' step finished in '13' seconds
INFO: [USF-XSim-4] XSim::Simulate design
INFO: [USF-XSim-61] Executing 'SIMULATE' step in 'D:/Ing electronica - unal/7_semestre/digital_electronics_2/digital-2-lab/lab2_fsm/fsm_practica2/fsm_practica2.sim/sim_1/behav/xsim'
INFO: [USF-XSim-98] *** Running xsim
   with args "control_tb_behav -key {Behavioral:sim_1:Functional:control_tb} -tclbatch {control_tb.tcl} -log {simulate.log}"
INFO: [USF-XSim-8] Loading simulator feature
Time resolution is 1 ps
source control_tb.tcl
# set curr_wave [current_wave_config]
# if { [string length $curr_wave] == 0 } {
#   if { [llength [get_objects]] > 0} {
#     add_wave /
#     set_property needs_save false [current_wave_config]
#   } else {
#      send_msg_id Add_Wave-1 WARNING "No top level signals found. Simulator will start without a wave window. If you want to open a wave window go to 'File->New Waveform Configuration' or type 'create_wave_config' in the TCL console."
#   }
# }
# run 1000ns
Tiempo:                    0ns | Estado: RRADO | Contador:  0 | Salidas: Abierta=0, Cerrada=1, Movimiento=0
Iniciando prueba: Apertura y cierre completo
Tiempo:        1000000000000ns | Estado: RRADO | Contador:  1 | Salidas: Abierta=0, Cerrada=1, Movimiento=0
Tiempo:        3000000000000ns | Estado: IENDO | Contador:  2 | Salidas: Abierta=0, Cerrada=0, Movimiento=1
Tiempo:        5000000000000ns | Estado: IENDO | Contador:  3 | Salidas: Abierta=0, Cerrada=0, Movimiento=1
Tiempo:        7000000000000ns | Estado: IENDO | Contador:  4 | Salidas: Abierta=0, Cerrada=0, Movimiento=1
Tiempo:        9000000000000ns | Estado: IENDO | Contador:  5 | Salidas: Abierta=0, Cerrada=0, Movimiento=1
Tiempo:       11000000000000ns | Estado: IENDO | Contador:  6 | Salidas: Abierta=0, Cerrada=0, Movimiento=1
Tiempo:       13000000000000ns | Estado: IENDO | Contador:  7 | Salidas: Abierta=0, Cerrada=0, Movimiento=1
Tiempo:       15000000000000ns | Estado: IENDO | Contador:  8 | Salidas: Abierta=0, Cerrada=0, Movimiento=1
Tiempo:       17000000000000ns | Estado: IENDO | Contador:  9 | Salidas: Abierta=0, Cerrada=0, Movimiento=1
Tiempo:       19000000000000ns | Estado: IENDO | Contador: 10 | Salidas: Abierta=0, Cerrada=0, Movimiento=1
Tiempo:       21000000000000ns | Estado: IERTO | Contador: 11 | Salidas: Abierta=1, Cerrada=0, Movimiento=0
Tiempo:       23000000000000ns | Estado: IERTO | Contador: 12 | Salidas: Abierta=1, Cerrada=0, Movimiento=0
Tiempo:       25000000000000ns | Estado: IERTO | Contador: 13 | Salidas: Abierta=1, Cerrada=0, Movimiento=0
Tiempo:       27000000000000ns | Estado: IERTO | Contador: 14 | Salidas: Abierta=1, Cerrada=0, Movimiento=0
Tiempo:       29000000000000ns | Estado: IERTO | Contador: 15 | Salidas: Abierta=1, Cerrada=0, Movimiento=0
Tiempo:       31000000000000ns | Estado: RANDO | Contador: 16 | Salidas: Abierta=0, Cerrada=0, Movimiento=1
Tiempo:       33000000000000ns | Estado: RRADO | Contador: 17 | Salidas: Abierta=0, Cerrada=1, Movimiento=0
Tiempo:       35000000000000ns | Estado: RRADO | Contador: 18 | Salidas: Abierta=0, Cerrada=1, Movimiento=0
Tiempo:       37000000000000ns | Estado: RRADO | Contador: 19 | Salidas: Abierta=0, Cerrada=1, Movimiento=0

Iniciando prueba: Apertura y cierre por sensor de salida
Tiempo:       39000000000000ns | Estado: IENDO | Contador: 20 | Salidas: Abierta=0, Cerrada=0, Movimiento=1
Tiempo:       41000000000000ns | Estado: IERTO | Contador: 21 | Salidas: Abierta=1, Cerrada=0, Movimiento=0
Tiempo:       43000000000000ns | Estado: RANDO | Contador: 22 | Salidas: Abierta=0, Cerrada=0, Movimiento=1
Tiempo:       45000000000000ns | Estado: RRADO | Contador: 23 | Salidas: Abierta=0, Cerrada=1, Movimiento=0
Tiempo:       47000000000000ns | Estado: RRADO | Contador: 24 | Salidas: Abierta=0, Cerrada=1, Movimiento=0
Tiempo:       49000000000000ns | Estado: RRADO | Contador: 25 | Salidas: Abierta=0, Cerrada=1, Movimiento=0
Tiempo:       51000000000000ns | Estado: RRADO | Contador: 26 | Salidas: Abierta=0, Cerrada=1, Movimiento=0
Tiempo:       53000000000000ns | Estado: RRADO | Contador: 27 | Salidas: Abierta=0, Cerrada=1, Movimiento=0
Tiempo:       55000000000000ns | Estado: RRADO | Contador: 28 | Salidas: Abierta=0, Cerrada=1, Movimiento=0
Tiempo:       57000000000000ns | Estado: RRADO | Contador: 29 | Salidas: Abierta=0, Cerrada=1, Movimiento=0
Tiempo:       59000000000000ns | Estado: RRADO | Contador: 30 | Salidas: Abierta=0, Cerrada=1, Movimiento=0
Tiempo:       61000000000000ns | Estado: RRADO | Contador: 31 | Salidas: Abierta=0, Cerrada=1, Movimiento=0

Pruebas completadas
$finish called at time : 62 ps : File "D:/Ing electronica - unal/7_semestre/digital_electronics_2/digital-2-lab/lab2_fsm/fsm_practica2/fsm_practica2.srcs/sim_1/new/fsm_tb.v" Line 91
xsim: Time (s): cpu = 00:00:08 ; elapsed = 00:00:07 . Memory (MB): peak = 2408.758 ; gain = 53.262
INFO: [USF-XSim-96] XSim completed. Design snapshot 'control_tb_behav' loaded.
INFO: [USF-XSim-97] XSim simulation ran for 1000ns
launch_simulation: Time (s): cpu = 00:00:11 ; elapsed = 00:00:30 . Memory (MB): peak = 2408.758 ; gain = 59.734
WARNING: [filemgmt 56-199] Attempt to get parsing info during refresh. "On-the-fly" syntax checking information may be incorrect. [D:\Ing electronica - unal\7_semestre\digital_electronics_2\digital-2-lab\lab2_fsm\fsm_practica2\fsm_practica2.srcs\sources_1\new\clock_divider.v:]
WARNING: [filemgmt 56-199] Attempt to get parsing info during refresh. "On-the-fly" syntax checking information may be incorrect. [D:\Ing electronica - unal\7_semestre\digital_electronics_2\digital-2-lab\lab2_fsm\fsm_practica2\fsm_practica2.srcs\sources_1\new\top.v:]
WARNING: [filemgmt 56-199] Attempt to get parsing info during refresh. "On-the-fly" syntax checking information may be incorrect. [D:\Ing electronica - unal\7_semestre\digital_electronics_2\digital-2-lab\lab2_fsm\fsm_practica2\fsm_practica2.srcs\sim_1\new\fsm_tb.v:]
WARNING: [filemgmt 56-199] Attempt to get parsing info during refresh. "On-the-fly" syntax checking information may be incorrect. [D:\Ing electronica - unal\7_semestre\digital_electronics_2\digital-2-lab\lab2_fsm\fsm_practica2\fsm_practica2.srcs\sources_1\new\fsm.v:]
WARNING: [filemgmt 56-199] Attempt to get parsing info during refresh. "On-the-fly" syntax checking information may be incorrect. [D:\Ing electronica - unal\7_semestre\digital_electronics_2\digital-2-lab\lab2_fsm\fsm_practica2\fsm_practica2.srcs\sources_1\new\clock_divider.v:]
WARNING: [filemgmt 56-199] Attempt to get parsing info during refresh. "On-the-fly" syntax checking information may be incorrect. [D:\Ing electronica - unal\7_semestre\digital_electronics_2\digital-2-lab\lab2_fsm\fsm_practica2\fsm_practica2.srcs\sources_1\new\clock_divider.v:]
WARNING: [filemgmt 56-199] Attempt to get parsing info during refresh. "On-the-fly" syntax checking information may be incorrect. [D:\Ing electronica - unal\7_semestre\digital_electronics_2\digital-2-lab\lab2_fsm\fsm_practica2\fsm_practica2.srcs\sources_1\new\clock_divider.v:]
WARNING: [filemgmt 56-199] Attempt to get parsing info during refresh. "On-the-fly" syntax checking information may be incorrect. [D:\Ing electronica - unal\7_semestre\digital_electronics_2\digital-2-lab\lab2_fsm\fsm_practica2\fsm_practica2.srcs\sources_1\new\top.v:]
WARNING: [filemgmt 56-199] Attempt to get parsing info during refresh. "On-the-fly" syntax checking information may be incorrect. [D:\Ing electronica - unal\7_semestre\digital_electronics_2\digital-2-lab\lab2_fsm\fsm_practica2\fsm_practica2.srcs\sim_1\new\fsm_tb.v:]
WARNING: [filemgmt 56-199] Attempt to get parsing info during refresh. "On-the-fly" syntax checking information may be incorrect. [D:\Ing electronica - unal\7_semestre\digital_electronics_2\digital-2-lab\lab2_fsm\fsm_practica2\fsm_practica2.srcs\sources_1\new\fsm.v:]
WARNING: [filemgmt 56-199] Attempt to get parsing info during refresh. "On-the-fly" syntax checking information may be incorrect. [D:\Ing electronica - unal\7_semestre\digital_electronics_2\digital-2-lab\lab2_fsm\fsm_practica2\fsm_practica2.srcs\sim_1\new\fsm_tb.v:]
WARNING: [filemgmt 56-199] Attempt to get parsing info during refresh. "On-the-fly" syntax checking information may be incorrect. [D:\Ing electronica - unal\7_semestre\digital_electronics_2\digital-2-lab\lab2_fsm\fsm_practica2\fsm_practica2.srcs\sim_1\new\fsm_tb.v:]
ERROR: [Common 17-180] Spawn failed: No error
WARNING: [filemgmt 56-199] Attempt to get parsing info during refresh. "On-the-fly" syntax checking information may be incorrect. [D:\Ing electronica - unal\7_semestre\digital_electronics_2\digital-2-lab\lab2_fsm\fsm_practica2\fsm_practica2.srcs\sources_1\new\clock_divider.v:]
WARNING: [filemgmt 56-199] Attempt to get parsing info during refresh. "On-the-fly" syntax checking information may be incorrect. [D:\Ing electronica - unal\7_semestre\digital_electronics_2\digital-2-lab\lab2_fsm\fsm_practica2\fsm_practica2.srcs\sources_1\new\top.v:]
WARNING: [filemgmt 56-199] Attempt to get parsing info during refresh. "On-the-fly" syntax checking information may be incorrect. [D:\Ing electronica - unal\7_semestre\digital_electronics_2\digital-2-lab\lab2_fsm\fsm_practica2\fsm_practica2.srcs\sim_1\new\fsm_tb.v:]
WARNING: [filemgmt 56-199] Attempt to get parsing info during refresh. "On-the-fly" syntax checking information may be incorrect. [D:\Ing electronica - unal\7_semestre\digital_electronics_2\digital-2-lab\lab2_fsm\fsm_practica2\fsm_practica2.srcs\sources_1\new\fsm.v:]
WARNING: [filemgmt 56-199] Attempt to get parsing info during refresh. "On-the-fly" syntax checking information may be incorrect. [D:\Ing electronica - unal\7_semestre\digital_electronics_2\digital-2-lab\lab2_fsm\fsm_practica2\fsm_practica2.srcs\sources_1\new\top.v:]
WARNING: [filemgmt 56-199] Attempt to get parsing info during refresh. "On-the-fly" syntax checking information may be incorrect. [D:\Ing electronica - unal\7_semestre\digital_electronics_2\digital-2-lab\lab2_fsm\fsm_practica2\fsm_practica2.srcs\sources_1\new\top.v:]
ERROR: [Common 17-180] Spawn failed: No error
close_sim
INFO: [Simtcl 6-16] Simulation closed
launch_simulation
Command: launch_simulation 
INFO: [Vivado 12-12493] Simulation top is 'control_tb'
WARNING: [Vivado 12-13340] Unable to auto find GCC executables from simulator install path! (path not set)
INFO: [Vivado 12-5682] Launching behavioral simulation in 'D:/Ing electronica - unal/7_semestre/digital_electronics_2/digital-2-lab/lab2_fsm/fsm_practica2/fsm_practica2.sim/sim_1/behav/xsim'
INFO: [SIM-utils-51] Simulation object is 'sim_1'
INFO: [SIM-utils-72] Using boost library from 'D:/programas/Vivado/2024.2/tps/boost_1_72_0'
INFO: [SIM-utils-54] Inspecting design source files for 'control_tb' in fileset 'sim_1'...
INFO: [USF-XSim-97] Finding global include files...
INFO: [USF-XSim-98] Fetching design files from 'sim_1'...
INFO: [USF-XSim-2] XSim::Compile design
INFO: [USF-XSim-61] Executing 'COMPILE and ANALYZE' step in 'D:/Ing electronica - unal/7_semestre/digital_electronics_2/digital-2-lab/lab2_fsm/fsm_practica2/fsm_practica2.sim/sim_1/behav/xsim'
"xvlog --incr --relax -prj control_tb_vlog.prj"
INFO: [VRFC 10-2263] Analyzing Verilog file "D:/Ing electronica - unal/7_semestre/digital_electronics_2/digital-2-lab/lab2_fsm/fsm_practica2/fsm_practica2.srcs/sources_1/new/fsm.v" into library xil_defaultlib
INFO: [VRFC 10-311] analyzing module control
INFO: [VRFC 10-2263] Analyzing Verilog file "D:/Ing electronica - unal/7_semestre/digital_electronics_2/digital-2-lab/lab2_fsm/fsm_practica2/fsm_practica2.srcs/sim_1/new/fsm_tb.v" into library xil_defaultlib
INFO: [VRFC 10-311] analyzing module control_tb
INFO: [USF-XSim-69] 'compile' step finished in '3' seconds
INFO: [USF-XSim-3] XSim::Elaborate design
INFO: [USF-XSim-61] Executing 'ELABORATE' step in 'D:/Ing electronica - unal/7_semestre/digital_electronics_2/digital-2-lab/lab2_fsm/fsm_practica2/fsm_practica2.sim/sim_1/behav/xsim'
"xelab --incr --debug typical --relax --mt 2 -L xil_defaultlib -L unisims_ver -L unimacro_ver -L secureip --snapshot control_tb_behav xil_defaultlib.control_tb xil_defaultlib.glbl -log elaborate.log"
Vivado Simulator v2024.2.0
Copyright 1986-2022 Xilinx, Inc. All Rights Reserved.
Copyright 2022-2024 Advanced Micro Devices, Inc. All Rights Reserved.
Running: D:/programas/Vivado/2024.2/bin/unwrapped/win64.o/xelab.exe --incr --debug typical --relax --mt 2 -L xil_defaultlib -L unisims_ver -L unimacro_ver -L secureip --snapshot control_tb_behav xil_defaultlib.control_tb xil_defaultlib.glbl -log elaborate.log 
Using 2 slave threads.
Starting static elaboration
Pass Through NonSizing Optimizer
Completed static elaboration
Starting simulation data flow analysis
WARNING: [XSIM 43-4099] "D:/Ing electronica - unal/7_semestre/digital_electronics_2/digital-2-lab/lab2_fsm/fsm_practica2/fsm_practica2.srcs/sources_1/new/fsm.v" Line 1. Module control doesn't have a timescale but at least one module in design has a timescale.
WARNING: [XSIM 43-4099] "D:/Ing electronica - unal/7_semestre/digital_electronics_2/digital-2-lab/lab2_fsm/fsm_practica2/fsm_practica2.srcs/sources_1/new/fsm.v" Line 1. Module control doesn't have a timescale but at least one module in design has a timescale.
Completed simulation data flow analysis
Time Resolution for simulation is 1ps
Compiling module xil_defaultlib.control
Compiling module xil_defaultlib.control_tb
Compiling module xil_defaultlib.glbl
Built simulation snapshot control_tb_behav
INFO: [USF-XSim-69] 'elaborate' step finished in '3' seconds
INFO: [USF-XSim-4] XSim::Simulate design
INFO: [USF-XSim-61] Executing 'SIMULATE' step in 'D:/Ing electronica - unal/7_semestre/digital_electronics_2/digital-2-lab/lab2_fsm/fsm_practica2/fsm_practica2.sim/sim_1/behav/xsim'
INFO: [USF-XSim-98] *** Running xsim
   with args "control_tb_behav -key {Behavioral:sim_1:Functional:control_tb} -tclbatch {control_tb.tcl} -log {simulate.log}"
INFO: [USF-XSim-8] Loading simulator feature
Time resolution is 1 ps
source control_tb.tcl
# set curr_wave [current_wave_config]
# if { [string length $curr_wave] == 0 } {
#   if { [llength [get_objects]] > 0} {
#     add_wave /
#     set_property needs_save false [current_wave_config]
#   } else {
#      send_msg_id Add_Wave-1 WARNING "No top level signals found. Simulator will start without a wave window. If you want to open a wave window go to 'File->New Waveform Configuration' or type 'create_wave_config' in the TCL console."
#   }
# }
# run 1000ns
Tiempo:                    0ns | Estado:  | Contador:  0 | Salidas: Abierta=0, Cerrada=1, Movimiento=0
Iniciando prueba: Apertura y cierre completo
Tiempo:        1000000000000ns | Estado:  | Contador:  1 | Salidas: Abierta=0, Cerrada=1, Movimiento=0
Tiempo:        3000000000000ns | Estado:  | Contador:  2 | Salidas: Abierta=0, Cerrada=0, Movimiento=1
Tiempo:        5000000000000ns | Estado:  | Contador:  3 | Salidas: Abierta=0, Cerrada=0, Movimiento=1
Tiempo:        7000000000000ns | Estado:  | Contador:  4 | Salidas: Abierta=0, Cerrada=0, Movimiento=1
Tiempo:        9000000000000ns | Estado:  | Contador:  5 | Salidas: Abierta=0, Cerrada=0, Movimiento=1
Tiempo:       11000000000000ns | Estado:  | Contador:  6 | Salidas: Abierta=0, Cerrada=0, Movimiento=1
Tiempo:       13000000000000ns | Estado:  | Contador:  7 | Salidas: Abierta=0, Cerrada=0, Movimiento=1
Tiempo:       15000000000000ns | Estado:  | Contador:  8 | Salidas: Abierta=0, Cerrada=0, Movimiento=1
Tiempo:       17000000000000ns | Estado:  | Contador:  9 | Salidas: Abierta=0, Cerrada=0, Movimiento=1
Tiempo:       19000000000000ns | Estado:  | Contador: 10 | Salidas: Abierta=0, Cerrada=0, Movimiento=1
Tiempo:       21000000000000ns | Estado:  | Contador: 11 | Salidas: Abierta=1, Cerrada=0, Movimiento=0
Tiempo:       23000000000000ns | Estado:  | Contador: 12 | Salidas: Abierta=1, Cerrada=0, Movimiento=0
Tiempo:       25000000000000ns | Estado:  | Contador: 13 | Salidas: Abierta=1, Cerrada=0, Movimiento=0
Tiempo:       27000000000000ns | Estado:  | Contador: 14 | Salidas: Abierta=1, Cerrada=0, Movimiento=0
Tiempo:       29000000000000ns | Estado:  | Contador: 15 | Salidas: Abierta=1, Cerrada=0, Movimiento=0
Tiempo:       31000000000000ns | Estado:  | Contador: 16 | Salidas: Abierta=0, Cerrada=0, Movimiento=1
Tiempo:       33000000000000ns | Estado:  | Contador: 17 | Salidas: Abierta=0, Cerrada=1, Movimiento=0
Tiempo:       35000000000000ns | Estado:  | Contador: 18 | Salidas: Abierta=0, Cerrada=1, Movimiento=0
Tiempo:       37000000000000ns | Estado:  | Contador: 19 | Salidas: Abierta=0, Cerrada=1, Movimiento=0

Iniciando prueba: Apertura y cierre por sensor de salida
Tiempo:       39000000000000ns | Estado:  | Contador: 20 | Salidas: Abierta=0, Cerrada=0, Movimiento=1
Tiempo:       41000000000000ns | Estado:  | Contador: 21 | Salidas: Abierta=1, Cerrada=0, Movimiento=0
Tiempo:       43000000000000ns | Estado:  | Contador: 22 | Salidas: Abierta=0, Cerrada=0, Movimiento=1
Tiempo:       45000000000000ns | Estado:  | Contador: 23 | Salidas: Abierta=0, Cerrada=1, Movimiento=0
Tiempo:       47000000000000ns | Estado:  | Contador: 24 | Salidas: Abierta=0, Cerrada=1, Movimiento=0
Tiempo:       49000000000000ns | Estado:  | Contador: 25 | Salidas: Abierta=0, Cerrada=1, Movimiento=0
Tiempo:       51000000000000ns | Estado:  | Contador: 26 | Salidas: Abierta=0, Cerrada=1, Movimiento=0
Tiempo:       53000000000000ns | Estado:  | Contador: 27 | Salidas: Abierta=0, Cerrada=1, Movimiento=0
Tiempo:       55000000000000ns | Estado:  | Contador: 28 | Salidas: Abierta=0, Cerrada=1, Movimiento=0
Tiempo:       57000000000000ns | Estado:  | Contador: 29 | Salidas: Abierta=0, Cerrada=1, Movimiento=0
Tiempo:       59000000000000ns | Estado:  | Contador: 30 | Salidas: Abierta=0, Cerrada=1, Movimiento=0
Tiempo:       61000000000000ns | Estado:  | Contador: 31 | Salidas: Abierta=0, Cerrada=1, Movimiento=0

Pruebas completadas
$finish called at time : 62 ps : File "D:/Ing electronica - unal/7_semestre/digital_electronics_2/digital-2-lab/lab2_fsm/fsm_practica2/fsm_practica2.srcs/sim_1/new/fsm_tb.v" Line 91
xsim: Time (s): cpu = 00:00:07 ; elapsed = 00:00:06 . Memory (MB): peak = 2408.758 ; gain = 0.000
INFO: [USF-XSim-96] XSim completed. Design snapshot 'control_tb_behav' loaded.
INFO: [USF-XSim-97] XSim simulation ran for 1000ns
launch_simulation: Time (s): cpu = 00:00:08 ; elapsed = 00:00:12 . Memory (MB): peak = 2408.758 ; gain = 0.000
close_sim
WARNING: [filemgmt 56-199] Attempt to get parsing info during refresh. "On-the-fly" syntax checking information may be incorrect. [D:\Ing electronica - unal\7_semestre\digital_electronics_2\digital-2-lab\lab2_fsm\fsm_practica2\fsm_practica2.srcs\sources_1\new\clock_divider.v:]
WARNING: [filemgmt 56-199] Attempt to get parsing info during refresh. "On-the-fly" syntax checking information may be incorrect. [D:\Ing electronica - unal\7_semestre\digital_electronics_2\digital-2-lab\lab2_fsm\fsm_practica2\fsm_practica2.srcs\sources_1\new\top.v:]
WARNING: [filemgmt 56-199] Attempt to get parsing info during refresh. "On-the-fly" syntax checking information may be incorrect. [D:\Ing electronica - unal\7_semestre\digital_electronics_2\digital-2-lab\lab2_fsm\fsm_practica2\fsm_practica2.srcs\sim_1\new\fsm_tb.v:]
WARNING: [filemgmt 56-199] Attempt to get parsing info during refresh. "On-the-fly" syntax checking information may be incorrect. [D:\Ing electronica - unal\7_semestre\digital_electronics_2\digital-2-lab\lab2_fsm\fsm_practica2\fsm_practica2.srcs\sources_1\new\fsm.v:]
WARNING: [filemgmt 56-199] Attempt to get parsing info during refresh. "On-the-fly" syntax checking information may be incorrect. [D:\Ing electronica - unal\7_semestre\digital_electronics_2\digital-2-lab\lab2_fsm\fsm_practica2\fsm_practica2.srcs\sources_1\new\fsm.v:]
WARNING: [filemgmt 56-199] Attempt to get parsing info during refresh. "On-the-fly" syntax checking information may be incorrect. [D:\Ing electronica - unal\7_semestre\digital_electronics_2\digital-2-lab\lab2_fsm\fsm_practica2\fsm_practica2.srcs\sources_1\new\fsm.v:]
WARNING: [filemgmt 56-199] Attempt to get parsing info during refresh. "On-the-fly" syntax checking information may be incorrect. [D:\Ing electronica - unal\7_semestre\digital_electronics_2\digital-2-lab\lab2_fsm\fsm_practica2\fsm_practica2.srcs\sources_1\new\clock_divider.v:]
WARNING: [filemgmt 56-199] Attempt to get parsing info during refresh. "On-the-fly" syntax checking information may be incorrect. [D:\Ing electronica - unal\7_semestre\digital_electronics_2\digital-2-lab\lab2_fsm\fsm_practica2\fsm_practica2.srcs\sources_1\new\top.v:]
WARNING: [filemgmt 56-199] Attempt to get parsing info during refresh. "On-the-fly" syntax checking information may be incorrect. [D:\Ing electronica - unal\7_semestre\digital_electronics_2\digital-2-lab\lab2_fsm\fsm_practica2\fsm_practica2.srcs\sim_1\new\fsm_tb.v:]
WARNING: [filemgmt 56-199] Attempt to get parsing info during refresh. "On-the-fly" syntax checking information may be incorrect. [D:\Ing electronica - unal\7_semestre\digital_electronics_2\digital-2-lab\lab2_fsm\fsm_practica2\fsm_practica2.srcs\sources_1\new\fsm.v:]
WARNING: [filemgmt 56-199] Attempt to get parsing info during refresh. "On-the-fly" syntax checking information may be incorrect. [D:\Ing electronica - unal\7_semestre\digital_electronics_2\digital-2-lab\lab2_fsm\fsm_practica2\fsm_practica2.srcs\sim_1\new\fsm_tb.v:]
WARNING: [filemgmt 56-199] Attempt to get parsing info during refresh. "On-the-fly" syntax checking information may be incorrect. [D:\Ing electronica - unal\7_semestre\digital_electronics_2\digital-2-lab\lab2_fsm\fsm_practica2\fsm_practica2.srcs\sim_1\new\fsm_tb.v:]
INFO: [Simtcl 6-16] Simulation closed
ERROR: [Common 17-180] Spawn failed: No error
WARNING: [filemgmt 56-199] Attempt to get parsing info during refresh. "On-the-fly" syntax checking information may be incorrect. [D:\Ing electronica - unal\7_semestre\digital_electronics_2\digital-2-lab\lab2_fsm\fsm_practica2\fsm_practica2.srcs\sources_1\new\clock_divider.v:]
WARNING: [filemgmt 56-199] Attempt to get parsing info during refresh. "On-the-fly" syntax checking information may be incorrect. [D:\Ing electronica - unal\7_semestre\digital_electronics_2\digital-2-lab\lab2_fsm\fsm_practica2\fsm_practica2.srcs\sources_1\new\top.v:]
WARNING: [filemgmt 56-199] Attempt to get parsing info during refresh. "On-the-fly" syntax checking information may be incorrect. [D:\Ing electronica - unal\7_semestre\digital_electronics_2\digital-2-lab\lab2_fsm\fsm_practica2\fsm_practica2.srcs\sim_1\new\fsm_tb.v:]
WARNING: [filemgmt 56-199] Attempt to get parsing info during refresh. "On-the-fly" syntax checking information may be incorrect. [D:\Ing electronica - unal\7_semestre\digital_electronics_2\digital-2-lab\lab2_fsm\fsm_practica2\fsm_practica2.srcs\sources_1\new\fsm.v:]
WARNING: [filemgmt 56-199] Attempt to get parsing info during refresh. "On-the-fly" syntax checking information may be incorrect. [D:\Ing electronica - unal\7_semestre\digital_electronics_2\digital-2-lab\lab2_fsm\fsm_practica2\fsm_practica2.srcs\sources_1\new\clock_divider.v:]
WARNING: [filemgmt 56-199] Attempt to get parsing info during refresh. "On-the-fly" syntax checking information may be incorrect. [D:\Ing electronica - unal\7_semestre\digital_electronics_2\digital-2-lab\lab2_fsm\fsm_practica2\fsm_practica2.srcs\sources_1\new\clock_divider.v:]
ERROR: [Common 17-180] Spawn failed: No error
launch_simulation
Command: launch_simulation 
INFO: [Vivado 12-12493] Simulation top is 'control_tb'
WARNING: [Vivado 12-13340] Unable to auto find GCC executables from simulator install path! (path not set)
INFO: [Vivado 12-5682] Launching behavioral simulation in 'D:/Ing electronica - unal/7_semestre/digital_electronics_2/digital-2-lab/lab2_fsm/fsm_practica2/fsm_practica2.sim/sim_1/behav/xsim'
INFO: [SIM-utils-51] Simulation object is 'sim_1'
INFO: [SIM-utils-72] Using boost library from 'D:/programas/Vivado/2024.2/tps/boost_1_72_0'
INFO: [SIM-utils-54] Inspecting design source files for 'control_tb' in fileset 'sim_1'...
INFO: [USF-XSim-97] Finding global include files...
INFO: [USF-XSim-98] Fetching design files from 'sim_1'...
INFO: [USF-XSim-2] XSim::Compile design
INFO: [USF-XSim-61] Executing 'COMPILE and ANALYZE' step in 'D:/Ing electronica - unal/7_semestre/digital_electronics_2/digital-2-lab/lab2_fsm/fsm_practica2/fsm_practica2.sim/sim_1/behav/xsim'
"xvlog --incr --relax -prj control_tb_vlog.prj"
INFO: [VRFC 10-2263] Analyzing Verilog file "D:/Ing electronica - unal/7_semestre/digital_electronics_2/digital-2-lab/lab2_fsm/fsm_practica2/fsm_practica2.srcs/sources_1/new/fsm.v" into library xil_defaultlib
INFO: [VRFC 10-311] analyzing module control
INFO: [VRFC 10-2263] Analyzing Verilog file "D:/Ing electronica - unal/7_semestre/digital_electronics_2/digital-2-lab/lab2_fsm/fsm_practica2/fsm_practica2.srcs/sim_1/new/fsm_tb.v" into library xil_defaultlib
INFO: [VRFC 10-311] analyzing module control_tb
INFO: [USF-XSim-69] 'compile' step finished in '3' seconds
INFO: [USF-XSim-3] XSim::Elaborate design
INFO: [USF-XSim-61] Executing 'ELABORATE' step in 'D:/Ing electronica - unal/7_semestre/digital_electronics_2/digital-2-lab/lab2_fsm/fsm_practica2/fsm_practica2.sim/sim_1/behav/xsim'
"xelab --incr --debug typical --relax --mt 2 -L xil_defaultlib -L unisims_ver -L unimacro_ver -L secureip --snapshot control_tb_behav xil_defaultlib.control_tb xil_defaultlib.glbl -log elaborate.log"
Vivado Simulator v2024.2.0
Copyright 1986-2022 Xilinx, Inc. All Rights Reserved.
Copyright 2022-2024 Advanced Micro Devices, Inc. All Rights Reserved.
Running: D:/programas/Vivado/2024.2/bin/unwrapped/win64.o/xelab.exe --incr --debug typical --relax --mt 2 -L xil_defaultlib -L unisims_ver -L unimacro_ver -L secureip --snapshot control_tb_behav xil_defaultlib.control_tb xil_defaultlib.glbl -log elaborate.log 
Using 2 slave threads.
Starting static elaboration
Pass Through NonSizing Optimizer
Completed static elaboration
Starting simulation data flow analysis
WARNING: [XSIM 43-4099] "D:/Ing electronica - unal/7_semestre/digital_electronics_2/digital-2-lab/lab2_fsm/fsm_practica2/fsm_practica2.srcs/sources_1/new/fsm.v" Line 1. Module control doesn't have a timescale but at least one module in design has a timescale.
WARNING: [XSIM 43-4099] "D:/Ing electronica - unal/7_semestre/digital_electronics_2/digital-2-lab/lab2_fsm/fsm_practica2/fsm_practica2.srcs/sources_1/new/fsm.v" Line 1. Module control doesn't have a timescale but at least one module in design has a timescale.
Completed simulation data flow analysis
Time Resolution for simulation is 1ps
Compiling module xil_defaultlib.control
Compiling module xil_defaultlib.control_tb
Compiling module xil_defaultlib.glbl
Built simulation snapshot control_tb_behav
INFO: [USF-XSim-69] 'elaborate' step finished in '3' seconds
INFO: [USF-XSim-4] XSim::Simulate design
INFO: [USF-XSim-61] Executing 'SIMULATE' step in 'D:/Ing electronica - unal/7_semestre/digital_electronics_2/digital-2-lab/lab2_fsm/fsm_practica2/fsm_practica2.sim/sim_1/behav/xsim'
INFO: [USF-XSim-98] *** Running xsim
   with args "control_tb_behav -key {Behavioral:sim_1:Functional:control_tb} -tclbatch {control_tb.tcl} -log {simulate.log}"
INFO: [USF-XSim-8] Loading simulator feature
Time resolution is 1 ps
source control_tb.tcl
# set curr_wave [current_wave_config]
# if { [string length $curr_wave] == 0 } {
#   if { [llength [get_objects]] > 0} {
#     add_wave /
#     set_property needs_save false [current_wave_config]
#   } else {
#      send_msg_id Add_Wave-1 WARNING "No top level signals found. Simulator will start without a wave window. If you want to open a wave window go to 'File->New Waveform Configuration' or type 'create_wave_config' in the TCL console."
#   }
# }
# run 1000ns
Tiempo:                    0ns | Estado:  | Contador:  0 | Salidas: Abierta=0, Cerrada=1, Movimiento=0
xsim: Time (s): cpu = 00:00:05 ; elapsed = 00:00:06 . Memory (MB): peak = 2408.758 ; gain = 0.000
INFO: [USF-XSim-96] XSim completed. Design snapshot 'control_tb_behav' loaded.
INFO: [USF-XSim-97] XSim simulation ran for 1000ns
launch_simulation: Time (s): cpu = 00:00:06 ; elapsed = 00:00:12 . Memory (MB): peak = 2408.758 ; gain = 0.000
close_sim
INFO: [Simtcl 6-16] Simulation closed
launch_simulation
Command: launch_simulation 
INFO: [Vivado 12-12493] Simulation top is 'control_tb'
WARNING: [Vivado 12-13340] Unable to auto find GCC executables from simulator install path! (path not set)
INFO: [Vivado 12-5682] Launching behavioral simulation in 'D:/Ing electronica - unal/7_semestre/digital_electronics_2/digital-2-lab/lab2_fsm/fsm_practica2/fsm_practica2.sim/sim_1/behav/xsim'
INFO: [SIM-utils-51] Simulation object is 'sim_1'
INFO: [SIM-utils-72] Using boost library from 'D:/programas/Vivado/2024.2/tps/boost_1_72_0'
INFO: [SIM-utils-54] Inspecting design source files for 'control_tb' in fileset 'sim_1'...
INFO: [USF-XSim-97] Finding global include files...
INFO: [USF-XSim-98] Fetching design files from 'sim_1'...
INFO: [USF-XSim-2] XSim::Compile design
INFO: [USF-XSim-61] Executing 'COMPILE and ANALYZE' step in 'D:/Ing electronica - unal/7_semestre/digital_electronics_2/digital-2-lab/lab2_fsm/fsm_practica2/fsm_practica2.sim/sim_1/behav/xsim'
"xvlog --incr --relax -prj control_tb_vlog.prj"
INFO: [USF-XSim-69] 'compile' step finished in '2' seconds
INFO: [USF-XSim-3] XSim::Elaborate design
INFO: [USF-XSim-61] Executing 'ELABORATE' step in 'D:/Ing electronica - unal/7_semestre/digital_electronics_2/digital-2-lab/lab2_fsm/fsm_practica2/fsm_practica2.sim/sim_1/behav/xsim'
"xelab --incr --debug typical --relax --mt 2 -L xil_defaultlib -L unisims_ver -L unimacro_ver -L secureip --snapshot control_tb_behav xil_defaultlib.control_tb xil_defaultlib.glbl -log elaborate.log"
Vivado Simulator v2024.2.0
Copyright 1986-2022 Xilinx, Inc. All Rights Reserved.
Copyright 2022-2024 Advanced Micro Devices, Inc. All Rights Reserved.
Running: D:/programas/Vivado/2024.2/bin/unwrapped/win64.o/xelab.exe --incr --debug typical --relax --mt 2 -L xil_defaultlib -L unisims_ver -L unimacro_ver -L secureip --snapshot control_tb_behav xil_defaultlib.control_tb xil_defaultlib.glbl -log elaborate.log 
Using 2 slave threads.
Starting static elaboration
Pass Through NonSizing Optimizer
Completed static elaboration
INFO: [XSIM 43-4323] No Change in HDL. Linking previously generated obj files to create kernel
INFO: [USF-XSim-69] 'elaborate' step finished in '3' seconds
INFO: [USF-XSim-4] XSim::Simulate design
INFO: [USF-XSim-61] Executing 'SIMULATE' step in 'D:/Ing electronica - unal/7_semestre/digital_electronics_2/digital-2-lab/lab2_fsm/fsm_practica2/fsm_practica2.sim/sim_1/behav/xsim'
INFO: [USF-XSim-98] *** Running xsim
   with args "control_tb_behav -key {Behavioral:sim_1:Functional:control_tb} -tclbatch {control_tb.tcl} -log {simulate.log}"
INFO: [USF-XSim-8] Loading simulator feature
Time resolution is 1 ps
source control_tb.tcl
# set curr_wave [current_wave_config]
# if { [string length $curr_wave] == 0 } {
#   if { [llength [get_objects]] > 0} {
#     add_wave /
#     set_property needs_save false [current_wave_config]
#   } else {
#      send_msg_id Add_Wave-1 WARNING "No top level signals found. Simulator will start without a wave window. If you want to open a wave window go to 'File->New Waveform Configuration' or type 'create_wave_config' in the TCL console."
#   }
# }
# run 1000ns
Tiempo:                    0ns | Estado:  | Contador:  0 | Salidas: Abierta=0, Cerrada=1, Movimiento=0
INFO: [USF-XSim-96] XSim completed. Design snapshot 'control_tb_behav' loaded.
INFO: [USF-XSim-97] XSim simulation ran for 1000ns
launch_simulation: Time (s): cpu = 00:00:04 ; elapsed = 00:00:10 . Memory (MB): peak = 2925.711 ; gain = 0.000
WARNING: [filemgmt 56-199] Attempt to get parsing info during refresh. "On-the-fly" syntax checking information may be incorrect. [D:\Ing electronica - unal\7_semestre\digital_electronics_2\digital-2-lab\lab2_fsm\fsm_practica2\fsm_practica2.srcs\sources_1\new\clock_divider.v:]
WARNING: [filemgmt 56-199] Attempt to get parsing info during refresh. "On-the-fly" syntax checking information may be incorrect. [D:\Ing electronica - unal\7_semestre\digital_electronics_2\digital-2-lab\lab2_fsm\fsm_practica2\fsm_practica2.srcs\sources_1\new\top.v:]
WARNING: [filemgmt 56-199] Attempt to get parsing info during refresh. "On-the-fly" syntax checking information may be incorrect. [D:\Ing electronica - unal\7_semestre\digital_electronics_2\digital-2-lab\lab2_fsm\fsm_practica2\fsm_practica2.srcs\sim_1\new\fsm_tb.v:]
WARNING: [filemgmt 56-199] Attempt to get parsing info during refresh. "On-the-fly" syntax checking information may be incorrect. [D:\Ing electronica - unal\7_semestre\digital_electronics_2\digital-2-lab\lab2_fsm\fsm_practica2\fsm_practica2.srcs\sources_1\new\fsm.v:]
WARNING: [filemgmt 56-199] Attempt to get parsing info during refresh. "On-the-fly" syntax checking information may be incorrect. [D:\Ing electronica - unal\7_semestre\digital_electronics_2\digital-2-lab\lab2_fsm\fsm_practica2\fsm_practica2.srcs\sources_1\new\fsm.v:]
WARNING: [filemgmt 56-199] Attempt to get parsing info during refresh. "On-the-fly" syntax checking information may be incorrect. [D:\Ing electronica - unal\7_semestre\digital_electronics_2\digital-2-lab\lab2_fsm\fsm_practica2\fsm_practica2.srcs\sources_1\new\fsm.v:]
WARNING: [filemgmt 56-199] Attempt to get parsing info during refresh. "On-the-fly" syntax checking information may be incorrect. [D:\Ing electronica - unal\7_semestre\digital_electronics_2\digital-2-lab\lab2_fsm\fsm_practica2\fsm_practica2.srcs\sources_1\new\clock_divider.v:]
WARNING: [filemgmt 56-199] Attempt to get parsing info during refresh. "On-the-fly" syntax checking information may be incorrect. [D:\Ing electronica - unal\7_semestre\digital_electronics_2\digital-2-lab\lab2_fsm\fsm_practica2\fsm_practica2.srcs\sources_1\new\top.v:]
WARNING: [filemgmt 56-199] Attempt to get parsing info during refresh. "On-the-fly" syntax checking information may be incorrect. [D:\Ing electronica - unal\7_semestre\digital_electronics_2\digital-2-lab\lab2_fsm\fsm_practica2\fsm_practica2.srcs\sim_1\new\fsm_tb.v:]
WARNING: [filemgmt 56-199] Attempt to get parsing info during refresh. "On-the-fly" syntax checking information may be incorrect. [D:\Ing electronica - unal\7_semestre\digital_electronics_2\digital-2-lab\lab2_fsm\fsm_practica2\fsm_practica2.srcs\sources_1\new\fsm.v:]
WARNING: [filemgmt 56-199] Attempt to get parsing info during refresh. "On-the-fly" syntax checking information may be incorrect. [D:\Ing electronica - unal\7_semestre\digital_electronics_2\digital-2-lab\lab2_fsm\fsm_practica2\fsm_practica2.srcs\sim_1\new\fsm_tb.v:]
WARNING: [filemgmt 56-199] Attempt to get parsing info during refresh. "On-the-fly" syntax checking information may be incorrect. [D:\Ing electronica - unal\7_semestre\digital_electronics_2\digital-2-lab\lab2_fsm\fsm_practica2\fsm_practica2.srcs\sim_1\new\fsm_tb.v:]
ERROR: [Common 17-180] Spawn failed: No error
WARNING: [filemgmt 56-199] Attempt to get parsing info during refresh. "On-the-fly" syntax checking information may be incorrect. [D:\Ing electronica - unal\7_semestre\digital_electronics_2\digital-2-lab\lab2_fsm\fsm_practica2\fsm_practica2.srcs\sources_1\new\clock_divider.v:]
WARNING: [filemgmt 56-199] Attempt to get parsing info during refresh. "On-the-fly" syntax checking information may be incorrect. [D:\Ing electronica - unal\7_semestre\digital_electronics_2\digital-2-lab\lab2_fsm\fsm_practica2\fsm_practica2.srcs\sources_1\new\top.v:]
WARNING: [filemgmt 56-199] Attempt to get parsing info during refresh. "On-the-fly" syntax checking information may be incorrect. [D:\Ing electronica - unal\7_semestre\digital_electronics_2\digital-2-lab\lab2_fsm\fsm_practica2\fsm_practica2.srcs\sim_1\new\fsm_tb.v:]
WARNING: [filemgmt 56-199] Attempt to get parsing info during refresh. "On-the-fly" syntax checking information may be incorrect. [D:\Ing electronica - unal\7_semestre\digital_electronics_2\digital-2-lab\lab2_fsm\fsm_practica2\fsm_practica2.srcs\sources_1\new\fsm.v:]
WARNING: [filemgmt 56-199] Attempt to get parsing info during refresh. "On-the-fly" syntax checking information may be incorrect. [D:\Ing electronica - unal\7_semestre\digital_electronics_2\digital-2-lab\lab2_fsm\fsm_practica2\fsm_practica2.srcs\sources_1\new\clock_divider.v:]
WARNING: [filemgmt 56-199] Attempt to get parsing info during refresh. "On-the-fly" syntax checking information may be incorrect. [D:\Ing electronica - unal\7_semestre\digital_electronics_2\digital-2-lab\lab2_fsm\fsm_practica2\fsm_practica2.srcs\sources_1\new\clock_divider.v:]
ERROR: [Common 17-180] Spawn failed: No error
close_sim
INFO: [Simtcl 6-16] Simulation closed
launch_simulation
Command: launch_simulation 
INFO: [Vivado 12-12493] Simulation top is 'control_tb'
WARNING: [Vivado 12-13340] Unable to auto find GCC executables from simulator install path! (path not set)
INFO: [Vivado 12-5682] Launching behavioral simulation in 'D:/Ing electronica - unal/7_semestre/digital_electronics_2/digital-2-lab/lab2_fsm/fsm_practica2/fsm_practica2.sim/sim_1/behav/xsim'
INFO: [SIM-utils-51] Simulation object is 'sim_1'
INFO: [SIM-utils-72] Using boost library from 'D:/programas/Vivado/2024.2/tps/boost_1_72_0'
INFO: [SIM-utils-54] Inspecting design source files for 'control_tb' in fileset 'sim_1'...
INFO: [USF-XSim-97] Finding global include files...
INFO: [USF-XSim-98] Fetching design files from 'sim_1'...
INFO: [USF-XSim-2] XSim::Compile design
INFO: [USF-XSim-61] Executing 'COMPILE and ANALYZE' step in 'D:/Ing electronica - unal/7_semestre/digital_electronics_2/digital-2-lab/lab2_fsm/fsm_practica2/fsm_practica2.sim/sim_1/behav/xsim'
"xvlog --incr --relax -prj control_tb_vlog.prj"
INFO: [VRFC 10-2263] Analyzing Verilog file "D:/Ing electronica - unal/7_semestre/digital_electronics_2/digital-2-lab/lab2_fsm/fsm_practica2/fsm_practica2.srcs/sources_1/new/fsm.v" into library xil_defaultlib
INFO: [VRFC 10-311] analyzing module control
INFO: [VRFC 10-2263] Analyzing Verilog file "D:/Ing electronica - unal/7_semestre/digital_electronics_2/digital-2-lab/lab2_fsm/fsm_practica2/fsm_practica2.srcs/sim_1/new/fsm_tb.v" into library xil_defaultlib
INFO: [VRFC 10-311] analyzing module control_tb
INFO: [USF-XSim-69] 'compile' step finished in '2' seconds
INFO: [USF-XSim-3] XSim::Elaborate design
INFO: [USF-XSim-61] Executing 'ELABORATE' step in 'D:/Ing electronica - unal/7_semestre/digital_electronics_2/digital-2-lab/lab2_fsm/fsm_practica2/fsm_practica2.sim/sim_1/behav/xsim'
"xelab --incr --debug typical --relax --mt 2 -L xil_defaultlib -L unisims_ver -L unimacro_ver -L secureip --snapshot control_tb_behav xil_defaultlib.control_tb xil_defaultlib.glbl -log elaborate.log"
Vivado Simulator v2024.2.0
Copyright 1986-2022 Xilinx, Inc. All Rights Reserved.
Copyright 2022-2024 Advanced Micro Devices, Inc. All Rights Reserved.
Running: D:/programas/Vivado/2024.2/bin/unwrapped/win64.o/xelab.exe --incr --debug typical --relax --mt 2 -L xil_defaultlib -L unisims_ver -L unimacro_ver -L secureip --snapshot control_tb_behav xil_defaultlib.control_tb xil_defaultlib.glbl -log elaborate.log 
Using 2 slave threads.
Starting static elaboration
Pass Through NonSizing Optimizer
Completed static elaboration
Starting simulation data flow analysis
WARNING: [XSIM 43-4099] "D:/Ing electronica - unal/7_semestre/digital_electronics_2/digital-2-lab/lab2_fsm/fsm_practica2/fsm_practica2.srcs/sources_1/new/fsm.v" Line 1. Module control doesn't have a timescale but at least one module in design has a timescale.
WARNING: [XSIM 43-4099] "D:/Ing electronica - unal/7_semestre/digital_electronics_2/digital-2-lab/lab2_fsm/fsm_practica2/fsm_practica2.srcs/sources_1/new/fsm.v" Line 1. Module control doesn't have a timescale but at least one module in design has a timescale.
Completed simulation data flow analysis
Time Resolution for simulation is 1ps
Compiling module xil_defaultlib.control
Compiling module xil_defaultlib.control_tb
Compiling module xil_defaultlib.glbl
Built simulation snapshot control_tb_behav
INFO: [USF-XSim-69] 'elaborate' step finished in '4' seconds
INFO: [USF-XSim-4] XSim::Simulate design
INFO: [USF-XSim-61] Executing 'SIMULATE' step in 'D:/Ing electronica - unal/7_semestre/digital_electronics_2/digital-2-lab/lab2_fsm/fsm_practica2/fsm_practica2.sim/sim_1/behav/xsim'
INFO: [USF-XSim-98] *** Running xsim
   with args "control_tb_behav -key {Behavioral:sim_1:Functional:control_tb} -tclbatch {control_tb.tcl} -log {simulate.log}"
INFO: [USF-XSim-8] Loading simulator feature
Time resolution is 1 ps
source control_tb.tcl
# set curr_wave [current_wave_config]
# if { [string length $curr_wave] == 0 } {
#   if { [llength [get_objects]] > 0} {
#     add_wave /
#     set_property needs_save false [current_wave_config]
#   } else {
#      send_msg_id Add_Wave-1 WARNING "No top level signals found. Simulator will start without a wave window. If you want to open a wave window go to 'File->New Waveform Configuration' or type 'create_wave_config' in the TCL console."
#   }
# }
# run 1000ns
Tiempo:                    0ns | Estado:  | Contador:  0 | Salidas: Abierta=0, Cerrada=1, Movimiento=0
INFO: [USF-XSim-96] XSim completed. Design snapshot 'control_tb_behav' loaded.
INFO: [USF-XSim-97] XSim simulation ran for 1000ns
launch_simulation: Time (s): cpu = 00:00:03 ; elapsed = 00:00:11 . Memory (MB): peak = 3448.961 ; gain = 0.000
WARNING: [filemgmt 56-199] Attempt to get parsing info during refresh. "On-the-fly" syntax checking information may be incorrect. [D:\Ing electronica - unal\7_semestre\digital_electronics_2\digital-2-lab\lab2_fsm\fsm_practica2\fsm_practica2.srcs\sources_1\new\clock_divider.v:]
WARNING: [filemgmt 56-199] Attempt to get parsing info during refresh. "On-the-fly" syntax checking information may be incorrect. [D:\Ing electronica - unal\7_semestre\digital_electronics_2\digital-2-lab\lab2_fsm\fsm_practica2\fsm_practica2.srcs\sources_1\new\top.v:]
WARNING: [filemgmt 56-199] Attempt to get parsing info during refresh. "On-the-fly" syntax checking information may be incorrect. [D:\Ing electronica - unal\7_semestre\digital_electronics_2\digital-2-lab\lab2_fsm\fsm_practica2\fsm_practica2.srcs\sim_1\new\fsm_tb.v:]
WARNING: [filemgmt 56-199] Attempt to get parsing info during refresh. "On-the-fly" syntax checking information may be incorrect. [D:\Ing electronica - unal\7_semestre\digital_electronics_2\digital-2-lab\lab2_fsm\fsm_practica2\fsm_practica2.srcs\sources_1\new\fsm.v:]
WARNING: [filemgmt 56-199] Attempt to get parsing info during refresh. "On-the-fly" syntax checking information may be incorrect. [D:\Ing electronica - unal\7_semestre\digital_electronics_2\digital-2-lab\lab2_fsm\fsm_practica2\fsm_practica2.srcs\sources_1\new\fsm.v:]
WARNING: [filemgmt 56-199] Attempt to get parsing info during refresh. "On-the-fly" syntax checking information may be incorrect. [D:\Ing electronica - unal\7_semestre\digital_electronics_2\digital-2-lab\lab2_fsm\fsm_practica2\fsm_practica2.srcs\sources_1\new\fsm.v:]
WARNING: [filemgmt 56-199] Attempt to get parsing info during refresh. "On-the-fly" syntax checking information may be incorrect. [D:\Ing electronica - unal\7_semestre\digital_electronics_2\digital-2-lab\lab2_fsm\fsm_practica2\fsm_practica2.srcs\sources_1\new\clock_divider.v:]
WARNING: [filemgmt 56-199] Attempt to get parsing info during refresh. "On-the-fly" syntax checking information may be incorrect. [D:\Ing electronica - unal\7_semestre\digital_electronics_2\digital-2-lab\lab2_fsm\fsm_practica2\fsm_practica2.srcs\sources_1\new\top.v:]
WARNING: [filemgmt 56-199] Attempt to get parsing info during refresh. "On-the-fly" syntax checking information may be incorrect. [D:\Ing electronica - unal\7_semestre\digital_electronics_2\digital-2-lab\lab2_fsm\fsm_practica2\fsm_practica2.srcs\sim_1\new\fsm_tb.v:]
WARNING: [filemgmt 56-199] Attempt to get parsing info during refresh. "On-the-fly" syntax checking information may be incorrect. [D:\Ing electronica - unal\7_semestre\digital_electronics_2\digital-2-lab\lab2_fsm\fsm_practica2\fsm_practica2.srcs\sources_1\new\fsm.v:]
WARNING: [filemgmt 56-199] Attempt to get parsing info during refresh. "On-the-fly" syntax checking information may be incorrect. [D:\Ing electronica - unal\7_semestre\digital_electronics_2\digital-2-lab\lab2_fsm\fsm_practica2\fsm_practica2.srcs\sim_1\new\fsm_tb.v:]
WARNING: [filemgmt 56-199] Attempt to get parsing info during refresh. "On-the-fly" syntax checking information may be incorrect. [D:\Ing electronica - unal\7_semestre\digital_electronics_2\digital-2-lab\lab2_fsm\fsm_practica2\fsm_practica2.srcs\sim_1\new\fsm_tb.v:]
ERROR: [Common 17-180] Spawn failed: No error
WARNING: [filemgmt 56-199] Attempt to get parsing info during refresh. "On-the-fly" syntax checking information may be incorrect. [D:\Ing electronica - unal\7_semestre\digital_electronics_2\digital-2-lab\lab2_fsm\fsm_practica2\fsm_practica2.srcs\sources_1\new\clock_divider.v:]
WARNING: [filemgmt 56-199] Attempt to get parsing info during refresh. "On-the-fly" syntax checking information may be incorrect. [D:\Ing electronica - unal\7_semestre\digital_electronics_2\digital-2-lab\lab2_fsm\fsm_practica2\fsm_practica2.srcs\sources_1\new\top.v:]
WARNING: [filemgmt 56-199] Attempt to get parsing info during refresh. "On-the-fly" syntax checking information may be incorrect. [D:\Ing electronica - unal\7_semestre\digital_electronics_2\digital-2-lab\lab2_fsm\fsm_practica2\fsm_practica2.srcs\sim_1\new\fsm_tb.v:]
WARNING: [filemgmt 56-199] Attempt to get parsing info during refresh. "On-the-fly" syntax checking information may be incorrect. [D:\Ing electronica - unal\7_semestre\digital_electronics_2\digital-2-lab\lab2_fsm\fsm_practica2\fsm_practica2.srcs\sources_1\new\fsm.v:]
WARNING: [filemgmt 56-199] Attempt to get parsing info during refresh. "On-the-fly" syntax checking information may be incorrect. [D:\Ing electronica - unal\7_semestre\digital_electronics_2\digital-2-lab\lab2_fsm\fsm_practica2\fsm_practica2.srcs\sources_1\new\clock_divider.v:]
WARNING: [filemgmt 56-199] Attempt to get parsing info during refresh. "On-the-fly" syntax checking information may be incorrect. [D:\Ing electronica - unal\7_semestre\digital_electronics_2\digital-2-lab\lab2_fsm\fsm_practica2\fsm_practica2.srcs\sources_1\new\clock_divider.v:]
ERROR: [Common 17-180] Spawn failed: No error
WARNING: [filemgmt 56-199] Attempt to get parsing info during refresh. "On-the-fly" syntax checking information may be incorrect. [D:\Ing electronica - unal\7_semestre\digital_electronics_2\digital-2-lab\lab2_fsm\fsm_practica2\fsm_practica2.srcs\sources_1\new\clock_divider.v:]
WARNING: [filemgmt 56-199] Attempt to get parsing info during refresh. "On-the-fly" syntax checking information may be incorrect. [D:\Ing electronica - unal\7_semestre\digital_electronics_2\digital-2-lab\lab2_fsm\fsm_practica2\fsm_practica2.srcs\sources_1\new\top.v:]
WARNING: [filemgmt 56-199] Attempt to get parsing info during refresh. "On-the-fly" syntax checking information may be incorrect. [D:\Ing electronica - unal\7_semestre\digital_electronics_2\digital-2-lab\lab2_fsm\fsm_practica2\fsm_practica2.srcs\sim_1\new\fsm_tb.v:]
WARNING: [filemgmt 56-199] Attempt to get parsing info during refresh. "On-the-fly" syntax checking information may be incorrect. [D:\Ing electronica - unal\7_semestre\digital_electronics_2\digital-2-lab\lab2_fsm\fsm_practica2\fsm_practica2.srcs\sources_1\new\fsm.v:]
WARNING: [filemgmt 56-199] Attempt to get parsing info during refresh. "On-the-fly" syntax checking information may be incorrect. [D:\Ing electronica - unal\7_semestre\digital_electronics_2\digital-2-lab\lab2_fsm\fsm_practica2\fsm_practica2.srcs\sources_1\new\fsm.v:]
WARNING: [filemgmt 56-199] Attempt to get parsing info during refresh. "On-the-fly" syntax checking information may be incorrect. [D:\Ing electronica - unal\7_semestre\digital_electronics_2\digital-2-lab\lab2_fsm\fsm_practica2\fsm_practica2.srcs\sources_1\new\fsm.v:]
WARNING: [filemgmt 56-199] Attempt to get parsing info during refresh. "On-the-fly" syntax checking information may be incorrect. [D:\Ing electronica - unal\7_semestre\digital_electronics_2\digital-2-lab\lab2_fsm\fsm_practica2\fsm_practica2.srcs\sources_1\new\clock_divider.v:]
WARNING: [filemgmt 56-199] Attempt to get parsing info during refresh. "On-the-fly" syntax checking information may be incorrect. [D:\Ing electronica - unal\7_semestre\digital_electronics_2\digital-2-lab\lab2_fsm\fsm_practica2\fsm_practica2.srcs\sources_1\new\top.v:]
WARNING: [filemgmt 56-199] Attempt to get parsing info during refresh. "On-the-fly" syntax checking information may be incorrect. [D:\Ing electronica - unal\7_semestre\digital_electronics_2\digital-2-lab\lab2_fsm\fsm_practica2\fsm_practica2.srcs\sim_1\new\fsm_tb.v:]
WARNING: [filemgmt 56-199] Attempt to get parsing info during refresh. "On-the-fly" syntax checking information may be incorrect. [D:\Ing electronica - unal\7_semestre\digital_electronics_2\digital-2-lab\lab2_fsm\fsm_practica2\fsm_practica2.srcs\sources_1\new\fsm.v:]
WARNING: [filemgmt 56-199] Attempt to get parsing info during refresh. "On-the-fly" syntax checking information may be incorrect. [D:\Ing electronica - unal\7_semestre\digital_electronics_2\digital-2-lab\lab2_fsm\fsm_practica2\fsm_practica2.srcs\sources_1\new\clock_divider.v:]
WARNING: [filemgmt 56-199] Attempt to get parsing info during refresh. "On-the-fly" syntax checking information may be incorrect. [D:\Ing electronica - unal\7_semestre\digital_electronics_2\digital-2-lab\lab2_fsm\fsm_practica2\fsm_practica2.srcs\sources_1\new\clock_divider.v:]
WARNING: [filemgmt 56-199] Attempt to get parsing info during refresh. "On-the-fly" syntax checking information may be incorrect. [D:\Ing electronica - unal\7_semestre\digital_electronics_2\digital-2-lab\lab2_fsm\fsm_practica2\fsm_practica2.srcs\sources_1\new\clock_divider.v:]
WARNING: [filemgmt 56-199] Attempt to get parsing info during refresh. "On-the-fly" syntax checking information may be incorrect. [D:\Ing electronica - unal\7_semestre\digital_electronics_2\digital-2-lab\lab2_fsm\fsm_practica2\fsm_practica2.srcs\sources_1\new\top.v:]
WARNING: [filemgmt 56-199] Attempt to get parsing info during refresh. "On-the-fly" syntax checking information may be incorrect. [D:\Ing electronica - unal\7_semestre\digital_electronics_2\digital-2-lab\lab2_fsm\fsm_practica2\fsm_practica2.srcs\sim_1\new\fsm_tb.v:]
WARNING: [filemgmt 56-199] Attempt to get parsing info during refresh. "On-the-fly" syntax checking information may be incorrect. [D:\Ing electronica - unal\7_semestre\digital_electronics_2\digital-2-lab\lab2_fsm\fsm_practica2\fsm_practica2.srcs\sources_1\new\fsm.v:]
WARNING: [filemgmt 56-199] Attempt to get parsing info during refresh. "On-the-fly" syntax checking information may be incorrect. [D:\Ing electronica - unal\7_semestre\digital_electronics_2\digital-2-lab\lab2_fsm\fsm_practica2\fsm_practica2.srcs\sources_1\new\fsm.v:]
WARNING: [filemgmt 56-199] Attempt to get parsing info during refresh. "On-the-fly" syntax checking information may be incorrect. [D:\Ing electronica - unal\7_semestre\digital_electronics_2\digital-2-lab\lab2_fsm\fsm_practica2\fsm_practica2.srcs\sources_1\new\fsm.v:]
WARNING: [filemgmt 56-199] Attempt to get parsing info during refresh. "On-the-fly" syntax checking information may be incorrect. [D:\Ing electronica - unal\7_semestre\digital_electronics_2\digital-2-lab\lab2_fsm\fsm_practica2\fsm_practica2.srcs\sources_1\new\clock_divider.v:]
WARNING: [filemgmt 56-199] Attempt to get parsing info during refresh. "On-the-fly" syntax checking information may be incorrect. [D:\Ing electronica - unal\7_semestre\digital_electronics_2\digital-2-lab\lab2_fsm\fsm_practica2\fsm_practica2.srcs\sources_1\new\top.v:]
WARNING: [filemgmt 56-199] Attempt to get parsing info during refresh. "On-the-fly" syntax checking information may be incorrect. [D:\Ing electronica - unal\7_semestre\digital_electronics_2\digital-2-lab\lab2_fsm\fsm_practica2\fsm_practica2.srcs\sim_1\new\fsm_tb.v:]
WARNING: [filemgmt 56-199] Attempt to get parsing info during refresh. "On-the-fly" syntax checking information may be incorrect. [D:\Ing electronica - unal\7_semestre\digital_electronics_2\digital-2-lab\lab2_fsm\fsm_practica2\fsm_practica2.srcs\sources_1\new\fsm.v:]
WARNING: [filemgmt 56-199] Attempt to get parsing info during refresh. "On-the-fly" syntax checking information may be incorrect. [D:\Ing electronica - unal\7_semestre\digital_electronics_2\digital-2-lab\lab2_fsm\fsm_practica2\fsm_practica2.srcs\sim_1\new\fsm_tb.v:]
WARNING: [filemgmt 56-199] Attempt to get parsing info during refresh. "On-the-fly" syntax checking information may be incorrect. [D:\Ing electronica - unal\7_semestre\digital_electronics_2\digital-2-lab\lab2_fsm\fsm_practica2\fsm_practica2.srcs\sim_1\new\fsm_tb.v:]
ERROR: [Common 17-180] Spawn failed: No error
WARNING: [filemgmt 56-199] Attempt to get parsing info during refresh. "On-the-fly" syntax checking information may be incorrect. [D:\Ing electronica - unal\7_semestre\digital_electronics_2\digital-2-lab\lab2_fsm\fsm_practica2\fsm_practica2.srcs\sources_1\new\clock_divider.v:]
WARNING: [filemgmt 56-199] Attempt to get parsing info during refresh. "On-the-fly" syntax checking information may be incorrect. [D:\Ing electronica - unal\7_semestre\digital_electronics_2\digital-2-lab\lab2_fsm\fsm_practica2\fsm_practica2.srcs\sources_1\new\top.v:]
WARNING: [filemgmt 56-199] Attempt to get parsing info during refresh. "On-the-fly" syntax checking information may be incorrect. [D:\Ing electronica - unal\7_semestre\digital_electronics_2\digital-2-lab\lab2_fsm\fsm_practica2\fsm_practica2.srcs\sim_1\new\fsm_tb.v:]
WARNING: [filemgmt 56-199] Attempt to get parsing info during refresh. "On-the-fly" syntax checking information may be incorrect. [D:\Ing electronica - unal\7_semestre\digital_electronics_2\digital-2-lab\lab2_fsm\fsm_practica2\fsm_practica2.srcs\sources_1\new\fsm.v:]
WARNING: [filemgmt 56-199] Attempt to get parsing info during refresh. "On-the-fly" syntax checking information may be incorrect. [D:\Ing electronica - unal\7_semestre\digital_electronics_2\digital-2-lab\lab2_fsm\fsm_practica2\fsm_practica2.srcs\sources_1\new\clock_divider.v:]
WARNING: [filemgmt 56-199] Attempt to get parsing info during refresh. "On-the-fly" syntax checking information may be incorrect. [D:\Ing electronica - unal\7_semestre\digital_electronics_2\digital-2-lab\lab2_fsm\fsm_practica2\fsm_practica2.srcs\sources_1\new\clock_divider.v:]
ERROR: [Common 17-180] Spawn failed: No error
update_compile_order -fileset sim_1
WARNING: [filemgmt 56-199] Attempt to get parsing info during refresh. "On-the-fly" syntax checking information may be incorrect. [D:\Ing electronica - unal\7_semestre\digital_electronics_2\digital-2-lab\lab2_fsm\fsm_practica2\fsm_practica2.srcs\sources_1\new\clock_divider.v:]
WARNING: [filemgmt 56-199] Attempt to get parsing info during refresh. "On-the-fly" syntax checking information may be incorrect. [D:\Ing electronica - unal\7_semestre\digital_electronics_2\digital-2-lab\lab2_fsm\fsm_practica2\fsm_practica2.srcs\sources_1\new\top.v:]
WARNING: [filemgmt 56-199] Attempt to get parsing info during refresh. "On-the-fly" syntax checking information may be incorrect. [D:\Ing electronica - unal\7_semestre\digital_electronics_2\digital-2-lab\lab2_fsm\fsm_practica2\fsm_practica2.srcs\sim_1\new\fsm_tb.v:]
WARNING: [filemgmt 56-199] Attempt to get parsing info during refresh. "On-the-fly" syntax checking information may be incorrect. [D:\Ing electronica - unal\7_semestre\digital_electronics_2\digital-2-lab\lab2_fsm\fsm_practica2\fsm_practica2.srcs\sources_1\new\fsm.v:]
WARNING: [filemgmt 56-199] Attempt to get parsing info during refresh. "On-the-fly" syntax checking information may be incorrect. [D:\Ing electronica - unal\7_semestre\digital_electronics_2\digital-2-lab\lab2_fsm\fsm_practica2\fsm_practica2.srcs\sources_1\new\fsm.v:]
WARNING: [filemgmt 56-199] Attempt to get parsing info during refresh. "On-the-fly" syntax checking information may be incorrect. [D:\Ing electronica - unal\7_semestre\digital_electronics_2\digital-2-lab\lab2_fsm\fsm_practica2\fsm_practica2.srcs\sources_1\new\fsm.v:]
WARNING: [filemgmt 56-199] Attempt to get parsing info during refresh. "On-the-fly" syntax checking information may be incorrect. [D:\Ing electronica - unal\7_semestre\digital_electronics_2\digital-2-lab\lab2_fsm\fsm_practica2\fsm_practica2.srcs\sources_1\new\clock_divider.v:]
WARNING: [filemgmt 56-199] Attempt to get parsing info during refresh. "On-the-fly" syntax checking information may be incorrect. [D:\Ing electronica - unal\7_semestre\digital_electronics_2\digital-2-lab\lab2_fsm\fsm_practica2\fsm_practica2.srcs\sources_1\new\top.v:]
WARNING: [filemgmt 56-199] Attempt to get parsing info during refresh. "On-the-fly" syntax checking information may be incorrect. [D:\Ing electronica - unal\7_semestre\digital_electronics_2\digital-2-lab\lab2_fsm\fsm_practica2\fsm_practica2.srcs\sim_1\new\fsm_tb.v:]
WARNING: [filemgmt 56-199] Attempt to get parsing info during refresh. "On-the-fly" syntax checking information may be incorrect. [D:\Ing electronica - unal\7_semestre\digital_electronics_2\digital-2-lab\lab2_fsm\fsm_practica2\fsm_practica2.srcs\sources_1\new\fsm.v:]
WARNING: [filemgmt 56-199] Attempt to get parsing info during refresh. "On-the-fly" syntax checking information may be incorrect. [D:\Ing electronica - unal\7_semestre\digital_electronics_2\digital-2-lab\lab2_fsm\fsm_practica2\fsm_practica2.srcs\sim_1\new\fsm_tb.v:]
WARNING: [filemgmt 56-199] Attempt to get parsing info during refresh. "On-the-fly" syntax checking information may be incorrect. [D:\Ing electronica - unal\7_semestre\digital_electronics_2\digital-2-lab\lab2_fsm\fsm_practica2\fsm_practica2.srcs\sim_1\new\fsm_tb.v:]
ERROR: [Common 17-180] Spawn failed: No error
WARNING: [filemgmt 56-199] Attempt to get parsing info during refresh. "On-the-fly" syntax checking information may be incorrect. [D:\Ing electronica - unal\7_semestre\digital_electronics_2\digital-2-lab\lab2_fsm\fsm_practica2\fsm_practica2.srcs\sources_1\new\clock_divider.v:]
WARNING: [filemgmt 56-199] Attempt to get parsing info during refresh. "On-the-fly" syntax checking information may be incorrect. [D:\Ing electronica - unal\7_semestre\digital_electronics_2\digital-2-lab\lab2_fsm\fsm_practica2\fsm_practica2.srcs\sources_1\new\top.v:]
WARNING: [filemgmt 56-199] Attempt to get parsing info during refresh. "On-the-fly" syntax checking information may be incorrect. [D:\Ing electronica - unal\7_semestre\digital_electronics_2\digital-2-lab\lab2_fsm\fsm_practica2\fsm_practica2.srcs\sim_1\new\fsm_tb.v:]
WARNING: [filemgmt 56-199] Attempt to get parsing info during refresh. "On-the-fly" syntax checking information may be incorrect. [D:\Ing electronica - unal\7_semestre\digital_electronics_2\digital-2-lab\lab2_fsm\fsm_practica2\fsm_practica2.srcs\sources_1\new\fsm.v:]
WARNING: [filemgmt 56-199] Attempt to get parsing info during refresh. "On-the-fly" syntax checking information may be incorrect. [D:\Ing electronica - unal\7_semestre\digital_electronics_2\digital-2-lab\lab2_fsm\fsm_practica2\fsm_practica2.srcs\sources_1\new\clock_divider.v:]
WARNING: [filemgmt 56-199] Attempt to get parsing info during refresh. "On-the-fly" syntax checking information may be incorrect. [D:\Ing electronica - unal\7_semestre\digital_electronics_2\digital-2-lab\lab2_fsm\fsm_practica2\fsm_practica2.srcs\sources_1\new\clock_divider.v:]
ERROR: [Common 17-180] Spawn failed: No error
close_sim
INFO: [Simtcl 6-16] Simulation closed
launch_simulation
Command: launch_simulation 
INFO: [Vivado 12-12493] Simulation top is 'control_tb'
WARNING: [Vivado 12-13340] Unable to auto find GCC executables from simulator install path! (path not set)
INFO: [Vivado 12-5682] Launching behavioral simulation in 'D:/Ing electronica - unal/7_semestre/digital_electronics_2/digital-2-lab/lab2_fsm/fsm_practica2/fsm_practica2.sim/sim_1/behav/xsim'
INFO: [SIM-utils-51] Simulation object is 'sim_1'
INFO: [SIM-utils-72] Using boost library from 'D:/programas/Vivado/2024.2/tps/boost_1_72_0'
INFO: [SIM-utils-54] Inspecting design source files for 'control_tb' in fileset 'sim_1'...
INFO: [USF-XSim-97] Finding global include files...
INFO: [USF-XSim-98] Fetching design files from 'sim_1'...
INFO: [USF-XSim-2] XSim::Compile design
INFO: [USF-XSim-61] Executing 'COMPILE and ANALYZE' step in 'D:/Ing electronica - unal/7_semestre/digital_electronics_2/digital-2-lab/lab2_fsm/fsm_practica2/fsm_practica2.sim/sim_1/behav/xsim'
"xvlog --incr --relax -prj control_tb_vlog.prj"
INFO: [VRFC 10-2263] Analyzing Verilog file "D:/Ing electronica - unal/7_semestre/digital_electronics_2/digital-2-lab/lab2_fsm/fsm_practica2/fsm_practica2.srcs/sources_1/new/clock_divider.v" into library xil_defaultlib
INFO: [VRFC 10-311] analyzing module clockdiv
INFO: [VRFC 10-2263] Analyzing Verilog file "D:/Ing electronica - unal/7_semestre/digital_electronics_2/digital-2-lab/lab2_fsm/fsm_practica2/fsm_practica2.srcs/sources_1/new/top.v" into library xil_defaultlib
INFO: [VRFC 10-311] analyzing module top
INFO: [USF-XSim-69] 'compile' step finished in '3' seconds
INFO: [USF-XSim-3] XSim::Elaborate design
INFO: [USF-XSim-61] Executing 'ELABORATE' step in 'D:/Ing electronica - unal/7_semestre/digital_electronics_2/digital-2-lab/lab2_fsm/fsm_practica2/fsm_practica2.sim/sim_1/behav/xsim'
"xelab --incr --debug typical --relax --mt 2 -L xil_defaultlib -L unisims_ver -L unimacro_ver -L secureip --snapshot control_tb_behav xil_defaultlib.control_tb xil_defaultlib.glbl -log elaborate.log"
Vivado Simulator v2024.2.0
Copyright 1986-2022 Xilinx, Inc. All Rights Reserved.
Copyright 2022-2024 Advanced Micro Devices, Inc. All Rights Reserved.
Running: D:/programas/Vivado/2024.2/bin/unwrapped/win64.o/xelab.exe --incr --debug typical --relax --mt 2 -L xil_defaultlib -L unisims_ver -L unimacro_ver -L secureip --snapshot control_tb_behav xil_defaultlib.control_tb xil_defaultlib.glbl -log elaborate.log 
Using 2 slave threads.
Starting static elaboration
Pass Through NonSizing Optimizer
Completed static elaboration
INFO: [XSIM 43-4323] No Change in HDL. Linking previously generated obj files to create kernel
INFO: [USF-XSim-69] 'elaborate' step finished in '2' seconds
INFO: [USF-XSim-4] XSim::Simulate design
INFO: [USF-XSim-61] Executing 'SIMULATE' step in 'D:/Ing electronica - unal/7_semestre/digital_electronics_2/digital-2-lab/lab2_fsm/fsm_practica2/fsm_practica2.sim/sim_1/behav/xsim'
INFO: [USF-XSim-98] *** Running xsim
   with args "control_tb_behav -key {Behavioral:sim_1:Functional:control_tb} -tclbatch {control_tb.tcl} -log {simulate.log}"
INFO: [USF-XSim-8] Loading simulator feature
Time resolution is 1 ps
source control_tb.tcl
# set curr_wave [current_wave_config]
# if { [string length $curr_wave] == 0 } {
#   if { [llength [get_objects]] > 0} {
#     add_wave /
#     set_property needs_save false [current_wave_config]
#   } else {
#      send_msg_id Add_Wave-1 WARNING "No top level signals found. Simulator will start without a wave window. If you want to open a wave window go to 'File->New Waveform Configuration' or type 'create_wave_config' in the TCL console."
#   }
# }
# run 1000ns
Tiempo:                    0ns | Estado:  | Contador:  0 | Salidas: Abierta=0, Cerrada=1, Movimiento=0
INFO: [USF-XSim-96] XSim completed. Design snapshot 'control_tb_behav' loaded.
INFO: [USF-XSim-97] XSim simulation ran for 1000ns
launch_simulation: Time (s): cpu = 00:00:03 ; elapsed = 00:00:19 . Memory (MB): peak = 3448.961 ; gain = 0.000
WARNING: [filemgmt 56-199] Attempt to get parsing info during refresh. "On-the-fly" syntax checking information may be incorrect. [D:\Ing electronica - unal\7_semestre\digital_electronics_2\digital-2-lab\lab2_fsm\fsm_practica2\fsm_practica2.srcs\sources_1\new\clock_divider.v:]
WARNING: [filemgmt 56-199] Attempt to get parsing info during refresh. "On-the-fly" syntax checking information may be incorrect. [D:\Ing electronica - unal\7_semestre\digital_electronics_2\digital-2-lab\lab2_fsm\fsm_practica2\fsm_practica2.srcs\sources_1\new\top.v:]
WARNING: [filemgmt 56-199] Attempt to get parsing info during refresh. "On-the-fly" syntax checking information may be incorrect. [D:\Ing electronica - unal\7_semestre\digital_electronics_2\digital-2-lab\lab2_fsm\fsm_practica2\fsm_practica2.srcs\sim_1\new\fsm_tb.v:]
WARNING: [filemgmt 56-199] Attempt to get parsing info during refresh. "On-the-fly" syntax checking information may be incorrect. [D:\Ing electronica - unal\7_semestre\digital_electronics_2\digital-2-lab\lab2_fsm\fsm_practica2\fsm_practica2.srcs\sources_1\new\fsm.v:]
WARNING: [filemgmt 56-199] Attempt to get parsing info during refresh. "On-the-fly" syntax checking information may be incorrect. [D:\Ing electronica - unal\7_semestre\digital_electronics_2\digital-2-lab\lab2_fsm\fsm_practica2\fsm_practica2.srcs\sources_1\new\fsm.v:]
WARNING: [filemgmt 56-199] Attempt to get parsing info during refresh. "On-the-fly" syntax checking information may be incorrect. [D:\Ing electronica - unal\7_semestre\digital_electronics_2\digital-2-lab\lab2_fsm\fsm_practica2\fsm_practica2.srcs\sources_1\new\fsm.v:]
WARNING: [filemgmt 56-199] Attempt to get parsing info during refresh. "On-the-fly" syntax checking information may be incorrect. [D:\Ing electronica - unal\7_semestre\digital_electronics_2\digital-2-lab\lab2_fsm\fsm_practica2\fsm_practica2.srcs\sources_1\new\clock_divider.v:]
WARNING: [filemgmt 56-199] Attempt to get parsing info during refresh. "On-the-fly" syntax checking information may be incorrect. [D:\Ing electronica - unal\7_semestre\digital_electronics_2\digital-2-lab\lab2_fsm\fsm_practica2\fsm_practica2.srcs\sources_1\new\top.v:]
WARNING: [filemgmt 56-199] Attempt to get parsing info during refresh. "On-the-fly" syntax checking information may be incorrect. [D:\Ing electronica - unal\7_semestre\digital_electronics_2\digital-2-lab\lab2_fsm\fsm_practica2\fsm_practica2.srcs\sim_1\new\fsm_tb.v:]
WARNING: [filemgmt 56-199] Attempt to get parsing info during refresh. "On-the-fly" syntax checking information may be incorrect. [D:\Ing electronica - unal\7_semestre\digital_electronics_2\digital-2-lab\lab2_fsm\fsm_practica2\fsm_practica2.srcs\sources_1\new\fsm.v:]
WARNING: [filemgmt 56-199] Attempt to get parsing info during refresh. "On-the-fly" syntax checking information may be incorrect. [D:\Ing electronica - unal\7_semestre\digital_electronics_2\digital-2-lab\lab2_fsm\fsm_practica2\fsm_practica2.srcs\sim_1\new\fsm_tb.v:]
WARNING: [filemgmt 56-199] Attempt to get parsing info during refresh. "On-the-fly" syntax checking information may be incorrect. [D:\Ing electronica - unal\7_semestre\digital_electronics_2\digital-2-lab\lab2_fsm\fsm_practica2\fsm_practica2.srcs\sim_1\new\fsm_tb.v:]
ERROR: [Common 17-180] Spawn failed: No error
WARNING: [filemgmt 56-199] Attempt to get parsing info during refresh. "On-the-fly" syntax checking information may be incorrect. [D:\Ing electronica - unal\7_semestre\digital_electronics_2\digital-2-lab\lab2_fsm\fsm_practica2\fsm_practica2.srcs\sources_1\new\clock_divider.v:]
WARNING: [filemgmt 56-199] Attempt to get parsing info during refresh. "On-the-fly" syntax checking information may be incorrect. [D:\Ing electronica - unal\7_semestre\digital_electronics_2\digital-2-lab\lab2_fsm\fsm_practica2\fsm_practica2.srcs\sources_1\new\top.v:]
WARNING: [filemgmt 56-199] Attempt to get parsing info during refresh. "On-the-fly" syntax checking information may be incorrect. [D:\Ing electronica - unal\7_semestre\digital_electronics_2\digital-2-lab\lab2_fsm\fsm_practica2\fsm_practica2.srcs\sim_1\new\fsm_tb.v:]
WARNING: [filemgmt 56-199] Attempt to get parsing info during refresh. "On-the-fly" syntax checking information may be incorrect. [D:\Ing electronica - unal\7_semestre\digital_electronics_2\digital-2-lab\lab2_fsm\fsm_practica2\fsm_practica2.srcs\sources_1\new\fsm.v:]
WARNING: [filemgmt 56-199] Attempt to get parsing info during refresh. "On-the-fly" syntax checking information may be incorrect. [D:\Ing electronica - unal\7_semestre\digital_electronics_2\digital-2-lab\lab2_fsm\fsm_practica2\fsm_practica2.srcs\sources_1\new\clock_divider.v:]
WARNING: [filemgmt 56-199] Attempt to get parsing info during refresh. "On-the-fly" syntax checking information may be incorrect. [D:\Ing electronica - unal\7_semestre\digital_electronics_2\digital-2-lab\lab2_fsm\fsm_practica2\fsm_practica2.srcs\sources_1\new\clock_divider.v:]
ERROR: [Common 17-180] Spawn failed: No error
close_sim
INFO: [Simtcl 6-16] Simulation closed
exit
INFO: [Common 17-206] Exiting Vivado at Wed May 14 22:21:09 2025...
