INFO: [VRFC 10-2263] Analyzing Verilog file "D:/Ing_electronica_unal/7_semestre/digital_electronics_2/project_4/project_4.ip_user_files/bd/zynq7000_preset/ip/zynq7000_preset_processing_system7_0_0/sim/zynq7000_preset_processing_system7_0_0.v" into library xil_defaultlib
INFO: [VRFC 10-311] analyzing module zynq7000_preset_processing_system7_0_0
INFO: [VRFC 10-2263] Analyzing Verilog file "D:/Ing_electronica_unal/7_semestre/digital_electronics_2/project_4/project_4.ip_user_files/bd/zynq7000_preset/ip/zynq7000_preset_xbar_0/sim/zynq7000_preset_xbar_0.v" into library xil_defaultlib
INFO: [VRFC 10-311] analyzing module zynq7000_preset_xbar_0
INFO: [VRFC 10-2263] Analyzing Verilog file "D:/Ing_electronica_unal/7_semestre/digital_electronics_2/project_4/project_4.ip_user_files/bd/zynq7000_preset/ip/zynq7000_preset_axi_bram_ctrl_0_bram_0/sim/zynq7000_preset_axi_bram_ctrl_0_bram_0.v" into library xil_defaultlib
INFO: [VRFC 10-311] analyzing module zynq7000_preset_axi_bram_ctrl_0_bram_0
INFO: [VRFC 10-2263] Analyzing Verilog file "D:/Ing_electronica_unal/7_semestre/digital_electronics_2/project_4/project_4.ip_user_files/bd/zynq7000_preset/sim/zynq7000_preset.v" into library xil_defaultlib
INFO: [VRFC 10-311] analyzing module m00_couplers_imp_17BWJA0
INFO: [VRFC 10-311] analyzing module m01_couplers_imp_FZN9UE
INFO: [VRFC 10-311] analyzing module m02_couplers_imp_3EUMDH
INFO: [VRFC 10-311] analyzing module m03_couplers_imp_1B3V16Z
INFO: [VRFC 10-311] analyzing module m04_couplers_imp_SQRKGZ
INFO: [VRFC 10-311] analyzing module m05_couplers_imp_1HUX8BX
INFO: [VRFC 10-311] analyzing module m06_couplers_imp_1WSNCQM
INFO: [VRFC 10-311] analyzing module microblaze_0_local_memory_imp_1LD5T44
INFO: [VRFC 10-311] analyzing module s00_couplers_imp_1GB36V4
INFO: [VRFC 10-311] analyzing module s01_couplers_imp_6Y9LSE
INFO: [VRFC 10-311] analyzing module zynq7000_preset
INFO: [VRFC 10-311] analyzing module zynq7000_preset_ps7_0_axi_periph_0
INFO: [VRFC 10-2263] Analyzing Verilog file "D:/Ing_electronica_unal/7_semestre/digital_electronics_2/project_4/project_4.ip_user_files/bd/zynq7000_preset/ip/zynq7000_preset_lmb_bram_0/sim/zynq7000_preset_lmb_bram_0.v" into library xil_defaultlib
INFO: [VRFC 10-311] analyzing module zynq7000_preset_lmb_bram_0
INFO: [VRFC 10-2263] Analyzing Verilog file "D:/Ing_electronica_unal/7_semestre/digital_electronics_2/project_4/project_4.ip_user_files/bd/zynq7000_preset/ip/zynq7000_preset_microblaze_0_xlconcat_0/sim/zynq7000_preset_microblaze_0_xlconcat_0.v" into library xil_defaultlib
INFO: [VRFC 10-311] analyzing module zynq7000_preset_microblaze_0_xlconcat_0
INFO: [VRFC 10-2263] Analyzing Verilog file "D:/Ing_electronica_unal/7_semestre/digital_electronics_2/project_4/project_4.ip_user_files/bd/zynq7000_preset/ip/zynq7000_preset_auto_pc_5/sim/zynq7000_preset_auto_pc_5.v" into library xil_defaultlib
INFO: [VRFC 10-311] analyzing module zynq7000_preset_auto_pc_5
INFO: [VRFC 10-2263] Analyzing Verilog file "D:/Ing_electronica_unal/7_semestre/digital_electronics_2/project_4/project_4.ip_user_files/bd/zynq7000_preset/ip/zynq7000_preset_auto_pc_6/sim/zynq7000_preset_auto_pc_6.v" into library xil_defaultlib
INFO: [VRFC 10-311] analyzing module zynq7000_preset_auto_pc_6
INFO: [VRFC 10-2263] Analyzing Verilog file "D:/Ing_electronica_unal/7_semestre/digital_electronics_2/project_4/project_4.ip_user_files/bd/zynq7000_preset/ip/zynq7000_preset_auto_pc_0/sim/zynq7000_preset_auto_pc_0.v" into library xil_defaultlib
INFO: [VRFC 10-311] analyzing module zynq7000_preset_auto_pc_0
INFO: [VRFC 10-2263] Analyzing Verilog file "D:/Ing_electronica_unal/7_semestre/digital_electronics_2/project_4/project_4.ip_user_files/bd/zynq7000_preset/ip/zynq7000_preset_auto_pc_1/sim/zynq7000_preset_auto_pc_1.v" into library xil_defaultlib
INFO: [VRFC 10-311] analyzing module zynq7000_preset_auto_pc_1
INFO: [VRFC 10-2263] Analyzing Verilog file "D:/Ing_electronica_unal/7_semestre/digital_electronics_2/project_4/project_4.ip_user_files/bd/zynq7000_preset/ip/zynq7000_preset_auto_pc_2/sim/zynq7000_preset_auto_pc_2.v" into library xil_defaultlib
INFO: [VRFC 10-311] analyzing module zynq7000_preset_auto_pc_2
INFO: [VRFC 10-2263] Analyzing Verilog file "D:/Ing_electronica_unal/7_semestre/digital_electronics_2/project_4/project_4.ip_user_files/bd/zynq7000_preset/ip/zynq7000_preset_auto_pc_3/sim/zynq7000_preset_auto_pc_3.v" into library xil_defaultlib
INFO: [VRFC 10-311] analyzing module zynq7000_preset_auto_pc_3
INFO: [VRFC 10-2263] Analyzing Verilog file "D:/Ing_electronica_unal/7_semestre/digital_electronics_2/project_4/project_4.ip_user_files/bd/zynq7000_preset/ip/zynq7000_preset_auto_pc_4/sim/zynq7000_preset_auto_pc_4.v" into library xil_defaultlib
INFO: [VRFC 10-311] analyzing module zynq7000_preset_auto_pc_4
INFO: [VRFC 10-2263] Analyzing Verilog file "D:/Ing_electronica_unal/7_semestre/digital_electronics_2/project_4/project_4.ip_user_files/bd/zynq7000_preset/ip/zynq7000_preset_s00_mmu_0/sim/zynq7000_preset_s00_mmu_0.v" into library xil_defaultlib
INFO: [VRFC 10-311] analyzing module zynq7000_preset_s00_mmu_0
INFO: [VRFC 10-2263] Analyzing Verilog file "D:/Ing_electronica_unal/7_semestre/digital_electronics_2/project_4/project_4.srcs/sources_1/imports/hdl/zynq7000_preset_wrapper.v" into library xil_defaultlib
INFO: [VRFC 10-311] analyzing module zynq7000_preset_wrapper
INFO: [VRFC 10-2263] Analyzing Verilog file "D:/Ing_electronica_unal/7_semestre/digital_electronics_2/project_4/project_4.srcs/sim_1/imports/zynq7000_preset/zynq_tb.v" into library xil_defaultlib
INFO: [VRFC 10-311] analyzing module tb
INFO: [VRFC 10-2263] Analyzing Verilog file "D:/Ing_electronica_unal/7_semestre/digital_electronics_2/project_4/project_4.sim/sim_1/behav/xsim/glbl.v" into library xil_defaultlib
INFO: [VRFC 10-311] analyzing module glbl
INFO: [VRFC 10-163] Analyzing VHDL file "D:/Ing_electronica_unal/7_semestre/digital_electronics_2/project_4/project_4.ip_user_files/bd/zynq7000_preset/ip/zynq7000_preset_axi_gpio_0_0/sim/zynq7000_preset_axi_gpio_0_0.vhd" into library xil_defaultlib
INFO: [VRFC 10-3107] analyzing entity 'zynq7000_preset_axi_gpio_0_0'
INFO: [VRFC 10-163] Analyzing VHDL file "D:/Ing_electronica_unal/7_semestre/digital_electronics_2/project_4/project_4.ip_user_files/bd/zynq7000_preset/ip/zynq7000_preset_rst_ps7_0_50M_0/sim/zynq7000_preset_rst_ps7_0_50M_0.vhd" into library xil_defaultlib
INFO: [VRFC 10-3107] analyzing entity 'zynq7000_preset_rst_ps7_0_50M_0'
INFO: [VRFC 10-163] Analyzing VHDL file "D:/Ing_electronica_unal/7_semestre/digital_electronics_2/project_4/project_4.ip_user_files/bd/zynq7000_preset/ip/zynq7000_preset_axi_bram_ctrl_0_0/sim/zynq7000_preset_axi_bram_ctrl_0_0.vhd" into library xil_defaultlib
INFO: [VRFC 10-3107] analyzing entity 'zynq7000_preset_axi_bram_ctrl_0_0'
INFO: [VRFC 10-163] Analyzing VHDL file "D:/Ing_electronica_unal/7_semestre/digital_electronics_2/project_4/project_4.ip_user_files/bd/zynq7000_preset/ip/zynq7000_preset_microblaze_0_0/sim/zynq7000_preset_microblaze_0_0.vhd" into library xil_defaultlib
INFO: [VRFC 10-3107] analyzing entity 'zynq7000_preset_microblaze_0_0'
INFO: [VRFC 10-163] Analyzing VHDL file "D:/Ing_electronica_unal/7_semestre/digital_electronics_2/project_4/project_4.ip_user_files/bd/zynq7000_preset/ip/zynq7000_preset_dlmb_v10_0/sim/zynq7000_preset_dlmb_v10_0.vhd" into library xil_defaultlib
INFO: [VRFC 10-3107] analyzing entity 'zynq7000_preset_dlmb_v10_0'
INFO: [VRFC 10-163] Analyzing VHDL file "D:/Ing_electronica_unal/7_semestre/digital_electronics_2/project_4/project_4.ip_user_files/bd/zynq7000_preset/ip/zynq7000_preset_ilmb_v10_0/sim/zynq7000_preset_ilmb_v10_0.vhd" into library xil_defaultlib
INFO: [VRFC 10-3107] analyzing entity 'zynq7000_preset_ilmb_v10_0'
INFO: [VRFC 10-163] Analyzing VHDL file "D:/Ing_electronica_unal/7_semestre/digital_electronics_2/project_4/project_4.ip_user_files/bd/zynq7000_preset/ip/zynq7000_preset_dlmb_bram_if_cntlr_0/sim/zynq7000_preset_dlmb_bram_if_cntlr_0.vhd" into library xil_defaultlib
INFO: [VRFC 10-3107] analyzing entity 'zynq7000_preset_dlmb_bram_if_cntlr_0'
INFO: [VRFC 10-163] Analyzing VHDL file "D:/Ing_electronica_unal/7_semestre/digital_electronics_2/project_4/project_4.ip_user_files/bd/zynq7000_preset/ip/zynq7000_preset_ilmb_bram_if_cntlr_0/sim/zynq7000_preset_ilmb_bram_if_cntlr_0.vhd" into library xil_defaultlib
INFO: [VRFC 10-3107] analyzing entity 'zynq7000_preset_ilmb_bram_if_cntlr_0'
INFO: [VRFC 10-163] Analyzing VHDL file "D:/Ing_electronica_unal/7_semestre/digital_electronics_2/project_4/project_4.ip_user_files/bd/zynq7000_preset/ip/zynq7000_preset_microblaze_0_axi_intc_0/sim/zynq7000_preset_microblaze_0_axi_intc_0.vhd" into library xil_defaultlib
INFO: [VRFC 10-3107] analyzing entity 'zynq7000_preset_microblaze_0_axi_intc_0'
INFO: [VRFC 10-163] Analyzing VHDL file "D:/Ing_electronica_unal/7_semestre/digital_electronics_2/project_4/project_4.ip_user_files/bd/zynq7000_preset/ip/zynq7000_preset_mdm_1_0/sim/zynq7000_preset_mdm_1_0.vhd" into library xil_defaultlib
INFO: [VRFC 10-3107] analyzing entity 'zynq7000_preset_mdm_1_0'
INFO: [VRFC 10-163] Analyzing VHDL file "D:/Ing_electronica_unal/7_semestre/digital_electronics_2/project_4/project_4.ip_user_files/bd/zynq7000_preset/ip/zynq7000_preset_axi_timer_0_0/sim/zynq7000_preset_axi_timer_0_0.vhd" into library xil_defaultlib
INFO: [VRFC 10-3107] analyzing entity 'zynq7000_preset_axi_timer_0_0'
INFO: [VRFC 10-163] Analyzing VHDL file "D:/Ing_electronica_unal/7_semestre/digital_electronics_2/project_4/project_4.ip_user_files/bd/zynq7000_preset/ip/zynq7000_preset_axi_intc_0_0/sim/zynq7000_preset_axi_intc_0_0.vhd" into library xil_defaultlib
INFO: [VRFC 10-3107] analyzing entity 'zynq7000_preset_axi_intc_0_0'
