Vivado Simulator v2022.2
Copyright 1986-1999, 2001-2022 Xilinx, Inc. All Rights Reserved.
Running: D:/programas/vivado/Vivado/2022.2/bin/unwrapped/win64.o/xelab.exe --incr --debug typical --relax --mt 2 -L xil_defaultlib -L axi_infrastructure_v1_1_0 -L axi_vip_v1_1_13 -L processing_system7_vip_v1_0_15 -L axi_lite_ipif_v3_0_4 -L lib_cdc_v1_0_2 -L interrupt_control_v3_1_4 -L axi_gpio_v2_0_29 -L generic_baseblocks_v2_1_0 -L axi_register_slice_v2_1_27 -L fifo_generator_v13_2_7 -L axi_data_fifo_v2_1_26 -L axi_crossbar_v2_1_28 -L proc_sys_reset_v5_0_13 -L axi_bram_ctrl_v4_1_7 -L blk_mem_gen_v8_4_5 -L microblaze_v11_0_10 -L lmb_v10_v3_0_12 -L lmb_bram_if_cntlr_v4_0_21 -L axi_intc_v4_1_17 -L xlconcat_v2_1_4 -L mdm_v3_2_23 -L lib_pkg_v1_0_2 -L axi_timer_v2_0_29 -L axi_protocol_converter_v2_1_27 -L axi_mmu_v2_1_25 -L uvm -L xilinx_vip -L unisims_ver -L unimacro_ver -L secureip -L xpm --snapshot tb_behav xil_defaultlib.tb xil_defaultlib.glbl -log elaborate.log 
Using 2 slave threads.
Starting static elaboration
Pass Through NonSizing Optimizer
WARNING: [VRFC 10-3091] actual bit length 1 differs from formal bit length 16 for port 'IRQ_F2P' [D:/Ing_electronica_unal/7_semestre/digital_electronics_2/project_4/project_4.ip_user_files/bd/zynq7000_preset/ip/zynq7000_preset_processing_system7_0_0/sim/zynq7000_preset_processing_system7_0_0.v:581]
WARNING: [VRFC 10-3091] actual bit length 128 differs from formal bit length 64 for port 'WR_DATA_STRB' [/scratch/proj/xbuilds/SWIP/2022.2_1014_8888/infra/XSIM/lin/.cxl.ip/incl/processing_system7_vip_v1_0_15_axi_gp.v:208]
WARNING: [VRFC 10-3091] actual bit length 12 differs from formal bit length 6 for port 'm_axi_bid' [/wrk/ci/prod/2022.2/sw/continuous/3508/packages/customer/vivado/data/ip/xilinx/processing_system7_vip_v1_0/hdl/processing_system7_vip_v1_0_vl_rfs.sv:5546]
WARNING: [VRFC 10-3091] actual bit length 12 differs from formal bit length 6 for port 'm_axi_rid' [/wrk/ci/prod/2022.2/sw/continuous/3508/packages/customer/vivado/data/ip/xilinx/processing_system7_vip_v1_0/hdl/processing_system7_vip_v1_0_vl_rfs.sv:5564]
WARNING: [VRFC 10-3091] actual bit length 128 differs from formal bit length 64 for port 'WR_DATA_STRB' [/scratch/proj/xbuilds/SWIP/2022.2_1014_8888/infra/XSIM/lin/.cxl.ip/incl/processing_system7_vip_v1_0_15_axi_gp.v:292]
WARNING: [VRFC 10-3091] actual bit length 8 differs from formal bit length 9 for port 'WR_BYTES' [/scratch/proj/xbuilds/SWIP/2022.2_1014_8888/infra/XSIM/lin/.cxl.ip/incl/processing_system7_vip_v1_0_15_axi_hp.v:80]
WARNING: [VRFC 10-3091] actual bit length 8 differs from formal bit length 9 for port 'RD_BYTES' [/scratch/proj/xbuilds/SWIP/2022.2_1014_8888/infra/XSIM/lin/.cxl.ip/incl/processing_system7_vip_v1_0_15_axi_hp.v:89]
WARNING: [VRFC 10-3091] actual bit length 12 differs from formal bit length 6 for port 'm_axi_bid' [/wrk/ci/prod/2022.2/sw/continuous/3508/packages/customer/vivado/data/ip/xilinx/processing_system7_vip_v1_0/hdl/processing_system7_vip_v1_0_vl_rfs.sv:10256]
WARNING: [VRFC 10-3091] actual bit length 12 differs from formal bit length 6 for port 'm_axi_rid' [/wrk/ci/prod/2022.2/sw/continuous/3508/packages/customer/vivado/data/ip/xilinx/processing_system7_vip_v1_0/hdl/processing_system7_vip_v1_0_vl_rfs.sv:10274]
WARNING: [VRFC 10-3091] actual bit length 32 differs from formal bit length 64 for port 'm_axi_rdata' [/wrk/ci/prod/2022.2/sw/continuous/3508/packages/customer/vivado/data/ip/xilinx/processing_system7_vip_v1_0/hdl/processing_system7_vip_v1_0_vl_rfs.sv:10275]
WARNING: [VRFC 10-3091] actual bit length 8 differs from formal bit length 9 for port 'WR_BYTES' [/scratch/proj/xbuilds/SWIP/2022.2_1014_8888/infra/XSIM/lin/.cxl.ip/incl/processing_system7_vip_v1_0_15_axi_hp.v:165]
WARNING: [VRFC 10-3091] actual bit length 8 differs from formal bit length 9 for port 'RD_BYTES' [/scratch/proj/xbuilds/SWIP/2022.2_1014_8888/infra/XSIM/lin/.cxl.ip/incl/processing_system7_vip_v1_0_15_axi_hp.v:174]
WARNING: [VRFC 10-3091] actual bit length 8 differs from formal bit length 9 for port 'WR_BYTES' [/scratch/proj/xbuilds/SWIP/2022.2_1014_8888/infra/XSIM/lin/.cxl.ip/incl/processing_system7_vip_v1_0_15_axi_hp.v:251]
WARNING: [VRFC 10-3091] actual bit length 8 differs from formal bit length 9 for port 'RD_BYTES' [/scratch/proj/xbuilds/SWIP/2022.2_1014_8888/infra/XSIM/lin/.cxl.ip/incl/processing_system7_vip_v1_0_15_axi_hp.v:260]
WARNING: [VRFC 10-3091] actual bit length 8 differs from formal bit length 9 for port 'WR_BYTES' [/scratch/proj/xbuilds/SWIP/2022.2_1014_8888/infra/XSIM/lin/.cxl.ip/incl/processing_system7_vip_v1_0_15_axi_hp.v:337]
WARNING: [VRFC 10-3091] actual bit length 8 differs from formal bit length 9 for port 'RD_BYTES' [/scratch/proj/xbuilds/SWIP/2022.2_1014_8888/infra/XSIM/lin/.cxl.ip/incl/processing_system7_vip_v1_0_15_axi_hp.v:346]
WARNING: [VRFC 10-3091] actual bit length 12 differs from formal bit length 3 for port 'm_axi_bid' [/wrk/ci/prod/2022.2/sw/continuous/3508/packages/customer/vivado/data/ip/xilinx/processing_system7_vip_v1_0/hdl/processing_system7_vip_v1_0_vl_rfs.sv:7157]
WARNING: [VRFC 10-3091] actual bit length 12 differs from formal bit length 3 for port 'm_axi_rid' [/wrk/ci/prod/2022.2/sw/continuous/3508/packages/customer/vivado/data/ip/xilinx/processing_system7_vip_v1_0/hdl/processing_system7_vip_v1_0_vl_rfs.sv:7175]
WARNING: [VRFC 10-3091] actual bit length 32 differs from formal bit length 64 for port 'm_axi_rdata' [/wrk/ci/prod/2022.2/sw/continuous/3508/packages/customer/vivado/data/ip/xilinx/processing_system7_vip_v1_0/hdl/processing_system7_vip_v1_0_vl_rfs.sv:7176]
WARNING: [VRFC 10-3091] actual bit length 13 differs from formal bit length 26 for port 's_axi_bid' [D:/Ing_electronica_unal/7_semestre/digital_electronics_2/project_4/project_4.ip_user_files/bd/zynq7000_preset/sim/zynq7000_preset.v:5589]
WARNING: [VRFC 10-3091] actual bit length 13 differs from formal bit length 26 for port 's_axi_rid' [D:/Ing_electronica_unal/7_semestre/digital_electronics_2/project_4/project_4.ip_user_files/bd/zynq7000_preset/sim/zynq7000_preset.v:5594]
WARNING: [VRFC 10-5021] port 'irq' is not connected on this instance [D:/Ing_electronica_unal/7_semestre/digital_electronics_2/project_4/project_4.ip_user_files/bd/zynq7000_preset/sim/zynq7000_preset.v:3193]
WARNING: [VRFC 10-5021] port 'generateout0' is not connected on this instance [D:/Ing_electronica_unal/7_semestre/digital_electronics_2/project_4/project_4.ip_user_files/bd/zynq7000_preset/sim/zynq7000_preset.v:3213]
WARNING: [VRFC 10-5021] port 'IRQ_F2P' is not connected on this instance [D:/Ing_electronica_unal/7_semestre/digital_electronics_2/project_4/project_4.ip_user_files/bd/zynq7000_preset/sim/zynq7000_preset.v:3375]
WARNING: [VRFC 10-5021] port 'peripheral_reset' is not connected on this instance [D:/Ing_electronica_unal/7_semestre/digital_electronics_2/project_4/project_4.ip_user_files/bd/zynq7000_preset/sim/zynq7000_preset.v:3643]
WARNING: [VRFC 10-5021] port 'lmb_rst' is not connected on this instance [D:/Ing_electronica_unal/7_semestre/digital_electronics_2/project_4/project_4.ip_user_files/bd/zynq7000_preset/sim/zynq7000_preset.v:2046]
WARNING: [VRFC 10-5021] port 'lmb_rst' is not connected on this instance [D:/Ing_electronica_unal/7_semestre/digital_electronics_2/project_4/project_4.ip_user_files/bd/zynq7000_preset/sim/zynq7000_preset.v:2092]
WARNING: [VRFC 10-5021] port 'ENET0_GMII_RXD' is not connected on this instance [D:/Ing_electronica_unal/7_semestre/digital_electronics_2/project_4/project_4.ip_user_files/bd/zynq7000_preset/ip/zynq7000_preset_processing_system7_0_0/sim/zynq7000_preset_processing_system7_0_0.v:193]
WARNING: [VRFC 10-3027] 'ocm_wr_strb_port0' was previously declared with a different range [/wrk/ci/prod/2022.2/sw/continuous/3508/packages/customer/vivado/data/ip/xilinx/processing_system7_vip_v1_0/hdl/processing_system7_vip_v1_0_vl_rfs.sv:3809]
WARNING: [VRFC 10-5021] port 'aclk2x' is not connected on this instance [/wrk/ci/prod/2022.2/sw/continuous/3508/packages/customer/vivado/data/ip/xilinx/axi_protocol_converter_v2_1/hdl/axi_protocol_converter_v2_1_vl_rfs.v:4376]
WARNING: [VRFC 10-5021] port 'aclk2x' is not connected on this instance [/wrk/ci/prod/2022.2/sw/continuous/3508/packages/customer/vivado/data/ip/xilinx/axi_protocol_converter_v2_1/hdl/axi_protocol_converter_v2_1_vl_rfs.v:4631]
WARNING: [VRFC 10-5021] port 'aclk2x' is not connected on this instance [/wrk/ci/prod/2022.2/sw/continuous/3508/packages/customer/vivado/data/ip/xilinx/axi_mmu_v2_1/hdl/axi_mmu_v2_1_vl_rfs.v:1155]
WARNING: [VRFC 10-3705] select index 64 into 'wrp_strb' is out of bounds [/wrk/ci/prod/2022.2/sw/continuous/3508/packages/customer/vivado/data/ip/xilinx/processing_system7_vip_v1_0/hdl/processing_system7_vip_v1_0_vl_rfs.sv:6134]
WARNING: [VRFC 10-3705] select index 128 into 'wrp_strb' is out of bounds [/wrk/ci/prod/2022.2/sw/continuous/3508/packages/customer/vivado/data/ip/xilinx/processing_system7_vip_v1_0/hdl/processing_system7_vip_v1_0_vl_rfs.sv:10898]
WARNING: [VRFC 10-3705] select index 128 into 'wrp_strb' is out of bounds [/wrk/ci/prod/2022.2/sw/continuous/3508/packages/customer/vivado/data/ip/xilinx/processing_system7_vip_v1_0/hdl/processing_system7_vip_v1_0_vl_rfs.sv:7772]
WARNING: [VRFC 10-3705] select index 4 into 'wr_fifo_rd_ptr' is out of bounds [/wrk/ci/prod/2022.2/sw/continuous/3508/packages/customer/vivado/data/ip/xilinx/processing_system7_vip_v1_0/hdl/processing_system7_vip_v1_0_vl_rfs.sv:7985]
WARNING: [VRFC 10-3705] select index 4 into 'ar_cnt' is out of bounds [/wrk/ci/prod/2022.2/sw/continuous/3508/packages/customer/vivado/data/ip/xilinx/processing_system7_vip_v1_0/hdl/processing_system7_vip_v1_0_vl_rfs.sv:8124]
WARNING: [VRFC 10-3705] select index 4 into 'wr_rresp_cnt' is out of bounds [/wrk/ci/prod/2022.2/sw/continuous/3508/packages/customer/vivado/data/ip/xilinx/processing_system7_vip_v1_0/hdl/processing_system7_vip_v1_0_vl_rfs.sv:8221]
WARNING: [VRFC 10-3705] select index 4 into 'rd_fifo_wr_ptr' is out of bounds [/wrk/ci/prod/2022.2/sw/continuous/3508/packages/customer/vivado/data/ip/xilinx/processing_system7_vip_v1_0/hdl/processing_system7_vip_v1_0_vl_rfs.sv:8240]
WARNING: [VRFC 10-3705] select index 4 into 'rd_cnt' is out of bounds [/wrk/ci/prod/2022.2/sw/continuous/3508/packages/customer/vivado/data/ip/xilinx/processing_system7_vip_v1_0/hdl/processing_system7_vip_v1_0_vl_rfs.sv:8381]
WARNING: [VRFC 10-3705] select index 4 into 'rresp_time_cnt' is out of bounds [/wrk/ci/prod/2022.2/sw/continuous/3508/packages/customer/vivado/data/ip/xilinx/processing_system7_vip_v1_0/hdl/processing_system7_vip_v1_0_vl_rfs.sv:8386]
WARNING: [VRFC 10-3705] select index 4 into 'rd_fifo_rd_ptr' is out of bounds [/wrk/ci/prod/2022.2/sw/continuous/3508/packages/customer/vivado/data/ip/xilinx/processing_system7_vip_v1_0/hdl/processing_system7_vip_v1_0_vl_rfs.sv:8391]
Completed static elaboration
Starting simulation data flow analysis
Completed simulation data flow analysis
Time Resolution for simulation is 1ps
Compiling package std.standard
Compiling package std.textio
Compiling package ieee.std_logic_1164
Compiling package ieee.numeric_std
Compiling package ieee.std_logic_arith
Compiling package xpm.vcomponents
Compiling package axi_bram_ctrl_v4_1_7.axi_bram_ctrl_funcs
Compiling package ieee.vital_timing
Compiling package ieee.vital_primitives
Compiling package unisim.vpkg
Compiling package unisim.vcomponents
Compiling package ieee.std_logic_unsigned
Compiling package synopsys.attributes
Compiling package ieee.std_logic_misc
Compiling package axi_lite_ipif_v3_0_4.ipif_pkg
Compiling package ieee.math_real
Compiling package axi_timer_v2_0_29.tc_types
Compiling package lib_pkg_v1_0_2.lib_pkg
Compiling package mdm_v3_2_23.mdm_funcs
Compiling package ieee.std_logic_signed
Compiling package microblaze_v11_0_10.microblaze_types
Compiling package microblaze_v11_0_10.microblaze_isa
Compiling package microblaze_v11_0_10.mmu_types
Compiling package lmb_bram_if_cntlr_v4_0_21.lmb_bram_if_funcs
Compiling package xilinx_vip.axi_vip_pkg
Compiling package xilinx_vip.xil_common_vip_pkg
Compiling package std.std
Compiling architecture implementation of entity axi_bram_ctrl_v4_1_7.wrap_brst [\wrap_brst(c_axi_addr_width=13,c...]
Compiling architecture muxcy_v of entity unisim.MUXCY [muxcy_default]
Compiling architecture muxcy_l_v of entity unisim.MUXCY_L [muxcy_l_default]
Compiling architecture xorcy_v of entity unisim.XORCY [xorcy_default]
Compiling architecture srl16e_v of entity unisim.SRL16E [\SRL16E(0,15)\]
Compiling architecture fdre_v of entity unisim.FDRE [fdre_default]
Compiling architecture fdr_v of entity unisim.FDR [fdr_default]
Compiling architecture imp of entity axi_bram_ctrl_v4_1_7.SRL_FIFO [\SRL_FIFO(c_data_bits=1,c_depth=...]
Compiling architecture implementation of entity axi_bram_ctrl_v4_1_7.wr_chnl [\wr_chnl(c_axi_addr_width=13,c_a...]
Compiling architecture implementation of entity axi_bram_ctrl_v4_1_7.rd_chnl [\rd_chnl(c_axi_addr_width=13,c_a...]
Compiling architecture implementation of entity axi_bram_ctrl_v4_1_7.full_axi [\full_axi(c_s_axi_addr_width=13,...]
Compiling architecture implementation of entity axi_bram_ctrl_v4_1_7.axi_bram_ctrl_top [\axi_bram_ctrl_top(c_bram_addr_w...]
Compiling architecture implementation of entity axi_bram_ctrl_v4_1_7.axi_bram_ctrl [\axi_bram_ctrl(c_memory_depth=20...]
Compiling architecture zynq7000_preset_axi_bram_ctrl_0_0_arch of entity xil_defaultlib.zynq7000_preset_axi_bram_ctrl_0_0 [zynq7000_preset_axi_bram_ctrl_0_...]
Compiling module blk_mem_gen_v8_4_5.blk_mem_gen_v8_4_5_output_stage(...
Compiling module blk_mem_gen_v8_4_5.blk_mem_gen_v8_4_5_softecc_outpu...
Compiling module blk_mem_gen_v8_4_5.blk_mem_gen_v8_4_5_mem_module(C_...
Compiling module blk_mem_gen_v8_4_5.blk_mem_gen_v8_4_5(C_FAMILY="zyn...
Compiling module xil_defaultlib.zynq7000_preset_axi_bram_ctrl_0_...
Compiling architecture imp of entity axi_lite_ipif_v3_0_4.pselect_f [\pselect_f(c_ab=2,c_aw=2,c_bar="...]
Compiling architecture imp of entity axi_lite_ipif_v3_0_4.pselect_f [\pselect_f(c_ab=2,c_aw=2,c_bar="...]
Compiling architecture imp of entity axi_lite_ipif_v3_0_4.pselect_f [\pselect_f(c_ab=2,c_aw=2,c_bar="...]
Compiling architecture imp of entity axi_lite_ipif_v3_0_4.pselect_f [\pselect_f(c_ab=2,c_aw=2,c_bar="...]
Compiling architecture imp of entity axi_lite_ipif_v3_0_4.address_decoder [\address_decoder(c_bus_awidth=9,...]
Compiling architecture imp of entity axi_lite_ipif_v3_0_4.slave_attachment [\slave_attachment(c_ard_addr_ran...]
Compiling architecture imp of entity axi_lite_ipif_v3_0_4.axi_lite_ipif [\axi_lite_ipif(c_s_axi_addr_widt...]
Compiling architecture implementation of entity lib_cdc_v1_0_2.cdc_sync [\cdc_sync(c_single_bit=0,c_vecto...]
Compiling architecture imp of entity axi_gpio_v2_0_29.GPIO_Core [\GPIO_Core(c_aw=9,c_gpio_width=4...]
Compiling architecture imp of entity axi_gpio_v2_0_29.axi_gpio [\axi_gpio(c_family="zynq",c_gpio...]
Compiling architecture zynq7000_preset_axi_gpio_0_0_arch of entity xil_defaultlib.zynq7000_preset_axi_gpio_0_0 [zynq7000_preset_axi_gpio_0_0_def...]
Compiling architecture imp of entity axi_intc_v4_1_17.intc_core [\intc_core(c_family="zynq",c_num...]
Compiling architecture imp of entity axi_lite_ipif_v3_0_4.pselect_f [\pselect_f(c_ab=3,c_aw=9,c_bar="...]
Compiling architecture imp of entity axi_lite_ipif_v3_0_4.pselect_f [\pselect_f(c_ab=4,c_aw=4,c_bar="...]
Compiling architecture imp of entity axi_lite_ipif_v3_0_4.pselect_f [\pselect_f(c_ab=4,c_aw=4,c_bar="...]
Compiling architecture imp of entity axi_lite_ipif_v3_0_4.pselect_f [\pselect_f(c_ab=4,c_aw=4,c_bar="...]
Compiling architecture imp of entity axi_lite_ipif_v3_0_4.pselect_f [\pselect_f(c_ab=4,c_aw=4,c_bar="...]
Compiling architecture imp of entity axi_lite_ipif_v3_0_4.pselect_f [\pselect_f(c_ab=4,c_aw=4,c_bar="...]
Compiling architecture imp of entity axi_lite_ipif_v3_0_4.pselect_f [\pselect_f(c_ab=4,c_aw=4,c_bar="...]
Compiling architecture imp of entity axi_lite_ipif_v3_0_4.pselect_f [\pselect_f(c_ab=4,c_aw=4,c_bar="...]
Compiling architecture imp of entity axi_lite_ipif_v3_0_4.pselect_f [\pselect_f(c_ab=4,c_aw=4,c_bar="...]
Compiling architecture imp of entity axi_lite_ipif_v3_0_4.pselect_f [\pselect_f(c_ab=4,c_aw=4,c_bar="...]
Compiling architecture imp of entity axi_lite_ipif_v3_0_4.pselect_f [\pselect_f(c_ab=4,c_aw=4,c_bar="...]
Compiling architecture imp of entity axi_lite_ipif_v3_0_4.pselect_f [\pselect_f(c_ab=4,c_aw=4,c_bar="...]
Compiling architecture imp of entity axi_lite_ipif_v3_0_4.pselect_f [\pselect_f(c_ab=4,c_aw=4,c_bar="...]
Compiling architecture imp of entity axi_lite_ipif_v3_0_4.pselect_f [\pselect_f(c_ab=4,c_aw=4,c_bar="...]
Compiling architecture imp of entity axi_lite_ipif_v3_0_4.pselect_f [\pselect_f(c_ab=4,c_aw=4,c_bar="...]
Compiling architecture imp of entity axi_lite_ipif_v3_0_4.pselect_f [\pselect_f(c_ab=4,c_aw=4,c_bar="...]
Compiling architecture imp of entity axi_lite_ipif_v3_0_4.pselect_f [\pselect_f(c_ab=4,c_aw=4,c_bar="...]
Compiling architecture imp of entity axi_lite_ipif_v3_0_4.pselect_f [\pselect_f(c_ab=2,c_aw=9,c_bar="...]
Compiling architecture imp of entity axi_lite_ipif_v3_0_4.pselect_f [\pselect_f(c_ab=1,c_aw=9,c_bar="...]
Compiling architecture imp of entity axi_lite_ipif_v3_0_4.pselect_f [\pselect_f(c_ab=1,c_aw=1,c_bar="...]
Compiling architecture imp of entity axi_lite_ipif_v3_0_4.pselect_f [\pselect_f(c_ab=1,c_aw=1,c_bar="...]
Compiling architecture imp of entity axi_lite_ipif_v3_0_4.address_decoder [\address_decoder(c_bus_awidth=9,...]
Compiling architecture imp of entity axi_lite_ipif_v3_0_4.slave_attachment [\slave_attachment(c_ard_addr_ran...]
Compiling architecture imp of entity axi_lite_ipif_v3_0_4.axi_lite_ipif [\axi_lite_ipif(c_s_axi_addr_widt...]
Compiling architecture imp of entity axi_intc_v4_1_17.axi_intc [\axi_intc(c_family="zynq",c_inst...]
Compiling architecture zynq7000_preset_axi_intc_0_0_arch of entity xil_defaultlib.zynq7000_preset_axi_intc_0_0 [zynq7000_preset_axi_intc_0_0_def...]
Compiling architecture imp of entity axi_timer_v2_0_29.mux_onehot_f [\mux_onehot_f(c_nb=6,c_family="z...]
Compiling architecture imp of entity axi_timer_v2_0_29.counter_f [\counter_f(c_num_bits=32,c_famil...]
Compiling architecture imp of entity axi_timer_v2_0_29.count_module [\count_module(c_family="zynq")(1...]
Compiling architecture lut4_v of entity unisim.LUT4 [\LUT4(init="1111111111001010")(0...]
Compiling architecture fdrse_v of entity unisim.FDRSE [fdrse_default]
Compiling architecture implementation of entity lib_cdc_v1_0_2.cdc_sync [\cdc_sync(c_mtbf_stages=4)\]
Compiling architecture imp of entity axi_timer_v2_0_29.timer_control [\timer_control(c_ard_num_ce_arra...]
Compiling architecture lut2_v of entity unisim.LUT2 [\LUT2(init="1110")(0,3)\]
Compiling architecture fdrs_v of entity unisim.FDRS [fdrs_default]
Compiling architecture imp of entity axi_timer_v2_0_29.tc_core [\tc_core(c_family="zynq",c_ard_n...]
Compiling architecture imp of entity axi_lite_ipif_v3_0_4.pselect_f [\pselect_f(c_ab=3,c_aw=3,c_bar="...]
Compiling architecture imp of entity axi_lite_ipif_v3_0_4.pselect_f [\pselect_f(c_ab=3,c_aw=3,c_bar="...]
Compiling architecture imp of entity axi_lite_ipif_v3_0_4.pselect_f [\pselect_f(c_ab=3,c_aw=3,c_bar="...]
Compiling architecture imp of entity axi_lite_ipif_v3_0_4.pselect_f [\pselect_f(c_ab=3,c_aw=3,c_bar="...]
Compiling architecture imp of entity axi_lite_ipif_v3_0_4.pselect_f [\pselect_f(c_ab=3,c_aw=3,c_bar="...]
Compiling architecture imp of entity axi_lite_ipif_v3_0_4.pselect_f [\pselect_f(c_ab=3,c_aw=3,c_bar="...]
Compiling architecture imp of entity axi_lite_ipif_v3_0_4.pselect_f [\pselect_f(c_ab=3,c_aw=3,c_bar="...]
Compiling architecture imp of entity axi_lite_ipif_v3_0_4.pselect_f [\pselect_f(c_ab=3,c_aw=3,c_bar="...]
Compiling architecture imp of entity axi_lite_ipif_v3_0_4.address_decoder [\address_decoder(c_bus_awidth=5,...]
Compiling architecture imp of entity axi_lite_ipif_v3_0_4.slave_attachment [\slave_attachment(c_ard_addr_ran...]
Compiling architecture imp of entity axi_lite_ipif_v3_0_4.axi_lite_ipif [\axi_lite_ipif(c_s_axi_addr_widt...]
Compiling architecture imp of entity axi_timer_v2_0_29.axi_timer [\axi_timer(c_family="zynq")(1,4)...]
Compiling architecture zynq7000_preset_axi_timer_0_0_arch of entity xil_defaultlib.zynq7000_preset_axi_timer_0_0 [zynq7000_preset_axi_timer_0_0_de...]
Compiling architecture bscane2_v of entity unisim.BSCANE2 [\BSCANE2(jtag_chain=2)(1,5)\]
Compiling architecture imp of entity mdm_v3_2_23.MB_BSCANE2 [\MB_BSCANE2(c_target=zynq,jtag_c...]
Compiling architecture lut1_v of entity unisim.LUT1 [\LUT1(init="10")(0,1)\]
Compiling architecture imp of entity mdm_v3_2_23.MB_LUT1 [\MB_LUT1(c_target=zynq,init="10"...]
Compiling architecture bufgctrl_v of entity unisim.BUFGCTRL [\BUFGCTRL(init_out=1,preselect_i...]
Compiling architecture bufgce_1_v of entity unisim.BUFGCE_1 [bufgce_1_default]
Compiling architecture imp of entity mdm_v3_2_23.MB_BUFGCE_1 [\MB_BUFGCE_1(c_target=zynq)\]
Compiling architecture imp of entity axi_lite_ipif_v3_0_4.address_decoder [\address_decoder(c_bus_awidth=4,...]
Compiling architecture imp of entity axi_lite_ipif_v3_0_4.slave_attachment [\slave_attachment(c_ard_addr_ran...]
Compiling architecture imp of entity axi_lite_ipif_v3_0_4.axi_lite_ipif [\axi_lite_ipif(c_s_axi_addr_widt...]
Compiling architecture imp of entity mdm_v3_2_23.xil_scan_reset_control [xil_scan_reset_control_default]
Compiling architecture imp of entity mdm_v3_2_23.MB_FDRE [\MB_FDRE(c_target=zynq)\]
Compiling architecture fdce_v of entity unisim.FDCE [fdce_default]
Compiling architecture fdc_1_v of entity unisim.FDC_1 [fdc_1_default]
Compiling architecture imp of entity mdm_v3_2_23.MB_FDC_1 [\MB_FDC_1(c_target=zynq)\]
Compiling architecture fdre_1_v of entity unisim.FDRE_1 [fdre_1_default]
Compiling architecture imp of entity mdm_v3_2_23.MB_FDRE_1 [\MB_FDRE_1(c_target=zynq)\]
Compiling architecture srl16e_v of entity unisim.SRL16E [\SRL16E(init="0000000101100111")...]
Compiling architecture imp of entity mdm_v3_2_23.MB_SRL16E [\MB_SRL16E(c_target=zynq,c_stati...]
Compiling architecture srl16e_v of entity unisim.SRL16E [\SRL16E(init="0100001010100111")...]
Compiling architecture imp of entity mdm_v3_2_23.MB_SRL16E [\MB_SRL16E(c_target=zynq,c_stati...]
Compiling architecture srl16e_v of entity unisim.SRL16E [\SRL16E(init="0100010001000011")...]
Compiling architecture imp of entity mdm_v3_2_23.MB_SRL16E [\MB_SRL16E(c_target=zynq,c_stati...]
Compiling architecture srl16e_v of entity unisim.SRL16E [\SRL16E(init="0101100001001101")...]
Compiling architecture imp of entity mdm_v3_2_23.MB_SRL16E [\MB_SRL16E(c_target=zynq,c_stati...]
Compiling architecture imp of entity mdm_v3_2_23.MB_FDRSE [\MB_FDRSE(c_target=zynq)\]
Compiling architecture imp of entity mdm_v3_2_23.MB_MUXCY_XORCY [\MB_MUXCY_XORCY(c_target=zynq)\]
Compiling architecture imp of entity mdm_v3_2_23.MB_XORCY [\MB_XORCY(c_target=zynq)\]
Compiling architecture imp of entity mdm_v3_2_23.MB_SRL16E [\MB_SRL16E(c_target=zynq)(1,3)(0...]
Compiling architecture imp of entity mdm_v3_2_23.SRL_FIFO [\SRL_FIFO(c_target=zynq)(1,3)\]
Compiling architecture imp of entity mdm_v3_2_23.JTAG_CONTROL [\JTAG_CONTROL(c_target=zynq,c_us...]
Compiling architecture imp of entity mdm_v3_2_23.MDM_Core [\MDM_Core(c_target=zynq,c_jtag_c...]
Compiling architecture imp of entity mdm_v3_2_23.MDM [\MDM(c_family="zynq",c_device="x...]
Compiling architecture zynq7000_preset_mdm_1_0_arch of entity xil_defaultlib.zynq7000_preset_mdm_1_0 [zynq7000_preset_mdm_1_0_default]
Compiling architecture imp of entity microblaze_v11_0_10.DAXI_interface [\DAXI_interface(c_data_size=32,c...]
Compiling architecture and2b1l_v of entity unisim.AND2B1L [and2b1l_default]
Compiling architecture imp of entity microblaze_v11_0_10.MB_AND2B1L [\MB_AND2B1L(c_target=zynq)\]
Compiling architecture srl16e_v of entity unisim.SRL16E [\SRL16E(init="1111111111111111")...]
Compiling architecture imp of entity microblaze_v11_0_10.MB_SRL16E [\MB_SRL16E(c_target=zynq,c_use_s...]
Compiling architecture srl16e_v of entity unisim.SRL16E [\SRL16E(init="0011111111111111")...]
Compiling architecture imp of entity microblaze_v11_0_10.MB_SRL16E [\MB_SRL16E(c_target=zynq,c_use_s...]
Compiling architecture srl16e_v of entity unisim.SRL16E [\SRL16E(15,0)\]
Compiling architecture imp of entity microblaze_v11_0_10.MB_SRL16E [\MB_SRL16E(c_target=zynq,c_use_s...]
Compiling architecture srl16e_v of entity unisim.SRL16E [\SRL16E(init="0000000000011011")...]
Compiling architecture imp of entity microblaze_v11_0_10.MB_SRL16E [\MB_SRL16E(c_target=zynq,c_use_s...]
Compiling architecture srl16e_v of entity unisim.SRL16E [\SRL16E(init="0000001000111000")...]
Compiling architecture imp of entity microblaze_v11_0_10.MB_SRL16E [\MB_SRL16E(c_target=zynq,c_use_s...]
Compiling architecture srl16e_v of entity unisim.SRL16E [\SRL16E(init="0000000001100000")...]
Compiling architecture imp of entity microblaze_v11_0_10.MB_SRL16E [\MB_SRL16E(c_target=zynq,c_use_s...]
Compiling architecture srl16e_v of entity unisim.SRL16E [\SRL16E(init="0010010100000000")...]
Compiling architecture imp of entity microblaze_v11_0_10.MB_SRL16E [\MB_SRL16E(c_target=zynq,c_use_s...]
Compiling architecture imp of entity microblaze_v11_0_10.mb_sync_bit [\mb_sync_bit(c_levels=1,c_reset_...]
Compiling architecture imp of entity microblaze_v11_0_10.mb_sync_vec [\mb_sync_vec(c_levels=1,c_reset_...]
Compiling architecture imp of entity microblaze_v11_0_10.mb_sync_bit [\mb_sync_bit(c_levels=1)\]
Compiling architecture imp of entity microblaze_v11_0_10.mb_sync_vec [\mb_sync_vec(c_width=10)\]
Compiling architecture srlc16e_v of entity unisim.SRLC16E [\SRLC16E(0,15)\]
Compiling architecture imp of entity microblaze_v11_0_10.MB_SRLC16E [\MB_SRLC16E(c_target=zynq,c_use_...]
Compiling architecture imp of entity microblaze_v11_0_10.address_hit [\address_hit(c_target=zynq,c_use...]
Compiling architecture imp of entity microblaze_v11_0_10.xil_scan_reset_control [xil_scan_reset_control_default]
Compiling architecture imp of entity microblaze_v11_0_10.Debug [\Debug(c_data_size=32,c_instr_si...]
Compiling architecture imp of entity microblaze_v11_0_10.interrupt_mode_converter [\interrupt_mode_converter(c_edge...]
Compiling architecture lut6_v of entity unisim.LUT6 [\LUT6(init="10010000000010010000...]
Compiling architecture imp of entity microblaze_v11_0_10.MB_LUT6 [\MB_LUT6(c_target=zynq,init="100...]
Compiling architecture lut6_v of entity unisim.LUT6 [\LUT6(init="10010000000010010000...]
Compiling architecture imp of entity microblaze_v11_0_10.MB_LUT6 [\MB_LUT6(c_target=zynq,init="100...]
Compiling architecture imp of entity microblaze_v11_0_10.MB_FDRE [\MB_FDRE(c_target=zynq)\]
Compiling architecture imp of entity microblaze_v11_0_10.MB_MUXCY_XORCY [\MB_MUXCY_XORCY(c_target=zynq)\]
Compiling architecture muxf7_v of entity unisim.MUXF7 [muxf7_default]
Compiling architecture imp of entity microblaze_v11_0_10.MB_MUXF7 [\MB_MUXF7(c_target=zynq)\]
Compiling architecture imp of entity microblaze_v11_0_10.MB_FDR [\MB_FDR(c_target=zynq)\]
Compiling architecture imp of entity microblaze_v11_0_10.PC_Module_gti [\PC_Module_gti(c_data_size=32,c_...]
Compiling architecture lut6_v of entity unisim.LUT6 [\LUT6(init="00000000000000000000...]
Compiling architecture imp of entity microblaze_v11_0_10.MB_LUT6 [\MB_LUT6(c_target=zynq,init="000...]
Compiling architecture lut6_v of entity unisim.LUT6 [\LUT6(init="00000000000000001111...]
Compiling architecture imp of entity microblaze_v11_0_10.MB_LUT6 [\MB_LUT6(c_target=zynq,init="000...]
Compiling architecture lut6_v of entity unisim.LUT6 [\LUT6(init="11111111000000001111...]
Compiling architecture imp of entity microblaze_v11_0_10.MB_LUT6 [\MB_LUT6(c_target=zynq,init="111...]
Compiling architecture fdse_v of entity unisim.FDSE [fdse_default]
Compiling architecture fds_v of entity unisim.FDS [fds_default]
Compiling architecture imp of entity microblaze_v11_0_10.MB_FDS [\MB_FDS(c_target=zynq)\]
Compiling architecture lut6_v of entity unisim.LUT6 [\LUT6(init="00000000111111110000...]
Compiling architecture imp of entity microblaze_v11_0_10.MB_LUT6 [\MB_LUT6(c_target=zynq,init="000...]
Compiling architecture imp of entity microblaze_v11_0_10.PreFetch_Buffer_gti [\PreFetch_Buffer_gti(c_instr_siz...]
Compiling architecture imp of entity microblaze_v11_0_10.MB_MUXCY [\MB_MUXCY(c_target=zynq)\]
Compiling architecture imp of entity microblaze_v11_0_10.carry_and [\carry_and(c_target=zynq)\]
Compiling architecture imp of entity microblaze_v11_0_10.jump_logic [\jump_logic(c_instr_size=32,c_ta...]
Compiling architecture imp of entity microblaze_v11_0_10.carry_or [\carry_or(c_target=zynq)\]
Compiling architecture imp of entity microblaze_v11_0_10.Decode_gti [\Decode_gti(c_data_size=32,c_ins...]
Compiling architecture lut6_2_v of entity unisim.LUT6_2 [\LUT6_2(init="000000001111111100...]
Compiling architecture imp of entity microblaze_v11_0_10.MB_LUT6_2 [\MB_LUT6_2(c_target=zynq,init="0...]
Compiling architecture ram32m_v of entity unisim.RAM32M [ram32m_default]
Compiling architecture imp of entity microblaze_v11_0_10.MB_RAM32M [\MB_RAM32M(c_target=zynq,c_use_l...]
Compiling architecture imp of entity microblaze_v11_0_10.Register_File_gti [\Register_File_gti(c_data_size=3...]
Compiling architecture imp of entity microblaze_v11_0_10.Operand_Select_gti [\Operand_Select_gti(c_data_size=...]
Compiling architecture lut6_2_v of entity unisim.LUT6_2 [\LUT6_2(init="011000000111101010...]
Compiling architecture imp of entity microblaze_v11_0_10.MB_LUT6_2 [\MB_LUT6_2(c_target=zynq,init="0...]
Compiling architecture imp of entity microblaze_v11_0_10.ALU_Bit [\ALU_Bit(c_target=zynq,c_allow_l...]
Compiling architecture lut6_v of entity unisim.LUT6 [\LUT6(init="01100000011110101010...]
Compiling architecture imp of entity microblaze_v11_0_10.MB_LUT6 [\MB_LUT6(c_target=zynq,init="011...]
Compiling architecture lut4_v of entity unisim.LUT4 [\LUT4(init="1111101000001010")(0...]
Compiling architecture imp of entity microblaze_v11_0_10.MB_LUT4 [\MB_LUT4(c_target=zynq,init="111...]
Compiling architecture lut2_v of entity unisim.LUT2 [\LUT2(init="1000")(0,3)\]
Compiling architecture mult_and_v of entity unisim.MULT_AND [mult_and_default]
Compiling architecture imp of entity microblaze_v11_0_10.MB_MULT_AND [\MB_MULT_AND(c_target=zynq)\]
Compiling architecture imp of entity microblaze_v11_0_10.ALU_Bit [\ALU_Bit(c_target=zynq,c_allow_l...]
Compiling architecture imp of entity microblaze_v11_0_10.ALU [\ALU(c_data_size=32,c_allow_lut6...]
Compiling architecture imp of entity microblaze_v11_0_10.MB_LUT6 [\MB_LUT6(c_target=rtl,init="1100...]
Compiling architecture imp of entity microblaze_v11_0_10.MB_LUT6 [\MB_LUT6(c_target=rtl,init="1100...]
Compiling architecture imp of entity microblaze_v11_0_10.MB_LUT6 [\MB_LUT6(c_target=rtl,init="1100...]
Compiling architecture imp of entity microblaze_v11_0_10.MB_MUXF7 [\MB_MUXF7(c_target=rtl)\]
Compiling architecture imp of entity microblaze_v11_0_10.carry_equal [\carry_equal(c_target=rtl,size=8...]
Compiling architecture imp of entity microblaze_v11_0_10.MB_LUT6 [\MB_LUT6(c_target=rtl,init="0000...]
Compiling architecture imp of entity microblaze_v11_0_10.MB_LUT6 [\MB_LUT6(c_target=rtl,init="0000...]
Compiling architecture imp of entity microblaze_v11_0_10.MB_LUT6 [\MB_LUT6(c_target=rtl,init="0111...]
Compiling architecture imp of entity microblaze_v11_0_10.count_leading_zeros [count_leading_zeros_default]
Compiling architecture imp of entity microblaze_v11_0_10.Shift_Logic_Module_gti [\Shift_Logic_Module_gti(c_data_s...]
Compiling architecture dsp48e1_v of entity unisim.DSP48E1 [\DSP48E1(acascreg=0,alumodereg=0...]
Compiling architecture imp of entity microblaze_v11_0_10.MB_DSP48E1 [\MB_DSP48E1(c_target=zynq,acascr...]
Compiling architecture imp of entity microblaze_v11_0_10.dsp_module [\dsp_module(c_target=zynq,c_ab_r...]
Compiling architecture dsp48e1_v of entity unisim.DSP48E1 [\DSP48E1(alumodereg=0,carryinreg...]
Compiling architecture imp of entity microblaze_v11_0_10.MB_DSP48E1 [\MB_DSP48E1(c_target=zynq,alumod...]
Compiling architecture imp of entity microblaze_v11_0_10.dsp_module [\dsp_module(c_target=zynq,c_ab_r...]
Compiling architecture dsp48e1_v of entity unisim.DSP48E1 [\DSP48E1(acascreg=0,alumodereg=0...]
Compiling architecture imp of entity microblaze_v11_0_10.MB_DSP48E1 [\MB_DSP48E1(c_target=zynq,acascr...]
Compiling architecture imp of entity microblaze_v11_0_10.dsp_module [\dsp_module(c_target=zynq,c_ab_r...]
Compiling architecture imp of entity microblaze_v11_0_10.mul_unit [\mul_unit(c_data_size=32,c_targe...]
Compiling architecture lut6_v of entity unisim.LUT6 [\LUT6(init="11111111000000000000...]
Compiling architecture imp of entity microblaze_v11_0_10.MB_LUT6 [\MB_LUT6(c_target=zynq,init="111...]
Compiling architecture imp of entity microblaze_v11_0_10.Barrel_Shifter_gti [\Barrel_Shifter_gti(c_data_size=...]
Compiling architecture imp of entity microblaze_v11_0_10.WB_Mux_Bit [\WB_Mux_Bit(c_target=zynq,c_lut_...]
Compiling architecture imp of entity microblaze_v11_0_10.WB_Mux [\WB_Mux(c_data_size=32,c_daddr_s...]
Compiling architecture imp of entity microblaze_v11_0_10.Zero_Detect_gti [\Zero_Detect_gti(c_data_size=32,...]
Compiling architecture imp of entity microblaze_v11_0_10.Byte_Doublet_Handle_gti [\Byte_Doublet_Handle_gti(c_data_...]
Compiling architecture imp of entity microblaze_v11_0_10.Data_Flow_Logic [\Data_Flow_Logic(c_data_size=32,...]
Compiling architecture msr_reg of entity microblaze_v11_0_10.msr_reg_gti [\msr_reg_gti(c_data_size=32,c_ta...]
Compiling architecture lut6_2_v of entity unisim.LUT6_2 [\LUT6_2(init="111111110000000011...]
Compiling architecture imp of entity microblaze_v11_0_10.MB_LUT6_2 [\MB_LUT6_2(c_target=zynq,init="1...]
Compiling architecture imp of entity microblaze_v11_0_10.mux_bus [\mux_bus(c_target=zynq,c_allow_l...]
Compiling architecture lut6_2_v of entity unisim.LUT6_2 [\LUT6_2(init="100101101001011010...]
Compiling architecture imp of entity microblaze_v11_0_10.MB_LUT6_2 [\MB_LUT6_2(c_target=zynq,init="1...]
Compiling architecture imp of entity microblaze_v11_0_10.exception_registers_gti [\exception_registers_gti(c_data_...]
Compiling architecture imp of entity microblaze_v11_0_10.Fpu [\Fpu(c_data_size=32,c_target=zyn...]
Compiling architecture imp of entity microblaze_v11_0_10.PVR [\PVR(c_data_size=32,c_daddr_size...]
Compiling architecture imp of entity microblaze_v11_0_10.Data_Flow_gti [\Data_Flow_gti(c_data_size=32,c_...]
Compiling architecture imp of entity microblaze_v11_0_10.read_data_mux [\read_data_mux(c_data_size=32,c_...]
Compiling architecture imp of entity microblaze_v11_0_10.instr_mux [\instr_mux(c_instr_size=32,c_lmb...]
Compiling architecture imp of entity microblaze_v11_0_10.MMU [\MMU(c_data_size=32,c_daddr_size...]
Compiling architecture imp of entity microblaze_v11_0_10.MicroBlaze_GTi [\MicroBlaze_GTi(c_num_sync_ff_cl...]
Compiling architecture imp of entity microblaze_v11_0_10.mb_sync_bit [mb_sync_bit_default]
Compiling architecture imp of entity microblaze_v11_0_10.MicroBlaze_Core [\MicroBlaze_Core(c_freq=10000000...]
Compiling architecture imp of entity microblaze_v11_0_10.MicroBlaze [\MicroBlaze(c_freq=100000000,g_t...]
Compiling architecture zynq7000_preset_microblaze_0_0_arch of entity xil_defaultlib.zynq7000_preset_microblaze_0_0 [zynq7000_preset_microblaze_0_0_d...]
Compiling architecture byte_data_ram_a of entity axi_intc_v4_1_17.shared_ram_ivar [shared_ram_ivar_default]
Compiling architecture imp of entity axi_intc_v4_1_17.intc_core [\intc_core(c_family="zynq",c_kin...]
Compiling architecture imp of entity axi_intc_v4_1_17.axi_intc [\axi_intc(c_family="zynq",c_inst...]
Compiling architecture zynq7000_preset_microblaze_0_axi_intc_0_arch of entity xil_defaultlib.zynq7000_preset_microblaze_0_axi_intc_0 [zynq7000_preset_microblaze_0_axi...]
Compiling architecture imp of entity lmb_bram_if_cntlr_v4_0_21.pselect_mask [\pselect_mask(c_bar="00000000000...]
Compiling architecture imp of entity lmb_bram_if_cntlr_v4_0_21.lmb_mux [\lmb_mux(c_target=zynq,c_baseadd...]
Compiling architecture imp of entity lmb_bram_if_cntlr_v4_0_21.lmb_bram_if_cntlr [\lmb_bram_if_cntlr(c_family="zyn...]
Compiling architecture zynq7000_preset_dlmb_bram_if_cntlr_0_arch of entity xil_defaultlib.zynq7000_preset_dlmb_bram_if_cntlr_0 [zynq7000_preset_dlmb_bram_if_cnt...]
Compiling architecture imp of entity lmb_v10_v3_0_12.lmb_v10 [\lmb_v10(c_lmb_num_slaves=1)\]
Compiling architecture zynq7000_preset_dlmb_v10_0_arch of entity xil_defaultlib.zynq7000_preset_dlmb_v10_0 [zynq7000_preset_dlmb_v10_0_defau...]
Compiling architecture imp of entity lmb_bram_if_cntlr_v4_0_21.pselect_mask [\pselect_mask(c_bar="00000000000...]
Compiling architecture imp of entity lmb_bram_if_cntlr_v4_0_21.lmb_mux [\lmb_mux(c_target=zynq,c_baseadd...]
Compiling architecture imp of entity lmb_bram_if_cntlr_v4_0_21.lmb_bram_if_cntlr [\lmb_bram_if_cntlr(c_family="zyn...]
Compiling architecture zynq7000_preset_ilmb_bram_if_cntlr_0_arch of entity xil_defaultlib.zynq7000_preset_ilmb_bram_if_cntlr_0 [zynq7000_preset_ilmb_bram_if_cnt...]
Compiling architecture zynq7000_preset_ilmb_v10_0_arch of entity xil_defaultlib.zynq7000_preset_ilmb_v10_0 [zynq7000_preset_ilmb_v10_0_defau...]
Compiling module blk_mem_gen_v8_4_5.blk_mem_gen_v8_4_5_output_stage(...
Compiling module blk_mem_gen_v8_4_5.blk_mem_gen_v8_4_5_softecc_outpu...
Compiling module blk_mem_gen_v8_4_5.blk_mem_gen_v8_4_5_mem_module(C_...
Compiling module blk_mem_gen_v8_4_5.blk_mem_gen_v8_4_5(C_FAMILY="zyn...
Compiling module xil_defaultlib.zynq7000_preset_lmb_bram_0
Compiling module xil_defaultlib.microblaze_0_local_memory_imp_1L...
Compiling module xlconcat_v2_1_4.xlconcat_v2_1_4_xlconcat_default
Compiling module xil_defaultlib.zynq7000_preset_microblaze_0_xlc...
Compiling module processing_system7_vip_v1_0_15.processing_system7_vip_v1_0_15_g...
Compiling module processing_system7_vip_v1_0_15.processing_system7_vip_v1_0_15_g...
Compiling module processing_system7_vip_v1_0_15.processing_system7_vip_v1_0_15_a...
Compiling module processing_system7_vip_v1_0_15.processing_system7_vip_v1_0_15_a...
Compiling module processing_system7_vip_v1_0_15.processing_system7_vip_v1_0_15_f...
Compiling module processing_system7_vip_v1_0_15.processing_system7_vip_v1_0_15_a...
Compiling module processing_system7_vip_v1_0_15.processing_system7_vip_v1_0_15_a...
Compiling module processing_system7_vip_v1_0_15.processing_system7_vip_v1_0_15_a...
Compiling module processing_system7_vip_v1_0_15.processing_system7_vip_v1_0_15_a...
Compiling module processing_system7_vip_v1_0_15.processing_system7_vip_v1_0_15_s...
Compiling module processing_system7_vip_v1_0_15.processing_system7_vip_v1_0_15_i...
Compiling module processing_system7_vip_v1_0_15.processing_system7_vip_v1_0_15_s...
Compiling module processing_system7_vip_v1_0_15.processing_system7_vip_v1_0_15_d...
Compiling module processing_system7_vip_v1_0_15.processing_system7_vip_v1_0_15_o...
Compiling module processing_system7_vip_v1_0_15.processing_system7_vip_v1_0_15_o...
Compiling module processing_system7_vip_v1_0_15.processing_system7_vip_v1_0_15_r...
Compiling module processing_system7_vip_v1_0_15.processing_system7_vip_v1_0_15_r...
Compiling module xilinx_vip.axi_vip_axi4pc(WDATA_WIDTH=32,RD...
Compiling module xilinx_vip.cb
Compiling module xilinx_vip.axi_vip_if(C_AXI_PROTOCOL=1,C_AX...
Compiling module axi_vip_v1_1_13.axi_vip_v1_1_13_top(C_AXI_PROTOC...
Compiling module processing_system7_vip_v1_0_15.processing_system7_vip_v1_0_15_a...
Compiling module processing_system7_vip_v1_0_15.processing_system7_vip_v1_0_15_a...
Compiling module xilinx_vip.axi_vip_axi4pc(WDATA_WIDTH=32,RD...
Compiling module xilinx_vip.cb
Compiling module xilinx_vip.axi_vip_if(C_AXI_PROTOCOL=1,C_AX...
Compiling module axi_vip_v1_1_13.axi_vip_v1_1_13_top(C_AXI_PROTOC...
WARNING: [VRFC 10-3705] select index 64 into 'wrp_strb' is out of bounds [/wrk/ci/prod/2022.2/sw/continuous/3508/packages/customer/vivado/data/ip/xilinx/processing_system7_vip_v1_0/hdl/processing_system7_vip_v1_0_vl_rfs.sv:6134]
Compiling module processing_system7_vip_v1_0_15.processing_system7_vip_v1_0_15_a...
Compiling module processing_system7_vip_v1_0_15.processing_system7_vip_v1_0_15_a...
Compiling module xilinx_vip.axi_vip_axi4pc(PROTOCOL=1,RID_WI...
Compiling module xilinx_vip.cb
Compiling module xilinx_vip.axi_vip_if(C_AXI_PROTOCOL=1,C_AX...
Compiling module axi_vip_v1_1_13.axi_vip_v1_1_13_top(C_AXI_PROTOC...
Compiling module processing_system7_vip_v1_0_15.processing_system7_vip_v1_0_15_i...
WARNING: [VRFC 10-3705] select index 128 into 'wrp_strb' is out of bounds [/wrk/ci/prod/2022.2/sw/continuous/3508/packages/customer/vivado/data/ip/xilinx/processing_system7_vip_v1_0/hdl/processing_system7_vip_v1_0_vl_rfs.sv:10898]
Compiling module processing_system7_vip_v1_0_15.processing_system7_vip_v1_0_15_a...
Compiling module processing_system7_vip_v1_0_15.processing_system7_vip_v1_0_15_a...
Compiling module processing_system7_vip_v1_0_15.processing_system7_vip_v1_0_15_a...
Compiling module processing_system7_vip_v1_0_15.processing_system7_vip_v1_0_15_a...
Compiling module xilinx_vip.axi_vip_axi4pc(PROTOCOL=1,RID_WI...
Compiling module xilinx_vip.cb
Compiling module xilinx_vip.axi_vip_if(C_AXI_PROTOCOL=1,C_AX...
Compiling module axi_vip_v1_1_13.axi_vip_v1_1_13_top(C_AXI_PROTOC...
WARNING: [VRFC 10-3705] select index 128 into 'wrp_strb' is out of bounds [/wrk/ci/prod/2022.2/sw/continuous/3508/packages/customer/vivado/data/ip/xilinx/processing_system7_vip_v1_0/hdl/processing_system7_vip_v1_0_vl_rfs.sv:7772]
WARNING: [VRFC 10-3705] select index 4 into 'wr_fifo_rd_ptr' is out of bounds [/wrk/ci/prod/2022.2/sw/continuous/3508/packages/customer/vivado/data/ip/xilinx/processing_system7_vip_v1_0/hdl/processing_system7_vip_v1_0_vl_rfs.sv:7985]
WARNING: [VRFC 10-3705] select index 4 into 'ar_cnt' is out of bounds [/wrk/ci/prod/2022.2/sw/continuous/3508/packages/customer/vivado/data/ip/xilinx/processing_system7_vip_v1_0/hdl/processing_system7_vip_v1_0_vl_rfs.sv:8124]
WARNING: [VRFC 10-3705] select index 4 into 'wr_rresp_cnt' is out of bounds [/wrk/ci/prod/2022.2/sw/continuous/3508/packages/customer/vivado/data/ip/xilinx/processing_system7_vip_v1_0/hdl/processing_system7_vip_v1_0_vl_rfs.sv:8221]
WARNING: [VRFC 10-3705] select index 4 into 'rd_fifo_wr_ptr' is out of bounds [/wrk/ci/prod/2022.2/sw/continuous/3508/packages/customer/vivado/data/ip/xilinx/processing_system7_vip_v1_0/hdl/processing_system7_vip_v1_0_vl_rfs.sv:8240]
WARNING: [VRFC 10-3705] select index 4 into 'rd_cnt' is out of bounds [/wrk/ci/prod/2022.2/sw/continuous/3508/packages/customer/vivado/data/ip/xilinx/processing_system7_vip_v1_0/hdl/processing_system7_vip_v1_0_vl_rfs.sv:8381]
WARNING: [VRFC 10-3705] select index 4 into 'rresp_time_cnt' is out of bounds [/wrk/ci/prod/2022.2/sw/continuous/3508/packages/customer/vivado/data/ip/xilinx/processing_system7_vip_v1_0/hdl/processing_system7_vip_v1_0_vl_rfs.sv:8386]
WARNING: [VRFC 10-3705] select index 4 into 'rd_fifo_rd_ptr' is out of bounds [/wrk/ci/prod/2022.2/sw/continuous/3508/packages/customer/vivado/data/ip/xilinx/processing_system7_vip_v1_0/hdl/processing_system7_vip_v1_0_vl_rfs.sv:8391]
Compiling module processing_system7_vip_v1_0_15.processing_system7_vip_v1_0_15_a...
Compiling module processing_system7_vip_v1_0_15.processing_system7_vip_v1_0_15(C...
Compiling module xil_defaultlib.zynq7000_preset_processing_syste...
Compiling module axi_infrastructure_v1_1_0.axi_infrastructure_v1_1_0_axi2ve...
Compiling module axi_infrastructure_v1_1_0.axi_infrastructure_v1_1_0_vector...
Compiling module axi_register_slice_v2_1_27.axi_register_slice_v2_1_27_axic_...
Compiling module axi_register_slice_v2_1_27.axi_register_slice_v2_1_27_axic_...
Compiling module axi_register_slice_v2_1_27.axi_register_slice_v2_1_27_axic_...
Compiling module axi_register_slice_v2_1_27.axi_register_slice_v2_1_27_axic_...
Compiling module axi_register_slice_v2_1_27.axi_register_slice_v2_1_27_axi_r...
Compiling module axi_protocol_converter_v2_1_27.axi_protocol_converter_v2_1_27_b...
Compiling module axi_protocol_converter_v2_1_27.axi_protocol_converter_v2_1_27_b...
Compiling module axi_protocol_converter_v2_1_27.axi_protocol_converter_v2_1_27_b...
Compiling module axi_protocol_converter_v2_1_27.axi_protocol_converter_v2_1_27_b...
Compiling module axi_protocol_converter_v2_1_27.axi_protocol_converter_v2_1_27_b...
Compiling module axi_protocol_converter_v2_1_27.axi_protocol_converter_v2_1_27_b...
Compiling module axi_protocol_converter_v2_1_27.axi_protocol_converter_v2_1_27_b...
Compiling module axi_protocol_converter_v2_1_27.axi_protocol_converter_v2_1_27_b...
Compiling module axi_protocol_converter_v2_1_27.axi_protocol_converter_v2_1_27_b...
Compiling module axi_protocol_converter_v2_1_27.axi_protocol_converter_v2_1_27_b...
Compiling module axi_protocol_converter_v2_1_27.axi_protocol_converter_v2_1_27_b...
Compiling module axi_protocol_converter_v2_1_27.axi_protocol_converter_v2_1_27_b...
Compiling module axi_protocol_converter_v2_1_27.axi_protocol_converter_v2_1_27_b...
Compiling module axi_infrastructure_v1_1_0.axi_infrastructure_v1_1_0_axi2ve...
Compiling module axi_infrastructure_v1_1_0.axi_infrastructure_v1_1_0_vector...
Compiling module axi_register_slice_v2_1_27.axi_register_slice_v2_1_27_axic_...
Compiling module axi_register_slice_v2_1_27.axi_register_slice_v2_1_27_axic_...
Compiling module axi_register_slice_v2_1_27.axi_register_slice_v2_1_27_axic_...
Compiling module axi_register_slice_v2_1_27.axi_register_slice_v2_1_27_axic_...
Compiling module axi_register_slice_v2_1_27.axi_register_slice_v2_1_27_axi_r...
Compiling module axi_protocol_converter_v2_1_27.axi_protocol_converter_v2_1_27_b...
Compiling module axi_protocol_converter_v2_1_27.axi_protocol_converter_v2_1_27_a...
Compiling module xil_defaultlib.zynq7000_preset_auto_pc_0
Compiling module xil_defaultlib.m00_couplers_imp_17BWJA0
Compiling module xil_defaultlib.m01_couplers_imp_FZN9UE
Compiling module xil_defaultlib.zynq7000_preset_auto_pc_1
Compiling module xil_defaultlib.m02_couplers_imp_3EUMDH
Compiling module xil_defaultlib.zynq7000_preset_auto_pc_2
Compiling module xil_defaultlib.m03_couplers_imp_1B3V16Z
Compiling module xil_defaultlib.zynq7000_preset_auto_pc_3
Compiling module xil_defaultlib.m04_couplers_imp_SQRKGZ
Compiling module xil_defaultlib.zynq7000_preset_auto_pc_4
Compiling module xil_defaultlib.m05_couplers_imp_1HUX8BX
Compiling module xil_defaultlib.m06_couplers_imp_1WSNCQM
Compiling module axi_protocol_converter_v2_1_27.axi_protocol_converter_v2_1_27_a...
Compiling module xil_defaultlib.zynq7000_preset_auto_pc_5
Compiling module xil_defaultlib.s00_couplers_imp_1GB36V4
Compiling module axi_mmu_v2_1_25.axi_mmu_v2_1_25_addr_decoder(C_F...
Compiling module axi_mmu_v2_1_25.axi_mmu_v2_1_25_decerr_slave(C_A...
Compiling module axi_infrastructure_v1_1_0.axi_infrastructure_v1_1_0_axi2ve...
Compiling module axi_infrastructure_v1_1_0.axi_infrastructure_v1_1_0_vector...
Compiling module axi_register_slice_v2_1_27.axi_register_slice_v2_1_27_axic_...
Compiling module axi_register_slice_v2_1_27.axi_register_slice_v2_1_27_axic_...
Compiling module axi_register_slice_v2_1_27.axi_register_slice_v2_1_27_axic_...
Compiling module axi_register_slice_v2_1_27.axi_register_slice_v2_1_27_axic_...
Compiling module axi_register_slice_v2_1_27.axi_register_slice_v2_1_27_axi_r...
Compiling module axi_mmu_v2_1_25.axi_mmu_v2_1_25_top(C_FAMILY="zy...
Compiling module xil_defaultlib.zynq7000_preset_s00_mmu_0
Compiling module axi_protocol_converter_v2_1_27.axi_protocol_converter_v2_1_27_a...
Compiling module xil_defaultlib.zynq7000_preset_auto_pc_6
Compiling module xil_defaultlib.s01_couplers_imp_6Y9LSE
Compiling module generic_baseblocks_v2_1_0.generic_baseblocks_v2_1_0_mux_en...
Compiling module axi_crossbar_v2_1_28.axi_crossbar_v2_1_28_addr_arbite...
Compiling module generic_baseblocks_v2_1_0.generic_baseblocks_v2_1_0_carry_...
Compiling module generic_baseblocks_v2_1_0.generic_baseblocks_v2_1_0_compar...
Compiling module generic_baseblocks_v2_1_0.generic_baseblocks_v2_1_0_compar...
Compiling module generic_baseblocks_v2_1_0.generic_baseblocks_v2_1_0_compar...
Compiling module generic_baseblocks_v2_1_0.generic_baseblocks_v2_1_0_compar...
Compiling module generic_baseblocks_v2_1_0.generic_baseblocks_v2_1_0_compar...
Compiling module generic_baseblocks_v2_1_0.generic_baseblocks_v2_1_0_compar...
Compiling module axi_crossbar_v2_1_28.axi_crossbar_v2_1_28_addr_decode...
Compiling module axi_crossbar_v2_1_28.axi_crossbar_v2_1_28_splitter(C_...
Compiling module axi_crossbar_v2_1_28.axi_crossbar_v2_1_28_splitter
Compiling module generic_baseblocks_v2_1_0.generic_baseblocks_v2_1_0_mux_en...
Compiling module generic_baseblocks_v2_1_0.generic_baseblocks_v2_1_0_mux_en...
Compiling module generic_baseblocks_v2_1_0.generic_baseblocks_v2_1_0_mux_en...
Compiling module generic_baseblocks_v2_1_0.generic_baseblocks_v2_1_0_mux_en...
Compiling module axi_register_slice_v2_1_27.axi_register_slice_v2_1_27_axic_...
Compiling module generic_baseblocks_v2_1_0.generic_baseblocks_v2_1_0_mux_en...
Compiling module axi_crossbar_v2_1_28.axi_crossbar_v2_1_28_decerr_slav...
Compiling module axi_crossbar_v2_1_28.axi_crossbar_v2_1_28_crossbar_sa...
Compiling module axi_crossbar_v2_1_28.axi_crossbar_v2_1_28_axi_crossba...
Compiling module xil_defaultlib.zynq7000_preset_xbar_0
Compiling module xil_defaultlib.zynq7000_preset_ps7_0_axi_periph...
Compiling architecture fdre_v of entity unisim.FDRE [\FDRE(init='1')\]
Compiling architecture implementation of entity lib_cdc_v1_0_2.cdc_sync [\cdc_sync(c_vector_width=2,c_mtb...]
Compiling architecture srl16e_v of entity unisim.SRL16E [\SRL16E(init="1111111111111111")...]
Compiling architecture srl16_v of entity unisim.SRL16 [\SRL16(init="1111111111111111")(...]
Compiling architecture imp of entity proc_sys_reset_v5_0_13.lpf [\lpf(c_ext_rst_width=4,c_aux_rst...]
Compiling architecture imp of entity proc_sys_reset_v5_0_13.upcnt_n [\upcnt_n(c_size=6)\]
Compiling architecture imp of entity proc_sys_reset_v5_0_13.sequence_psr [sequence_psr_default]
Compiling architecture imp of entity proc_sys_reset_v5_0_13.proc_sys_reset [\proc_sys_reset(c_family="zynq",...]
Compiling architecture zynq7000_preset_rst_ps7_0_50m_0_arch of entity xil_defaultlib.zynq7000_preset_rst_ps7_0_50M_0 [zynq7000_preset_rst_ps7_0_50m_0_...]
Compiling module xil_defaultlib.zynq7000_preset
Compiling module xil_defaultlib.zynq7000_preset_wrapper
Compiling module xil_defaultlib.tb
Compiling module xil_defaultlib.glbl
Built simulation snapshot tb_behav
