INFO: [VRFC 10-163] Analyzing VHDL file "D:/Ing_electronica_unal/7_semestre/digital_electronics_2/project_4/project_4.ip_user_files/bd/zynq7000_preset/ip/zynq7000_preset_axi_gpio_0_0/sim/zynq7000_preset_axi_gpio_0_0.vhd" into library xil_defaultlib
INFO: [VRFC 10-3107] analyzing entity 'zynq7000_preset_axi_gpio_0_0'
INFO: [VRFC 10-163] Analyzing VHDL file "D:/Ing_electronica_unal/7_semestre/digital_electronics_2/project_4/project_4.ip_user_files/bd/zynq7000_preset/ip/zynq7000_preset_rst_ps7_0_50M_0/sim/zynq7000_preset_rst_ps7_0_50M_0.vhd" into library xil_defaultlib
INFO: [VRFC 10-3107] analyzing entity 'zynq7000_preset_rst_ps7_0_50M_0'
INFO: [VRFC 10-163] Analyzing VHDL file "D:/Ing_electronica_unal/7_semestre/digital_electronics_2/project_4/project_4.ip_user_files/bd/zynq7000_preset/ip/zynq7000_preset_axi_bram_ctrl_0_0/sim/zynq7000_preset_axi_bram_ctrl_0_0.vhd" into library xil_defaultlib
INFO: [VRFC 10-3107] analyzing entity 'zynq7000_preset_axi_bram_ctrl_0_0'
INFO: [VRFC 10-163] Analyzing VHDL file "D:/Ing_electronica_unal/7_semestre/digital_electronics_2/project_4/project_4.ip_user_files/bd/zynq7000_preset/ip/zynq7000_preset_microblaze_0_0/sim/zynq7000_preset_microblaze_0_0.vhd" into library xil_defaultlib
INFO: [VRFC 10-3107] analyzing entity 'zynq7000_preset_microblaze_0_0'
INFO: [VRFC 10-163] Analyzing VHDL file "D:/Ing_electronica_unal/7_semestre/digital_electronics_2/project_4/project_4.ip_user_files/bd/zynq7000_preset/ip/zynq7000_preset_dlmb_v10_0/sim/zynq7000_preset_dlmb_v10_0.vhd" into library xil_defaultlib
INFO: [VRFC 10-3107] analyzing entity 'zynq7000_preset_dlmb_v10_0'
INFO: [VRFC 10-163] Analyzing VHDL file "D:/Ing_electronica_unal/7_semestre/digital_electronics_2/project_4/project_4.ip_user_files/bd/zynq7000_preset/ip/zynq7000_preset_ilmb_v10_0/sim/zynq7000_preset_ilmb_v10_0.vhd" into library xil_defaultlib
INFO: [VRFC 10-3107] analyzing entity 'zynq7000_preset_ilmb_v10_0'
INFO: [VRFC 10-163] Analyzing VHDL file "D:/Ing_electronica_unal/7_semestre/digital_electronics_2/project_4/project_4.ip_user_files/bd/zynq7000_preset/ip/zynq7000_preset_dlmb_bram_if_cntlr_0/sim/zynq7000_preset_dlmb_bram_if_cntlr_0.vhd" into library xil_defaultlib
INFO: [VRFC 10-3107] analyzing entity 'zynq7000_preset_dlmb_bram_if_cntlr_0'
INFO: [VRFC 10-163] Analyzing VHDL file "D:/Ing_electronica_unal/7_semestre/digital_electronics_2/project_4/project_4.ip_user_files/bd/zynq7000_preset/ip/zynq7000_preset_ilmb_bram_if_cntlr_0/sim/zynq7000_preset_ilmb_bram_if_cntlr_0.vhd" into library xil_defaultlib
INFO: [VRFC 10-3107] analyzing entity 'zynq7000_preset_ilmb_bram_if_cntlr_0'
INFO: [VRFC 10-163] Analyzing VHDL file "D:/Ing_electronica_unal/7_semestre/digital_electronics_2/project_4/project_4.ip_user_files/bd/zynq7000_preset/ip/zynq7000_preset_microblaze_0_axi_intc_0/sim/zynq7000_preset_microblaze_0_axi_intc_0.vhd" into library xil_defaultlib
INFO: [VRFC 10-3107] analyzing entity 'zynq7000_preset_microblaze_0_axi_intc_0'
INFO: [VRFC 10-163] Analyzing VHDL file "D:/Ing_electronica_unal/7_semestre/digital_electronics_2/project_4/project_4.ip_user_files/bd/zynq7000_preset/ip/zynq7000_preset_mdm_1_0/sim/zynq7000_preset_mdm_1_0.vhd" into library xil_defaultlib
INFO: [VRFC 10-3107] analyzing entity 'zynq7000_preset_mdm_1_0'
INFO: [VRFC 10-163] Analyzing VHDL file "D:/Ing_electronica_unal/7_semestre/digital_electronics_2/project_4/project_4.ip_user_files/bd/zynq7000_preset/ip/zynq7000_preset_axi_timer_0_0/sim/zynq7000_preset_axi_timer_0_0.vhd" into library xil_defaultlib
INFO: [VRFC 10-3107] analyzing entity 'zynq7000_preset_axi_timer_0_0'
INFO: [VRFC 10-163] Analyzing VHDL file "D:/Ing_electronica_unal/7_semestre/digital_electronics_2/project_4/project_4.ip_user_files/bd/zynq7000_preset/ip/zynq7000_preset_axi_intc_0_0/sim/zynq7000_preset_axi_intc_0_0.vhd" into library xil_defaultlib
INFO: [VRFC 10-3107] analyzing entity 'zynq7000_preset_axi_intc_0_0'
